#
# There is insufficient memory for the Java Runtime Environment to continue.
# Native memory allocation (mmap) failed to map 32505856 bytes for Failed to commit area from 0x0000000089a00000 to 0x000000008b900000 of length 32505856.
# Possible reasons:
#   The system is out of physical RAM or swap space
#   The process is running with CompressedOops enabled, and the Java Heap may be blocking the growth of the native heap
# Possible solutions:
#   Reduce memory load on the system
#   Increase physical memory or swap space
#   Check if swap backing store is full
#   Decrease Java heap size (-Xmx/-Xms)
#   Decrease number of Java threads
#   Decrease Java thread stack sizes (-Xss)
#   Set larger code cache with -XX:ReservedCodeCacheSize=
#   JVM is running with Unscaled Compressed Oops mode in which the Java heap is
#     placed in the first 4GB address space. The Java Heap base address is the
#     maximum limit for the native heap growth. Please use -XX:HeapBaseMinAddress
#     to set the Java Heap base and to place the Java Heap above 4GB virtual address.
# This output file may be truncated or incomplete.
#
#  Out of Memory Error (./src/hotspot/os/windows/os_windows.cpp:3619), pid=6260, tid=9772
#
# JRE version: OpenJDK Runtime Environment (11.0.13) (build 11.0.13+0-b1751.21-8125866)
# Java VM: OpenJDK 64-Bit Server VM (11.0.13+0-b1751.21-8125866, mixed mode, tiered, compressed oops, g1 gc, windows-amd64)
# No core dump will be written. Minidumps are not enabled by default on client versions of Windows
#

---------------  S U M M A R Y ------------

Command Line: --add-opens=java.base/java.util=ALL-UNNAMED --add-opens=java.base/java.lang=ALL-UNNAMED --add-opens=java.base/java.lang.invoke=ALL-UNNAMED --add-opens=java.base/java.util=ALL-UNNAMED --add-opens=java.prefs/java.util.prefs=ALL-UNNAMED --add-opens=java.prefs/java.util.prefs=ALL-UNNAMED --add-opens=java.base/java.nio.charset=ALL-UNNAMED --add-opens=java.base/java.net=ALL-UNNAMED --add-opens=java.base/java.util.concurrent.atomic=ALL-UNNAMED -Xmx2048m -Dfile.encoding=UTF-8 -Duser.country=US -Duser.language=en -Duser.variant org.gradle.launcher.daemon.bootstrap.GradleDaemon 7.4

Host: Intel(R) Core(TM) i3-6006U CPU @ 2.00GHz, 4 cores, 7G,  Windows 10 , 64 bit Build 19041 (10.0.19041.2364)
Time: Tue Jan  3 00:14:43 2023 Malay Peninsula Standard Time elapsed time: 14.648917 seconds (0d 0h 0m 14s)

---------------  T H R E A D  ---------------

Current thread (0x000002443782b000):  VMThread "VM Thread" [stack: 0x0000005874600000,0x0000005874700000] [id=9772]

Stack: [0x0000005874600000,0x0000005874700000]
[error occurred during error reporting (printing stack bounds), id 0xc0000005, EXCEPTION_ACCESS_VIOLATION (0xc0000005) at pc=0x0000024420fd112d]

Native frames: (J=compiled Java code, j=interpreted, Vv=VM code, C=native code)
V  [jvm.dll+0x6100fa]
V  [jvm.dll+0x747090]
V  [jvm.dll+0x7486ad]
V  [jvm.dll+0x748ce5]
V  [jvm.dll+0x748c9b]
V  [jvm.dll+0x60f224]
V  [jvm.dll+0x60f9b8]
C  [ntdll.dll+0xa241f]
C  [ntdll.dll+0x514a4]
C  [ntdll.dll+0xa0f4e]
C  0x0000024420fd112d

VM_Operation (0x00000058759f4d40): G1CollectForAllocation, mode: safepoint, requested by thread 0x0000024439b3e800


---------------  P R O C E S S  ---------------

Threads class SMR info:
_java_thread_list=0x000002443efac6d0, length=78, elements={
0x000002441bcc2800, 0x000002443782f000, 0x0000024437834800, 0x000002443784f000,
0x0000024437852000, 0x0000024437856800, 0x000002443785b800, 0x000002443785d000,
0x0000024437862800, 0x0000024438304800, 0x000002443a2eb000, 0x000002443a59b800,
0x000002443a794000, 0x0000024439491000, 0x000002443b138800, 0x0000024439fd4800,
0x0000024439b3e800, 0x0000024439050800, 0x000002443a7ff800, 0x000002443a804000,
0x000002443a801800, 0x000002443a805000, 0x000002443a806000, 0x000002443a800000,
0x000002443a803800, 0x000002443a801000, 0x000002443a802800, 0x000002443b1c8000,
0x000002443b1c2000, 0x000002443b1c5800, 0x000002443b1c3000, 0x000002443b1c7000,
0x000002443b1c4800, 0x000002443b1c4000, 0x000002443b1c6800, 0x000002443b1ce800,
0x000002443b1cf800, 0x000002443b1d0000, 0x000002443b1ca800, 0x000002443b1d1000,
0x000002443b1cb000, 0x000002443b1cc000, 0x000002443b1cd800, 0x000002443b1cd000,
0x000002443b718800, 0x000002443b719800, 0x000002443b71c000, 0x000002443b716000,
0x000002443b71a800, 0x000002443b71b000, 0x000002443b71c800, 0x000002443b717000,
0x000002443b71d800, 0x000002443b718000, 0x000002443b721000, 0x000002443b724000,
0x000002443b721800, 0x000002443b722800, 0x000002443b71f000, 0x000002443b723000,
0x000002443b71e800, 0x000002443b725000, 0x000002443b720000, 0x000002443bf21000,
0x000002443bf26000, 0x000002443bf22000, 0x000002443bf23000, 0x000002443bf25800,
0x000002443bf20800, 0x000002443bf28800, 0x000002443bf24800, 0x000002443bf27000,
0x000002443bf27800, 0x000002443bf29800, 0x000002443bf23800, 0x000002443bf2c800,
0x000002443bf2f000, 0x000002443972c800
}

Java Threads: ( => current thread )
  0x000002441bcc2800 JavaThread "main" [_thread_blocked, id=12264, stack(0x0000005874000000,0x0000005874100000)]
  0x000002443782f000 JavaThread "Reference Handler" daemon [_thread_blocked, id=15124, stack(0x0000005874700000,0x0000005874800000)]
  0x0000024437834800 JavaThread "Finalizer" daemon [_thread_blocked, id=13136, stack(0x0000005874800000,0x0000005874900000)]
  0x000002443784f000 JavaThread "Signal Dispatcher" daemon [_thread_blocked, id=2908, stack(0x0000005874900000,0x0000005874a00000)]
  0x0000024437852000 JavaThread "Attach Listener" daemon [_thread_blocked, id=14076, stack(0x0000005874a00000,0x0000005874b00000)]
  0x0000024437856800 JavaThread "Service Thread" daemon [_thread_blocked, id=12152, stack(0x0000005874b00000,0x0000005874c00000)]
  0x000002443785b800 JavaThread "C2 CompilerThread0" daemon [_thread_blocked, id=1616, stack(0x0000005874c00000,0x0000005874d00000)]
  0x000002443785d000 JavaThread "C1 CompilerThread0" daemon [_thread_blocked, id=3140, stack(0x0000005874d00000,0x0000005874e00000)]
  0x0000024437862800 JavaThread "Sweeper thread" daemon [_thread_blocked, id=10396, stack(0x0000005874e00000,0x0000005874f00000)]
  0x0000024438304800 JavaThread "Common-Cleaner" daemon [_thread_blocked, id=13868, stack(0x0000005874f00000,0x0000005875000000)]
  0x000002443a2eb000 JavaThread "Daemon health stats" [_thread_blocked, id=6528, stack(0x0000005875400000,0x0000005875500000)]
  0x000002443a59b800 JavaThread "Incoming local TCP Connector on port 64957" [_thread_in_native, id=1504, stack(0x0000005875100000,0x0000005875200000)]
  0x000002443a794000 JavaThread "Daemon periodic checks" [_thread_blocked, id=15172, stack(0x0000005875500000,0x0000005875600000)]
  0x0000024439491000 JavaThread "Daemon" [_thread_blocked, id=6760, stack(0x0000005875600000,0x0000005875700000)]
  0x000002443b138800 JavaThread "Handler for socket connection from /127.0.0.1:64957 to /127.0.0.1:64958" [_thread_in_native, id=14864, stack(0x0000005875700000,0x0000005875800000)]
  0x0000024439fd4800 JavaThread "Cancel handler" [_thread_blocked, id=7924, stack(0x0000005875800000,0x0000005875900000)]
  0x0000024439b3e800 JavaThread "Daemon worker" [_thread_blocked, id=5292, stack(0x0000005875900000,0x0000005875a00000)]
  0x0000024439050800 JavaThread "Asynchronous log dispatcher for DefaultDaemonConnection: socket connection from /127.0.0.1:64957 to /127.0.0.1:64958" [_thread_blocked, id=8940, stack(0x0000005875a00000,0x0000005875b00000)]
  0x000002443a7ff800 JavaThread "Stdin handler" [_thread_blocked, id=6992, stack(0x0000005875b00000,0x0000005875c00000)]
  0x000002443a804000 JavaThread "Daemon client event forwarder" [_thread_blocked, id=12140, stack(0x0000005875c00000,0x0000005875d00000)]
  0x000002443a801800 JavaThread "Cache worker for journal cache (C:\Users\ASUS\.gradle\caches\journal-1)" [_thread_blocked, id=2616, stack(0x0000005875e00000,0x0000005875f00000)]
  0x000002443a805000 JavaThread "File lock request listener" [_thread_in_native, id=12016, stack(0x0000005875f00000,0x0000005876000000)]
  0x000002443a806000 JavaThread "Cache worker for file hash cache (C:\Users\ASUS\.gradle\caches\7.4\fileHashes)" [_thread_blocked, id=9148, stack(0x0000005876000000,0x0000005876100000)]
  0x000002443a800000 JavaThread "File watcher server" daemon [_thread_in_native, id=1400, stack(0x0000005876200000,0x0000005876300000)]
  0x000002443a803800 JavaThread "File watcher consumer" daemon [_thread_blocked, id=4608, stack(0x0000005876300000,0x0000005876400000)]
  0x000002443a801000 JavaThread "Cache worker for checksums cache (C:\Users\ASUS\AndroidStudioProjects\PendataanToko\.gradle\7.4\checksums)" [_thread_blocked, id=6404, stack(0x0000005876400000,0x0000005876500000)]
  0x000002443a802800 JavaThread "Cache worker for cache directory md-rule (C:\Users\ASUS\.gradle\caches\7.4\md-rule)" [_thread_blocked, id=444, stack(0x0000005876500000,0x0000005876600000)]
  0x000002443b1c8000 JavaThread "Cache worker for file hash cache (C:\Users\ASUS\AndroidStudioProjects\PendataanToko\.gradle\7.4\fileHashes)" [_thread_blocked, id=1428, stack(0x0000005876600000,0x0000005876700000)]
  0x000002443b1c2000 JavaThread "Cache worker for cache directory md-supplier (C:\Users\ASUS\.gradle\caches\7.4\md-supplier)" [_thread_blocked, id=10412, stack(0x0000005876700000,0x0000005876800000)]
  0x000002443b1c5800 JavaThread "Cache worker for execution history cache (C:\Users\ASUS\.gradle\caches\7.4\executionHistory)" [_thread_blocked, id=14956, stack(0x0000005876800000,0x0000005876900000)]
  0x000002443b1c3000 JavaThread "jar transforms" [_thread_blocked, id=14640, stack(0x0000005876900000,0x0000005876a00000)]
  0x000002443b1c7000 JavaThread "Cache worker for file content cache (C:\Users\ASUS\.gradle\caches\7.4\fileContent)" [_thread_blocked, id=340, stack(0x0000005876a00000,0x0000005876b00000)]
  0x000002443b1c4800 JavaThread "jar transforms Thread 2" [_thread_blocked, id=10796, stack(0x0000005876b00000,0x0000005876c00000)]
  0x000002443b1c4000 JavaThread "Cache worker for dependencies-accessors (C:\Users\ASUS\AndroidStudioProjects\PendataanToko\.gradle\7.4\dependencies-accessors)" [_thread_blocked, id=2176, stack(0x0000005876c00000,0x0000005876d00000)]
  0x000002443b1c6800 JavaThread "jar transforms Thread 3" [_thread_blocked, id=12936, stack(0x0000005876d00000,0x0000005876e00000)]
  0x000002443b1ce800 JavaThread "Cache worker for Build Output Cleanup Cache (C:\Users\ASUS\AndroidStudioProjects\PendataanToko\.gradle\buildOutputCleanup)" [_thread_blocked, id=11704, stack(0x0000005876e00000,0x0000005876f00000)]
  0x000002443b1cf800 JavaThread "Unconstrained build operations" [_thread_blocked, id=13288, stack(0x0000005876f00000,0x0000005877000000)]
  0x000002443b1d0000 JavaThread "Unconstrained build operations Thread 2" [_thread_blocked, id=2428, stack(0x0000005877000000,0x0000005877100000)]
  0x000002443b1ca800 JavaThread "Unconstrained build operations Thread 3" [_thread_blocked, id=13432, stack(0x0000005877100000,0x0000005877200000)]
  0x000002443b1d1000 JavaThread "Unconstrained build operations Thread 4" [_thread_blocked, id=6780, stack(0x0000005877200000,0x0000005877300000)]
  0x000002443b1cb000 JavaThread "Unconstrained build operations Thread 5" [_thread_blocked, id=10928, stack(0x0000005877300000,0x0000005877400000)]
  0x000002443b1cc000 JavaThread "Unconstrained build operations Thread 6" [_thread_blocked, id=9628, stack(0x0000005877400000,0x0000005877500000)]
  0x000002443b1cd800 JavaThread "Unconstrained build operations Thread 7" [_thread_blocked, id=2116, stack(0x0000005877500000,0x0000005877600000)]
  0x000002443b1cd000 JavaThread "Unconstrained build operations Thread 8" [_thread_blocked, id=10068, stack(0x0000005877600000,0x0000005877700000)]
  0x000002443b718800 JavaThread "Unconstrained build operations Thread 9" [_thread_blocked, id=11736, stack(0x0000005877700000,0x0000005877800000)]
  0x000002443b719800 JavaThread "Unconstrained build operations Thread 10" [_thread_blocked, id=12032, stack(0x0000005877800000,0x0000005877900000)]
  0x000002443b71c000 JavaThread "Unconstrained build operations Thread 11" [_thread_blocked, id=11352, stack(0x0000005877900000,0x0000005877a00000)]
  0x000002443b716000 JavaThread "Unconstrained build operations Thread 12" [_thread_blocked, id=12168, stack(0x0000005877a00000,0x0000005877b00000)]
  0x000002443b71a800 JavaThread "Unconstrained build operations Thread 13" [_thread_blocked, id=14660, stack(0x0000005877b00000,0x0000005877c00000)]
  0x000002443b71b000 JavaThread "Unconstrained build operations Thread 14" [_thread_blocked, id=13876, stack(0x0000005877c00000,0x0000005877d00000)]
  0x000002443b71c800 JavaThread "Unconstrained build operations Thread 15" [_thread_blocked, id=5088, stack(0x0000005877d00000,0x0000005877e00000)]
  0x000002443b717000 JavaThread "Unconstrained build operations Thread 16" [_thread_blocked, id=8004, stack(0x0000005877e00000,0x0000005877f00000)]
  0x000002443b71d800 JavaThread "Unconstrained build operations Thread 17" [_thread_blocked, id=9944, stack(0x0000005877f00000,0x0000005878000000)]
  0x000002443b718000 JavaThread "Unconstrained build operations Thread 18" [_thread_blocked, id=9896, stack(0x0000005878000000,0x0000005878100000)]
  0x000002443b721000 JavaThread "Unconstrained build operations Thread 19" [_thread_blocked, id=10120, stack(0x0000005878100000,0x0000005878200000)]
  0x000002443b724000 JavaThread "Unconstrained build operations Thread 20" [_thread_blocked, id=9812, stack(0x0000005878200000,0x0000005878300000)]
  0x000002443b721800 JavaThread "Unconstrained build operations Thread 21" [_thread_blocked, id=424, stack(0x0000005878300000,0x0000005878400000)]
  0x000002443b722800 JavaThread "Unconstrained build operations Thread 22" [_thread_blocked, id=3784, stack(0x0000005878400000,0x0000005878500000)]
  0x000002443b71f000 JavaThread "Unconstrained build operations Thread 23" [_thread_blocked, id=11020, stack(0x0000005878500000,0x0000005878600000)]
  0x000002443b723000 JavaThread "Unconstrained build operations Thread 24" [_thread_blocked, id=9548, stack(0x0000005878600000,0x0000005878700000)]
  0x000002443b71e800 JavaThread "Unconstrained build operations Thread 25" [_thread_blocked, id=348, stack(0x0000005878700000,0x0000005878800000)]
  0x000002443b725000 JavaThread "Unconstrained build operations Thread 26" [_thread_blocked, id=12280, stack(0x0000005878800000,0x0000005878900000)]
  0x000002443b720000 JavaThread "Unconstrained build operations Thread 27" [_thread_blocked, id=12268, stack(0x0000005878900000,0x0000005878a00000)]
  0x000002443bf21000 JavaThread "Unconstrained build operations Thread 28" [_thread_blocked, id=2120, stack(0x0000005878a00000,0x0000005878b00000)]
  0x000002443bf26000 JavaThread "Unconstrained build operations Thread 29" [_thread_blocked, id=14212, stack(0x0000005878b00000,0x0000005878c00000)]
  0x000002443bf22000 JavaThread "Unconstrained build operations Thread 30" [_thread_blocked, id=11068, stack(0x0000005878c00000,0x0000005878d00000)]
  0x000002443bf23000 JavaThread "Unconstrained build operations Thread 31" [_thread_blocked, id=12336, stack(0x0000005878d00000,0x0000005878e00000)]
  0x000002443bf25800 JavaThread "Unconstrained build operations Thread 32" [_thread_blocked, id=5132, stack(0x0000005878e00000,0x0000005878f00000)]
  0x000002443bf20800 JavaThread "Unconstrained build operations Thread 33" [_thread_blocked, id=9776, stack(0x0000005878f00000,0x0000005879000000)]
  0x000002443bf28800 JavaThread "Unconstrained build operations Thread 34" [_thread_blocked, id=6912, stack(0x0000005879000000,0x0000005879100000)]
  0x000002443bf24800 JavaThread "Unconstrained build operations Thread 35" [_thread_blocked, id=4628, stack(0x0000005879100000,0x0000005879200000)]
  0x000002443bf27000 JavaThread "Unconstrained build operations Thread 36" [_thread_blocked, id=3588, stack(0x0000005879200000,0x0000005879300000)]
  0x000002443bf27800 JavaThread "Unconstrained build operations Thread 37" [_thread_blocked, id=11956, stack(0x0000005879300000,0x0000005879400000)]
  0x000002443bf29800 JavaThread "Unconstrained build operations Thread 38" [_thread_blocked, id=14472, stack(0x0000005879400000,0x0000005879500000)]
  0x000002443bf23800 JavaThread "Unconstrained build operations Thread 39" [_thread_blocked, id=2700, stack(0x0000005879500000,0x0000005879600000)]
  0x000002443bf2c800 JavaThread "Unconstrained build operations Thread 40" [_thread_blocked, id=10824, stack(0x0000005879600000,0x0000005879700000)]
  0x000002443bf2f000 JavaThread "jar transforms Thread 4" [_thread_blocked, id=14264, stack(0x0000005879700000,0x0000005879800000)]
  0x000002443972c800 JavaThread "C2 CompilerThread1" daemon [_thread_blocked, id=14056, stack(0x0000005876100000,0x0000005876200000)]

Other Threads:
=>0x000002443782b000 VMThread "VM Thread" [stack: 0x0000005874600000,0x0000005874700000] [id=9772]
  0x0000024438320000 WatcherThread [stack: 0x0000005875000000,0x0000005875100000] [id=2580]
  0x000002441bcdb000 GCTaskThread "GC Thread#0" [stack: 0x0000005874100000,0x0000005874200000] [id=3764]
  0x0000024438ea1800 GCTaskThread "GC Thread#1" [stack: 0x0000005875200000,0x0000005875300000] [id=4844]
  0x000002443896e800 GCTaskThread "GC Thread#2" [stack: 0x0000005875300000,0x0000005875400000] [id=5436]
  0x000002443a974000 GCTaskThread "GC Thread#3" [stack: 0x0000005875d00000,0x0000005875e00000] [id=8932]
  0x000002441bd0c000 ConcurrentGCThread "G1 Main Marker" [stack: 0x0000005874200000,0x0000005874300000] [id=11208]
  0x000002441bd0d000 ConcurrentGCThread "G1 Conc#0" [stack: 0x0000005874300000,0x0000005874400000] [id=3300]
  0x000002441bd9c800 ConcurrentGCThread "G1 Refine#0" [stack: 0x0000005874400000,0x0000005874500000] [id=12476]
  0x000002441bd9d800 ConcurrentGCThread "G1 Young RemSet Sampling" [stack: 0x0000005874500000,0x0000005874600000] [id=1848]

Threads with active compile tasks:
C2 CompilerThread1  14679 5498       4       org.objectweb.asm.SymbolTable::addConstantUtf8Reference (101 bytes)

VM state:at safepoint (normal execution)

VM Mutex/Monitor currently owned by a thread:  ([mutex/lock_event])
[0x000002441bcbec90] Threads_lock - owner thread: 0x000002443782b000
[0x000002441bcbe660] Heap_lock - owner thread: 0x0000024439b3e800

Heap address: 0x0000000080000000, size: 2048 MB, Compressed Oops mode: 32-bit
Narrow klass base: 0x0000000000000000, Narrow klass shift: 3
Compressed class space size: 1073741824 Address: 0x0000000100000000

Heap:
 garbage-first heap   total 189440K, used 45258K [0x0000000080000000, 0x0000000100000000)
  region size 1024K, 12 young (12288K), 12 survivors (12288K)
 Metaspace       used 54729K, capacity 56125K, committed 56400K, reserved 1097728K
  class space    used 6898K, capacity 7431K, committed 7552K, reserved 1048576K
Heap Regions: E=young(eden), S=young(survivor), O=old, HS=humongous(starts), HC=humongous(continues), CS=collection set, F=free, A=archive, TAMS=top-at-mark-start (previous, next)
|   0|0x0000000080000000, 0x0000000080100000, 0x0000000080100000|100%|HS|  |TAMS 0x0000000080100000, 0x0000000080000000| Complete 
|   1|0x0000000080100000, 0x0000000080200000, 0x0000000080200000|100%|HC|  |TAMS 0x0000000080200000, 0x0000000080100000| Complete 
|   2|0x0000000080200000, 0x0000000080300000, 0x0000000080300000|100%|HC|  |TAMS 0x0000000080300000, 0x0000000080200000| Complete 
|   3|0x0000000080300000, 0x0000000080400000, 0x0000000080400000|100%| O|  |TAMS 0x0000000080400000, 0x0000000080300000| Untracked 
|   4|0x0000000080400000, 0x0000000080500000, 0x0000000080500000|100%| O|  |TAMS 0x0000000080500000, 0x0000000080400000| Untracked 
|   5|0x0000000080500000, 0x0000000080600000, 0x0000000080600000|100%| O|  |TAMS 0x0000000080600000, 0x0000000080500000| Untracked 
|   6|0x0000000080600000, 0x0000000080700000, 0x0000000080700000|100%| O|  |TAMS 0x0000000080700000, 0x0000000080600000| Untracked 
|   7|0x0000000080700000, 0x0000000080800000, 0x0000000080800000|100%| O|  |TAMS 0x0000000080800000, 0x0000000080700000| Untracked 
|   8|0x0000000080800000, 0x0000000080900000, 0x0000000080900000|100%| O|  |TAMS 0x0000000080900000, 0x0000000080800000| Untracked 
|   9|0x0000000080900000, 0x0000000080a00000, 0x0000000080a00000|100%| O|  |TAMS 0x0000000080a00000, 0x0000000080900000| Untracked 
|  10|0x0000000080a00000, 0x0000000080b00000, 0x0000000080b00000|100%| O|  |TAMS 0x0000000080b00000, 0x0000000080a00000| Untracked 
|  11|0x0000000080b00000, 0x0000000080c00000, 0x0000000080c00000|100%| O|  |TAMS 0x0000000080c00000, 0x0000000080b00000| Untracked 
|  12|0x0000000080c00000, 0x0000000080d00000, 0x0000000080d00000|100%| O|  |TAMS 0x0000000080d00000, 0x0000000080c00000| Untracked 
|  13|0x0000000080d00000, 0x0000000080e00000, 0x0000000080e00000|100%| O|  |TAMS 0x0000000080e00000, 0x0000000080d00000| Untracked 
|  14|0x0000000080e00000, 0x0000000080f00000, 0x0000000080f00000|100%| O|  |TAMS 0x0000000080f00000, 0x0000000080e00000| Untracked 
|  15|0x0000000080f00000, 0x0000000081000000, 0x0000000081000000|100%| O|  |TAMS 0x0000000080f79000, 0x0000000080f00000| Untracked 
|  16|0x0000000081000000, 0x0000000081100000, 0x0000000081100000|100%|HS|  |TAMS 0x0000000081000000, 0x0000000081000000| Complete 
|  17|0x0000000081100000, 0x0000000081200000, 0x0000000081200000|100%| O|  |TAMS 0x0000000081100000, 0x0000000081100000| Untracked 
|  18|0x0000000081200000, 0x0000000081300000, 0x0000000081300000|100%| O|  |TAMS 0x0000000081200000, 0x0000000081200000| Untracked 
|  19|0x0000000081300000, 0x0000000081400000, 0x0000000081400000|100%| O|  |TAMS 0x0000000081300000, 0x0000000081300000| Untracked 
|  20|0x0000000081400000, 0x0000000081500000, 0x0000000081500000|100%| O|  |TAMS 0x0000000081400000, 0x0000000081400000| Untracked 
|  21|0x0000000081500000, 0x0000000081600000, 0x0000000081600000|100%| O|  |TAMS 0x0000000081500000, 0x0000000081500000| Untracked 
|  22|0x0000000081600000, 0x0000000081700000, 0x0000000081700000|100%| O|  |TAMS 0x0000000081600000, 0x0000000081600000| Untracked 
|  23|0x0000000081700000, 0x0000000081800000, 0x0000000081800000|100%| O|  |TAMS 0x0000000081700000, 0x0000000081700000| Untracked 
|  24|0x0000000081800000, 0x0000000081900000, 0x0000000081900000|100%|HS|  |TAMS 0x0000000081800000, 0x0000000081800000| Complete 
|  25|0x0000000081900000, 0x0000000081900000, 0x0000000081a00000|  0%| F|  |TAMS 0x0000000081900000, 0x0000000081900000| Untracked 
|  26|0x0000000081a00000, 0x0000000081b00000, 0x0000000081b00000|100%|HS|  |TAMS 0x0000000081a00000, 0x0000000081a00000| Complete 
|  27|0x0000000081b00000, 0x0000000081c00000, 0x0000000081c00000|100%|HC|  |TAMS 0x0000000081b00000, 0x0000000081b00000| Complete 
|  28|0x0000000081c00000, 0x0000000081d00000, 0x0000000081d00000|100%| O|  |TAMS 0x0000000081c00000, 0x0000000081c00000| Untracked 
|  29|0x0000000081d00000, 0x0000000081e00000, 0x0000000081e00000|100%| O|  |TAMS 0x0000000081d00000, 0x0000000081d00000| Untracked 
|  30|0x0000000081e00000, 0x0000000081f00000, 0x0000000081f00000|100%| O|  |TAMS 0x0000000081e00000, 0x0000000081e00000| Untracked 
|  31|0x0000000081f00000, 0x0000000082000000, 0x0000000082000000|100%| O|  |TAMS 0x0000000081f00000, 0x0000000081f00000| Untracked 
|  32|0x0000000082000000, 0x0000000082100000, 0x0000000082100000|100%| O|  |TAMS 0x0000000082000000, 0x0000000082000000| Untracked 
|  33|0x0000000082100000, 0x0000000082132800, 0x0000000082200000| 19%| O|  |TAMS 0x0000000082100000, 0x0000000082100000| Untracked 
|  34|0x0000000082200000, 0x0000000082200000, 0x0000000082300000|  0%| F|  |TAMS 0x0000000082200000, 0x0000000082200000| Untracked 
|  35|0x0000000082300000, 0x0000000082300000, 0x0000000082400000|  0%| F|  |TAMS 0x0000000082300000, 0x0000000082300000| Untracked 
|  36|0x0000000082400000, 0x0000000082400000, 0x0000000082500000|  0%| F|  |TAMS 0x0000000082400000, 0x0000000082400000| Untracked 
|  37|0x0000000082500000, 0x0000000082500000, 0x0000000082600000|  0%| F|  |TAMS 0x0000000082500000, 0x0000000082500000| Untracked 
|  38|0x0000000082600000, 0x0000000082600000, 0x0000000082700000|  0%| F|  |TAMS 0x0000000082600000, 0x0000000082600000| Untracked 
|  39|0x0000000082700000, 0x0000000082700000, 0x0000000082800000|  0%| F|  |TAMS 0x0000000082700000, 0x0000000082700000| Untracked 
|  40|0x0000000082800000, 0x0000000082800000, 0x0000000082900000|  0%| F|  |TAMS 0x0000000082800000, 0x0000000082800000| Untracked 
|  41|0x0000000082900000, 0x0000000082900000, 0x0000000082a00000|  0%| F|  |TAMS 0x0000000082900000, 0x0000000082900000| Untracked 
|  42|0x0000000082a00000, 0x0000000082a00000, 0x0000000082b00000|  0%| F|  |TAMS 0x0000000082a00000, 0x0000000082a00000| Untracked 
|  43|0x0000000082b00000, 0x0000000082b00000, 0x0000000082c00000|  0%| F|  |TAMS 0x0000000082b00000, 0x0000000082b00000| Untracked 
|  44|0x0000000082c00000, 0x0000000082c00000, 0x0000000082d00000|  0%| F|  |TAMS 0x0000000082c00000, 0x0000000082c00000| Untracked 
|  45|0x0000000082d00000, 0x0000000082d00000, 0x0000000082e00000|  0%| F|  |TAMS 0x0000000082d00000, 0x0000000082d00000| Untracked 
|  46|0x0000000082e00000, 0x0000000082e00000, 0x0000000082f00000|  0%| F|  |TAMS 0x0000000082e00000, 0x0000000082e00000| Untracked 
|  47|0x0000000082f00000, 0x0000000082f00000, 0x0000000083000000|  0%| F|  |TAMS 0x0000000082f00000, 0x0000000082f00000| Untracked 
|  48|0x0000000083000000, 0x0000000083000000, 0x0000000083100000|  0%| F|  |TAMS 0x0000000083000000, 0x0000000083000000| Untracked 
|  49|0x0000000083100000, 0x0000000083100000, 0x0000000083200000|  0%| F|  |TAMS 0x0000000083100000, 0x0000000083100000| Untracked 
|  50|0x0000000083200000, 0x0000000083200000, 0x0000000083300000|  0%| F|  |TAMS 0x0000000083200000, 0x0000000083200000| Untracked 
|  51|0x0000000083300000, 0x0000000083300000, 0x0000000083400000|  0%| F|  |TAMS 0x0000000083300000, 0x0000000083300000| Untracked 
|  52|0x0000000083400000, 0x0000000083500000, 0x0000000083500000|100%| S|CS|TAMS 0x0000000083400000, 0x0000000083400000| Complete 
|  53|0x0000000083500000, 0x0000000083600000, 0x0000000083600000|100%| S|CS|TAMS 0x0000000083500000, 0x0000000083500000| Complete 
|  54|0x0000000083600000, 0x0000000083600000, 0x0000000083700000|  0%| F|  |TAMS 0x0000000083600000, 0x0000000083600000| Untracked 
|  55|0x0000000083700000, 0x0000000083700000, 0x0000000083800000|  0%| F|  |TAMS 0x0000000083700000, 0x0000000083700000| Untracked 
|  56|0x0000000083800000, 0x0000000083800000, 0x0000000083900000|  0%| F|  |TAMS 0x0000000083800000, 0x0000000083800000| Untracked 
|  57|0x0000000083900000, 0x0000000083900000, 0x0000000083a00000|  0%| F|  |TAMS 0x0000000083900000, 0x0000000083900000| Untracked 
|  58|0x0000000083a00000, 0x0000000083a00000, 0x0000000083b00000|  0%| F|  |TAMS 0x0000000083a00000, 0x0000000083a00000| Untracked 
|  59|0x0000000083b00000, 0x0000000083b00000, 0x0000000083c00000|  0%| F|  |TAMS 0x0000000083b00000, 0x0000000083b00000| Untracked 
|  60|0x0000000083c00000, 0x0000000083d00000, 0x0000000083d00000|100%| S|CS|TAMS 0x0000000083c00000, 0x0000000083c00000| Complete 
|  61|0x0000000083d00000, 0x0000000083e00000, 0x0000000083e00000|100%| S|CS|TAMS 0x0000000083d00000, 0x0000000083d00000| Complete 
|  62|0x0000000083e00000, 0x0000000083f00000, 0x0000000083f00000|100%| S|CS|TAMS 0x0000000083e00000, 0x0000000083e00000| Complete 
|  63|0x0000000083f00000, 0x0000000084000000, 0x0000000084000000|100%| S|CS|TAMS 0x0000000083f00000, 0x0000000083f00000| Complete 
|  64|0x0000000084000000, 0x0000000084100000, 0x0000000084100000|100%| S|CS|TAMS 0x0000000084000000, 0x0000000084000000| Complete 
|  65|0x0000000084100000, 0x0000000084200000, 0x0000000084200000|100%| S|CS|TAMS 0x0000000084100000, 0x0000000084100000| Complete 
|  66|0x0000000084200000, 0x0000000084300000, 0x0000000084300000|100%| S|CS|TAMS 0x0000000084200000, 0x0000000084200000| Complete 
|  67|0x0000000084300000, 0x0000000084400000, 0x0000000084400000|100%| S|CS|TAMS 0x0000000084300000, 0x0000000084300000| Complete 
|  68|0x0000000084400000, 0x0000000084500000, 0x0000000084500000|100%| S|CS|TAMS 0x0000000084400000, 0x0000000084400000| Complete 
|  69|0x0000000084500000, 0x0000000084600000, 0x0000000084600000|100%| S|CS|TAMS 0x0000000084500000, 0x0000000084500000| Complete 
|  70|0x0000000084600000, 0x0000000084600000, 0x0000000084700000|  0%| F|  |TAMS 0x0000000084600000, 0x0000000084600000| Untracked 
|  71|0x0000000084700000, 0x0000000084700000, 0x0000000084800000|  0%| F|  |TAMS 0x0000000084700000, 0x0000000084700000| Untracked 
|  72|0x0000000084800000, 0x0000000084800000, 0x0000000084900000|  0%| F|  |TAMS 0x0000000084800000, 0x0000000084800000| Untracked 
|  73|0x0000000084900000, 0x0000000084900000, 0x0000000084a00000|  0%| F|  |TAMS 0x0000000084900000, 0x0000000084900000| Untracked 
|  74|0x0000000084a00000, 0x0000000084a00000, 0x0000000084b00000|  0%| F|  |TAMS 0x0000000084a00000, 0x0000000084a00000| Untracked 
|  75|0x0000000084b00000, 0x0000000084b00000, 0x0000000084c00000|  0%| F|  |TAMS 0x0000000084b00000, 0x0000000084b00000| Untracked 
|  76|0x0000000084c00000, 0x0000000084c00000, 0x0000000084d00000|  0%| F|  |TAMS 0x0000000084c00000, 0x0000000084c00000| Untracked 
|  77|0x0000000084d00000, 0x0000000084d00000, 0x0000000084e00000|  0%| F|  |TAMS 0x0000000084d00000, 0x0000000084d00000| Untracked 
|  78|0x0000000084e00000, 0x0000000084e00000, 0x0000000084f00000|  0%| F|  |TAMS 0x0000000084e00000, 0x0000000084e00000| Untracked 
|  79|0x0000000084f00000, 0x0000000084f00000, 0x0000000085000000|  0%| F|  |TAMS 0x0000000084f00000, 0x0000000084f00000| Untracked 
|  80|0x0000000085000000, 0x0000000085000000, 0x0000000085100000|  0%| F|  |TAMS 0x0000000085000000, 0x0000000085000000| Untracked 
|  81|0x0000000085100000, 0x0000000085100000, 0x0000000085200000|  0%| F|  |TAMS 0x0000000085100000, 0x0000000085100000| Untracked 
|  82|0x0000000085200000, 0x0000000085200000, 0x0000000085300000|  0%| F|  |TAMS 0x0000000085200000, 0x0000000085200000| Untracked 
|  83|0x0000000085300000, 0x0000000085300000, 0x0000000085400000|  0%| F|  |TAMS 0x0000000085300000, 0x0000000085300000| Untracked 
|  84|0x0000000085400000, 0x0000000085400000, 0x0000000085500000|  0%| F|  |TAMS 0x0000000085400000, 0x0000000085400000| Untracked 
|  85|0x0000000085500000, 0x0000000085500000, 0x0000000085600000|  0%| F|  |TAMS 0x0000000085500000, 0x0000000085500000| Untracked 
|  86|0x0000000085600000, 0x0000000085600000, 0x0000000085700000|  0%| F|  |TAMS 0x0000000085600000, 0x0000000085600000| Untracked 
|  87|0x0000000085700000, 0x0000000085700000, 0x0000000085800000|  0%| F|  |TAMS 0x0000000085700000, 0x0000000085700000| Untracked 
|  88|0x0000000085800000, 0x0000000085800000, 0x0000000085900000|  0%| F|  |TAMS 0x0000000085800000, 0x0000000085800000| Untracked 
|  89|0x0000000085900000, 0x0000000085900000, 0x0000000085a00000|  0%| F|  |TAMS 0x0000000085900000, 0x0000000085900000| Untracked 
|  90|0x0000000085a00000, 0x0000000085a00000, 0x0000000085b00000|  0%| F|  |TAMS 0x0000000085a00000, 0x0000000085a00000| Untracked 
|  91|0x0000000085b00000, 0x0000000085b00000, 0x0000000085c00000|  0%| F|  |TAMS 0x0000000085b00000, 0x0000000085b00000| Untracked 
|  92|0x0000000085c00000, 0x0000000085c00000, 0x0000000085d00000|  0%| F|  |TAMS 0x0000000085c00000, 0x0000000085c00000| Untracked 
|  93|0x0000000085d00000, 0x0000000085d00000, 0x0000000085e00000|  0%| F|  |TAMS 0x0000000085d00000, 0x0000000085d00000| Untracked 
|  94|0x0000000085e00000, 0x0000000085e00000, 0x0000000085f00000|  0%| F|  |TAMS 0x0000000085e00000, 0x0000000085e00000| Untracked 
|  95|0x0000000085f00000, 0x0000000085f00000, 0x0000000086000000|  0%| F|  |TAMS 0x0000000085f00000, 0x0000000085f00000| Untracked 
|  96|0x0000000086000000, 0x0000000086000000, 0x0000000086100000|  0%| F|  |TAMS 0x0000000086000000, 0x0000000086000000| Untracked 
|  97|0x0000000086100000, 0x0000000086100000, 0x0000000086200000|  0%| F|  |TAMS 0x0000000086100000, 0x0000000086100000| Untracked 
|  98|0x0000000086200000, 0x0000000086200000, 0x0000000086300000|  0%| F|  |TAMS 0x0000000086200000, 0x0000000086200000| Untracked 
|  99|0x0000000086300000, 0x0000000086300000, 0x0000000086400000|  0%| F|  |TAMS 0x0000000086300000, 0x0000000086300000| Untracked 
| 100|0x0000000086400000, 0x0000000086400000, 0x0000000086500000|  0%| F|  |TAMS 0x0000000086400000, 0x0000000086400000| Untracked 
| 101|0x0000000086500000, 0x0000000086500000, 0x0000000086600000|  0%| F|  |TAMS 0x0000000086500000, 0x0000000086500000| Untracked 
| 102|0x0000000086600000, 0x0000000086600000, 0x0000000086700000|  0%| F|  |TAMS 0x0000000086600000, 0x0000000086600000| Untracked 
| 103|0x0000000086700000, 0x0000000086700000, 0x0000000086800000|  0%| F|  |TAMS 0x0000000086700000, 0x0000000086700000| Untracked 
| 104|0x0000000086800000, 0x0000000086800000, 0x0000000086900000|  0%| F|  |TAMS 0x0000000086800000, 0x0000000086800000| Untracked 
| 105|0x0000000086900000, 0x0000000086900000, 0x0000000086a00000|  0%| F|  |TAMS 0x0000000086900000, 0x0000000086900000| Untracked 
| 106|0x0000000086a00000, 0x0000000086a00000, 0x0000000086b00000|  0%| F|  |TAMS 0x0000000086a00000, 0x0000000086a00000| Untracked 
| 107|0x0000000086b00000, 0x0000000086b00000, 0x0000000086c00000|  0%| F|  |TAMS 0x0000000086b00000, 0x0000000086b00000| Untracked 
| 108|0x0000000086c00000, 0x0000000086c00000, 0x0000000086d00000|  0%| F|  |TAMS 0x0000000086c00000, 0x0000000086c00000| Untracked 
| 109|0x0000000086d00000, 0x0000000086d00000, 0x0000000086e00000|  0%| F|  |TAMS 0x0000000086d00000, 0x0000000086d00000| Untracked 
| 110|0x0000000086e00000, 0x0000000086e00000, 0x0000000086f00000|  0%| F|  |TAMS 0x0000000086e00000, 0x0000000086e00000| Untracked 
| 111|0x0000000086f00000, 0x0000000086f00000, 0x0000000087000000|  0%| F|  |TAMS 0x0000000086f00000, 0x0000000086f00000| Untracked 
| 112|0x0000000087000000, 0x0000000087000000, 0x0000000087100000|  0%| F|  |TAMS 0x0000000087000000, 0x0000000087000000| Untracked 
| 113|0x0000000087100000, 0x0000000087100000, 0x0000000087200000|  0%| F|  |TAMS 0x0000000087100000, 0x0000000087100000| Untracked 
| 114|0x0000000087200000, 0x0000000087200000, 0x0000000087300000|  0%| F|  |TAMS 0x0000000087200000, 0x0000000087200000| Untracked 
| 115|0x0000000087300000, 0x0000000087300000, 0x0000000087400000|  0%| F|  |TAMS 0x0000000087300000, 0x0000000087300000| Untracked 
| 116|0x0000000087400000, 0x0000000087400000, 0x0000000087500000|  0%| F|  |TAMS 0x0000000087400000, 0x0000000087400000| Untracked 
| 117|0x0000000087500000, 0x0000000087500000, 0x0000000087600000|  0%| F|  |TAMS 0x0000000087500000, 0x0000000087500000| Untracked 
| 118|0x0000000087600000, 0x0000000087600000, 0x0000000087700000|  0%| F|  |TAMS 0x0000000087600000, 0x0000000087600000| Untracked 
| 119|0x0000000087700000, 0x0000000087700000, 0x0000000087800000|  0%| F|  |TAMS 0x0000000087700000, 0x0000000087700000| Untracked 
| 120|0x0000000087800000, 0x0000000087800000, 0x0000000087900000|  0%| F|  |TAMS 0x0000000087800000, 0x0000000087800000| Untracked 
| 121|0x0000000087900000, 0x0000000087900000, 0x0000000087a00000|  0%| F|  |TAMS 0x0000000087900000, 0x0000000087900000| Untracked 
| 122|0x0000000087a00000, 0x0000000087a00000, 0x0000000087b00000|  0%| F|  |TAMS 0x0000000087a00000, 0x0000000087a00000| Untracked 
| 123|0x0000000087b00000, 0x0000000087b00000, 0x0000000087c00000|  0%| F|  |TAMS 0x0000000087b00000, 0x0000000087b00000| Untracked 
| 124|0x0000000087c00000, 0x0000000087c00000, 0x0000000087d00000|  0%| F|  |TAMS 0x0000000087c00000, 0x0000000087c00000| Untracked 
| 125|0x0000000087d00000, 0x0000000087d00000, 0x0000000087e00000|  0%| F|  |TAMS 0x0000000087d00000, 0x0000000087d00000| Untracked 
| 126|0x0000000087e00000, 0x0000000087e00000, 0x0000000087f00000|  0%| F|  |TAMS 0x0000000087e00000, 0x0000000087e00000| Untracked 
| 127|0x0000000087f00000, 0x0000000087f00000, 0x0000000088000000|  0%| F|  |TAMS 0x0000000087f00000, 0x0000000087f00000| Untracked 
| 128|0x0000000088000000, 0x0000000088000000, 0x0000000088100000|  0%| F|  |TAMS 0x0000000088000000, 0x0000000088000000| Untracked 
| 129|0x0000000088100000, 0x0000000088100000, 0x0000000088200000|  0%| F|  |TAMS 0x0000000088100000, 0x0000000088100000| Untracked 
| 130|0x0000000088200000, 0x0000000088200000, 0x0000000088300000|  0%| F|  |TAMS 0x0000000088200000, 0x0000000088200000| Untracked 
| 131|0x0000000088300000, 0x0000000088300000, 0x0000000088400000|  0%| F|  |TAMS 0x0000000088300000, 0x0000000088300000| Untracked 
| 132|0x0000000088400000, 0x0000000088400000, 0x0000000088500000|  0%| F|  |TAMS 0x0000000088400000, 0x0000000088400000| Untracked 
| 133|0x0000000088500000, 0x0000000088500000, 0x0000000088600000|  0%| F|  |TAMS 0x0000000088500000, 0x0000000088500000| Untracked 
| 134|0x0000000088600000, 0x0000000088600000, 0x0000000088700000|  0%| F|  |TAMS 0x0000000088600000, 0x0000000088600000| Untracked 
| 135|0x0000000088700000, 0x0000000088700000, 0x0000000088800000|  0%| F|  |TAMS 0x0000000088700000, 0x0000000088700000| Untracked 
| 136|0x0000000088800000, 0x0000000088800000, 0x0000000088900000|  0%| F|  |TAMS 0x0000000088800000, 0x0000000088800000| Untracked 
| 137|0x0000000088900000, 0x0000000088900000, 0x0000000088a00000|  0%| F|  |TAMS 0x0000000088900000, 0x0000000088900000| Untracked 
| 138|0x0000000088a00000, 0x0000000088a00000, 0x0000000088b00000|  0%| F|  |TAMS 0x0000000088a00000, 0x0000000088a00000| Untracked 
| 139|0x0000000088b00000, 0x0000000088b00000, 0x0000000088c00000|  0%| F|  |TAMS 0x0000000088b00000, 0x0000000088b00000| Untracked 
| 140|0x0000000088c00000, 0x0000000088c00000, 0x0000000088d00000|  0%| F|  |TAMS 0x0000000088c00000, 0x0000000088c00000| Untracked 
| 141|0x0000000088d00000, 0x0000000088d00000, 0x0000000088e00000|  0%| F|  |TAMS 0x0000000088d00000, 0x0000000088d00000| Untracked 
| 142|0x0000000088e00000, 0x0000000088e00000, 0x0000000088f00000|  0%| F|  |TAMS 0x0000000088e00000, 0x0000000088e00000| Untracked 
| 143|0x0000000088f00000, 0x0000000088f00000, 0x0000000089000000|  0%| F|  |TAMS 0x0000000088f00000, 0x0000000088f00000| Untracked 
| 144|0x0000000089000000, 0x0000000089000000, 0x0000000089100000|  0%| F|  |TAMS 0x0000000089000000, 0x0000000089000000| Untracked 
| 145|0x0000000089100000, 0x0000000089100000, 0x0000000089200000|  0%| F|  |TAMS 0x0000000089100000, 0x0000000089100000| Untracked 
| 146|0x0000000089200000, 0x0000000089200000, 0x0000000089300000|  0%| F|  |TAMS 0x0000000089200000, 0x0000000089200000| Untracked 
| 147|0x0000000089300000, 0x0000000089300000, 0x0000000089400000|  0%| F|  |TAMS 0x0000000089300000, 0x0000000089300000| Untracked 
| 148|0x0000000089400000, 0x0000000089400000, 0x0000000089500000|  0%| F|  |TAMS 0x0000000089400000, 0x0000000089400000| Untracked 
| 149|0x0000000089500000, 0x0000000089500000, 0x0000000089600000|  0%| F|  |TAMS 0x0000000089500000, 0x0000000089500000| Untracked 
| 150|0x0000000089600000, 0x0000000089600000, 0x0000000089700000|  0%| F|  |TAMS 0x0000000089600000, 0x0000000089600000| Untracked 
| 151|0x0000000089700000, 0x0000000089700000, 0x0000000089800000|  0%| F|  |TAMS 0x0000000089700000, 0x0000000089700000| Untracked 
| 152|0x0000000089800000, 0x0000000089800000, 0x0000000089900000|  0%| F|  |TAMS 0x0000000089800000, 0x0000000089800000| Untracked 
| 153|0x0000000089900000, 0x0000000089900000, 0x0000000089a00000|  0%| F|  |TAMS 0x0000000089900000, 0x0000000089900000| Untracked 

Card table byte_map: [0x00000244309f0000,0x0000024430df0000] _byte_map_base: 0x00000244305f0000

Marking Bits (Prev, Next): (CMBitMap*) 0x000002441bd03418, (CMBitMap*) 0x000002441bd03450
 Prev Bits: [0x00000244311f0000, 0x00000244331f0000)
 Next Bits: [0x00000244331f0000, 0x00000244351f0000)

Polling page: 0x000002441bda0000

Metaspace:

Usage:
  Non-class:     47.55 MB capacity,    46.71 MB ( 98%) used,   720.25 KB (  1%) free+waste,   142.75 KB ( <1%) overhead. 
      Class:      7.26 MB capacity,     6.74 MB ( 93%) used,   464.83 KB (  6%) free+waste,    67.63 KB ( <1%) overhead. 
       Both:     54.81 MB capacity,    53.45 MB ( 98%) used,     1.16 MB (  2%) free+waste,   210.38 KB ( <1%) overhead. 

Virtual space:
  Non-class space:       48.00 MB reserved,      47.70 MB (>99%) committed 
      Class space:        1.00 GB reserved,       7.38 MB ( <1%) committed 
             Both:        1.05 GB reserved,      55.08 MB (  5%) committed 

Chunk freelists:
   Non-Class:  26.00 KB
       Class:  25.00 KB
        Both:  51.00 KB

MaxMetaspaceSize: 17179869184.00 GB
CompressedClassSpaceSize: 1.00 GB
Initial GC threshold: 20.80 MB
Current GC threshold: 59.09 MB
CDS: off

CodeHeap 'non-profiled nmethods': size=120064Kb used=3067Kb max_used=3067Kb free=116996Kb
 bounds [0x0000024428a90000, 0x0000024428d90000, 0x000002442ffd0000]
CodeHeap 'profiled nmethods': size=120000Kb used=11066Kb max_used=11066Kb free=108933Kb
 bounds [0x0000024421560000, 0x0000024422030000, 0x0000024428a90000]
CodeHeap 'non-nmethods': size=5696Kb used=2311Kb max_used=2346Kb free=3384Kb
 bounds [0x0000024420fd0000, 0x0000024421240000, 0x0000024421560000]
 total_blobs=6281 nmethods=5465 adapters=727
 compilation: enabled
              stopped_count=0, restarted_count=0
 full_count=0

Compilation events (20 events):
Event: 14.535 Thread 0x000002443785d000 nmethod 5493 0x000002442202ae90 code [0x000002442202b180, 0x000002442202c2a8]
Event: 14.535 Thread 0x000002443785d000 5494       3       com.google.common.collect.ImmutableMap::copyOf (58 bytes)
Event: 14.536 Thread 0x000002443785d000 nmethod 5494 0x000002442202c790 code [0x000002442202c9c0, 0x000002442202d258]
Event: 14.543 Thread 0x000002443785d000 5495       3       org.gradle.internal.instantiation.generator.AsmBackedClassGenerator::getServicesForNext (13 bytes)
Event: 14.544 Thread 0x000002443785d000 nmethod 5495 0x000002442202d410 code [0x000002442202d5e0, 0x000002442202d868]
Event: 14.565 Thread 0x000002443785d000 5496       3       com.google.common.collect.ImmutableSet::builder (8 bytes)
Event: 14.565 Thread 0x000002443785d000 nmethod 5496 0x000002442202d990 code [0x000002442202db80, 0x000002442202df48]
Event: 14.568 Thread 0x000002443785b800 5497       4       org.objectweb.asm.Frame::merge (322 bytes)
Event: 14.568 Thread 0x000002443972c800 5498       4       org.objectweb.asm.SymbolTable::addConstantUtf8Reference (101 bytes)
Event: 14.568 Thread 0x000002443785d000 5499       1       org.gradle.internal.instantiation.generator.AbstractClassGenerator$MethodMetadata::getGenericReturnType (5 bytes)
Event: 14.568 Thread 0x000002443785d000 nmethod 5499 0x0000024428d8dd10 code [0x0000024428d8dec0, 0x0000024428d8df78]
Event: 14.572 Thread 0x000002443785b800 nmethod 5497 0x0000024428d8e010 code [0x0000024428d8e1c0, 0x0000024428d8e408]
Event: 14.577 Thread 0x000002443785d000 5500       3       org.gradle.internal.event.AbstractBroadcastDispatch::<init> (10 bytes)
Event: 14.578 Thread 0x000002443785d000 nmethod 5500 0x000002442202e110 code [0x000002442202e2c0, 0x000002442202e478]
Event: 14.585 Thread 0x000002443785d000 5501       3       com.google.common.collect.SingletonImmutableSet::iterator (8 bytes)
Event: 14.585 Thread 0x000002443785d000 nmethod 5501 0x000002442202e510 code [0x000002442202e6e0, 0x000002442202ea18]
Event: 14.592 Thread 0x000002443785b800 5502       4       org.objectweb.asm.Frame::pop (44 bytes)
Event: 14.593 Thread 0x000002443785b800 nmethod 5502 0x0000024428d8e610 code [0x0000024428d8e7a0, 0x0000024428d8e838]
Event: 14.593 Thread 0x000002443785b800 5503       4       org.objectweb.asm.ByteVector::putInt (74 bytes)
Event: 14.597 Thread 0x000002443785b800 nmethod 5503 0x0000024428d8e910 code [0x0000024428d8eac0, 0x0000024428d8ec68]

GC Heap History (19 events):
Event: 0.868 GC heap before
{Heap before GC invocations=0 (full 0):
 garbage-first heap   total 131072K, used 17408K [0x0000000080000000, 0x0000000100000000)
  region size 1024K, 14 young (14336K), 0 survivors (0K)
 Metaspace       used 6732K, capacity 6929K, committed 7168K, reserved 1056768K
  class space    used 572K, capacity 650K, committed 768K, reserved 1048576K
}
Event: 0.885 GC heap after
{Heap after GC invocations=1 (full 0):
 garbage-first heap   total 131072K, used 4361K [0x0000000080000000, 0x0000000100000000)
  region size 1024K, 2 young (2048K), 2 survivors (2048K)
 Metaspace       used 6732K, capacity 6929K, committed 7168K, reserved 1056768K
  class space    used 572K, capacity 650K, committed 768K, reserved 1048576K
}
Event: 1.457 GC heap before
{Heap before GC invocations=1 (full 0):
 garbage-first heap   total 131072K, used 18697K [0x0000000080000000, 0x0000000100000000)
  region size 1024K, 13 young (13312K), 2 survivors (2048K)
 Metaspace       used 9867K, capacity 10122K, committed 10368K, reserved 1058816K
  class space    used 1011K, capacity 1102K, committed 1152K, reserved 1048576K
}
Event: 1.463 GC heap after
{Heap after GC invocations=2 (full 0):
 garbage-first heap   total 131072K, used 9244K [0x0000000080000000, 0x0000000100000000)
  region size 1024K, 2 young (2048K), 2 survivors (2048K)
 Metaspace       used 9867K, capacity 10122K, committed 10368K, reserved 1058816K
  class space    used 1011K, capacity 1102K, committed 1152K, reserved 1048576K
}
Event: 2.250 GC heap before
{Heap before GC invocations=2 (full 0):
 garbage-first heap   total 131072K, used 36892K [0x0000000080000000, 0x0000000100000000)
  region size 1024K, 29 young (29696K), 2 survivors (2048K)
 Metaspace       used 10851K, capacity 11078K, committed 11264K, reserved 1058816K
  class space    used 1112K, capacity 1207K, committed 1280K, reserved 1048576K
}
Event: 2.255 GC heap after
{Heap after GC invocations=3 (full 0):
 garbage-first heap   total 131072K, used 10651K [0x0000000080000000, 0x0000000100000000)
  region size 1024K, 4 young (4096K), 4 survivors (4096K)
 Metaspace       used 10851K, capacity 11078K, committed 11264K, reserved 1058816K
  class space    used 1112K, capacity 1207K, committed 1280K, reserved 1048576K
}
Event: 4.600 GC heap before
{Heap before GC invocations=3 (full 0):
 garbage-first heap   total 131072K, used 52635K [0x0000000080000000, 0x0000000100000000)
  region size 1024K, 44 young (45056K), 4 survivors (4096K)
 Metaspace       used 17207K, capacity 17561K, committed 17792K, reserved 1064960K
  class space    used 1974K, capacity 2069K, committed 2176K, reserved 1048576K
}
Event: 4.614 GC heap after
{Heap after GC invocations=4 (full 0):
 garbage-first heap   total 131072K, used 15599K [0x0000000080000000, 0x0000000100000000)
  region size 1024K, 6 young (6144K), 6 survivors (6144K)
 Metaspace       used 17207K, capacity 17561K, committed 17792K, reserved 1064960K
  class space    used 1974K, capacity 2069K, committed 2176K, reserved 1048576K
}
Event: 5.273 GC heap before
{Heap before GC invocations=4 (full 0):
 garbage-first heap   total 131072K, used 49391K [0x0000000080000000, 0x0000000100000000)
  region size 1024K, 40 young (40960K), 6 survivors (6144K)
 Metaspace       used 20793K, capacity 21194K, committed 21296K, reserved 1069056K
  class space    used 2526K, capacity 2688K, committed 2688K, reserved 1048576K
}
Event: 5.285 GC heap after
{Heap after GC invocations=5 (full 0):
 garbage-first heap   total 131072K, used 17443K [0x0000000080000000, 0x0000000100000000)
  region size 1024K, 7 young (7168K), 7 survivors (7168K)
 Metaspace       used 20793K, capacity 21194K, committed 21296K, reserved 1069056K
  class space    used 2526K, capacity 2688K, committed 2688K, reserved 1048576K
}
Event: 6.542 GC heap before
{Heap before GC invocations=6 (full 0):
 garbage-first heap   total 131072K, used 72739K [0x0000000080000000, 0x0000000100000000)
  region size 1024K, 62 young (63488K), 7 survivors (7168K)
 Metaspace       used 26648K, capacity 27244K, committed 27520K, reserved 1073152K
  class space    used 3446K, capacity 3670K, committed 3712K, reserved 1048576K
}
Event: 6.559 GC heap after
{Heap after GC invocations=7 (full 0):
 garbage-first heap   total 157696K, used 19550K [0x0000000080000000, 0x0000000100000000)
  region size 1024K, 4 young (4096K), 4 survivors (4096K)
 Metaspace       used 26648K, capacity 27244K, committed 27520K, reserved 1073152K
  class space    used 3446K, capacity 3670K, committed 3712K, reserved 1048576K
}
Event: 8.105 GC heap before
{Heap before GC invocations=7 (full 0):
 garbage-first heap   total 157696K, used 79966K [0x0000000080000000, 0x0000000100000000)
  region size 1024K, 64 young (65536K), 4 survivors (4096K)
 Metaspace       used 35174K, capacity 35943K, committed 36048K, reserved 1081344K
  class space    used 4518K, capacity 4806K, committed 4864K, reserved 1048576K
}
Event: 8.124 GC heap after
{Heap after GC invocations=8 (full 0):
 garbage-first heap   total 157696K, used 22716K [0x0000000080000000, 0x0000000100000000)
  region size 1024K, 7 young (7168K), 7 survivors (7168K)
 Metaspace       used 35174K, capacity 35943K, committed 36048K, reserved 1081344K
  class space    used 4518K, capacity 4806K, committed 4864K, reserved 1048576K
}
Event: 9.787 GC heap before
{Heap before GC invocations=9 (full 0):
 garbage-first heap   total 157696K, used 102588K [0x0000000080000000, 0x0000000100000000)
  region size 1024K, 83 young (84992K), 7 survivors (7168K)
 Metaspace       used 41328K, capacity 42317K, committed 42448K, reserved 1085440K
  class space    used 5236K, capacity 5596K, committed 5632K, reserved 1048576K
}
Event: 9.811 GC heap after
{Heap after GC invocations=10 (full 0):
 garbage-first heap   total 157696K, used 29143K [0x0000000080000000, 0x0000000100000000)
  region size 1024K, 11 young (11264K), 11 survivors (11264K)
 Metaspace       used 41328K, capacity 42317K, committed 42448K, reserved 1085440K
  class space    used 5236K, capacity 5596K, committed 5632K, reserved 1048576K
}
Event: 11.530 GC heap before
{Heap before GC invocations=10 (full 0):
 garbage-first heap   total 157696K, used 110039K [0x0000000080000000, 0x0000000100000000)
  region size 1024K, 90 young (92160K), 11 survivors (11264K)
 Metaspace       used 47837K, capacity 49058K, committed 49232K, reserved 1091584K
  class space    used 6053K, capacity 6500K, committed 6528K, reserved 1048576K
}
Event: 11.574 GC heap after
{Heap after GC invocations=11 (full 0):
 garbage-first heap   total 157696K, used 32882K [0x0000000080000000, 0x0000000100000000)
  region size 1024K, 10 young (10240K), 10 survivors (10240K)
 Metaspace       used 47837K, capacity 49058K, committed 49232K, reserved 1091584K
  class space    used 6053K, capacity 6500K, committed 6528K, reserved 1048576K
}
Event: 14.622 GC heap before
{Heap before GC invocations=11 (full 0):
 garbage-first heap   total 157696K, used 118898K [0x0000000080000000, 0x0000000100000000)
  region size 1024K, 90 young (92160K), 10 survivors (10240K)
 Metaspace       used 54729K, capacity 56125K, committed 56400K, reserved 1097728K
  class space    used 6898K, capacity 7431K, committed 7552K, reserved 1048576K
}

Deoptimization events (20 events):
Event: 14.303 Thread 0x0000024439b3e800 DEOPT PACKING pc=0x00000244217bcd17 sp=0x00000058759f62c0
Event: 14.303 Thread 0x0000024439b3e800 DEOPT UNPACKING pc=0x000002442101a95e sp=0x00000058759f5848 mode 0
Event: 14.310 Thread 0x0000024439b3e800 DEOPT PACKING pc=0x00000244217bcd17 sp=0x00000058759f62c0
Event: 14.310 Thread 0x0000024439b3e800 DEOPT UNPACKING pc=0x000002442101a95e sp=0x00000058759f5848 mode 0
Event: 14.315 Thread 0x0000024439b3e800 DEOPT PACKING pc=0x00000244217bcd17 sp=0x00000058759f62c0
Event: 14.315 Thread 0x0000024439b3e800 DEOPT UNPACKING pc=0x000002442101a95e sp=0x00000058759f5848 mode 0
Event: 14.323 Thread 0x0000024439b3e800 DEOPT PACKING pc=0x00000244217bcd17 sp=0x00000058759f62c0
Event: 14.323 Thread 0x0000024439b3e800 DEOPT UNPACKING pc=0x000002442101a95e sp=0x00000058759f5848 mode 0
Event: 14.326 Thread 0x0000024439b3e800 DEOPT PACKING pc=0x00000244217bcd17 sp=0x00000058759f62c0
Event: 14.326 Thread 0x0000024439b3e800 DEOPT UNPACKING pc=0x000002442101a95e sp=0x00000058759f5848 mode 0
Event: 14.329 Thread 0x0000024439b3e800 DEOPT PACKING pc=0x00000244217bcd17 sp=0x00000058759f6420
Event: 14.329 Thread 0x0000024439b3e800 DEOPT UNPACKING pc=0x000002442101a95e sp=0x00000058759f59a8 mode 0
Event: 14.332 Thread 0x0000024439b3e800 DEOPT PACKING pc=0x00000244217bcd17 sp=0x00000058759f61f0
Event: 14.332 Thread 0x0000024439b3e800 DEOPT UNPACKING pc=0x000002442101a95e sp=0x00000058759f5778 mode 0
Event: 14.346 Thread 0x0000024439b3e800 DEOPT PACKING pc=0x00000244217bcd17 sp=0x00000058759f62c0
Event: 14.346 Thread 0x0000024439b3e800 DEOPT UNPACKING pc=0x000002442101a95e sp=0x00000058759f5848 mode 0
Event: 14.509 Thread 0x0000024439b3e800 Uncommon trap: trap_request=0xffffffc6 fr.pc=0x0000024428d17f9c relative=0x000000000000035c
Event: 14.509 Thread 0x0000024439b3e800 Uncommon trap: reason=bimorphic_or_optimized_type_check action=maybe_recompile pc=0x0000024428d17f9c method=com.google.common.collect.RegularImmutableSet.contains(Ljava/lang/Object;)Z @ 42 c2
Event: 14.509 Thread 0x0000024439b3e800 DEOPT PACKING pc=0x0000024428d17f9c sp=0x00000058759f7e40
Event: 14.509 Thread 0x0000024439b3e800 DEOPT UNPACKING pc=0x000002442101a1af sp=0x00000058759f7de0 mode 2

Classes redefined (0 events):
No events

Internal exceptions (20 events):
Event: 12.731 Thread 0x0000024439b3e800 Exception <a 'java/security/PrivilegedActionException'{0x0000000087cb43a0}> (0x0000000087cb43a0) thrown at [./src/hotspot/share/prims/jvm.cpp, line 1306]
Event: 12.732 Thread 0x0000024439b3e800 Exception <a 'java/security/PrivilegedActionException'{0x0000000087cb5660}> (0x0000000087cb5660) thrown at [./src/hotspot/share/prims/jvm.cpp, line 1306]
Event: 12.732 Thread 0x0000024439b3e800 Exception <a 'java/security/PrivilegedActionException'{0x0000000087cb8270}> (0x0000000087cb8270) thrown at [./src/hotspot/share/prims/jvm.cpp, line 1306]
Event: 12.732 Thread 0x0000024439b3e800 Exception <a 'java/security/PrivilegedActionException'{0x0000000087cb9530}> (0x0000000087cb9530) thrown at [./src/hotspot/share/prims/jvm.cpp, line 1306]
Event: 12.733 Thread 0x0000024439b3e800 Exception <a 'java/security/PrivilegedActionException'{0x0000000087cbc1f0}> (0x0000000087cbc1f0) thrown at [./src/hotspot/share/prims/jvm.cpp, line 1306]
Event: 12.733 Thread 0x0000024439b3e800 Exception <a 'java/security/PrivilegedActionException'{0x0000000087cbd4b0}> (0x0000000087cbd4b0) thrown at [./src/hotspot/share/prims/jvm.cpp, line 1306]
Event: 12.733 Thread 0x0000024439b3e800 Exception <a 'java/security/PrivilegedActionException'{0x0000000087cc00c8}> (0x0000000087cc00c8) thrown at [./src/hotspot/share/prims/jvm.cpp, line 1306]
Event: 12.733 Thread 0x0000024439b3e800 Exception <a 'java/security/PrivilegedActionException'{0x0000000087cc1388}> (0x0000000087cc1388) thrown at [./src/hotspot/share/prims/jvm.cpp, line 1306]
Event: 12.733 Thread 0x0000024439b3e800 Exception <a 'java/security/PrivilegedActionException'{0x0000000087cc3ff0}> (0x0000000087cc3ff0) thrown at [./src/hotspot/share/prims/jvm.cpp, line 1306]
Event: 12.733 Thread 0x0000024439b3e800 Exception <a 'java/security/PrivilegedActionException'{0x0000000087cc52b0}> (0x0000000087cc52b0) thrown at [./src/hotspot/share/prims/jvm.cpp, line 1306]
Event: 12.734 Thread 0x0000024439b3e800 Exception <a 'java/security/PrivilegedActionException'{0x0000000087cc7f70}> (0x0000000087cc7f70) thrown at [./src/hotspot/share/prims/jvm.cpp, line 1306]
Event: 12.734 Thread 0x0000024439b3e800 Exception <a 'java/security/PrivilegedActionException'{0x0000000087cc9230}> (0x0000000087cc9230) thrown at [./src/hotspot/share/prims/jvm.cpp, line 1306]
Event: 13.088 Thread 0x0000024439b3e800 Exception <a 'java/lang/ClassNotFoundException'{0x000000008747d258}: org/gradle/api/internal/plugins/DefaultObjectConfigurationActionBeanInfo> (0x000000008747d258) thrown at [./src/hotspot/share/classfile/systemDictionary.cpp, line 231]
Event: 13.090 Thread 0x0000024439b3e800 Exception <a 'java/lang/ClassNotFoundException'{0x00000000874b2dc0}: org/gradle/api/internal/plugins/DefaultObjectConfigurationActionCustomizer> (0x00000000874b2dc0) thrown at [./src/hotspot/share/classfile/systemDictionary.cpp, line 231]
Event: 13.546 Thread 0x0000024439b3e800 Exception <a 'java/lang/NoSuchMethodError'{0x000000008691e438}: 'java.lang.Object java.lang.invoke.DirectMethodHandle$Holder.invokeStatic(java.lang.Object, java.lang.Object, java.lang.Object, java.lang.Object, int)'> (0x000000008691e438) thrown at [./src/hotspot/share/interpreter/linkResolver.cpp, line 773]
Event: 13.547 Thread 0x0000024439b3e800 Exception <a 'java/lang/NoSuchMethodError'{0x0000000086922e30}: 'java.lang.Object java.lang.invoke.DirectMethodHandle$Holder.invokeSpecial(java.lang.Object, java.lang.Object, java.lang.Object, java.lang.Object, java.lang.Object, int)'> (0x0000000086922e30) thrown at [./src/hotspot/share/interpreter/linkResolver.cpp, line 773]
Event: 13.547 Thread 0x0000024439b3e800 Exception <a 'java/lang/NoSuchMethodError'{0x0000000086927470}: 'java.lang.Object java.lang.invoke.Invokers$Holder.linkToTargetMethod(java.lang.Object, java.lang.Object, java.lang.Object, int, java.lang.Object)'> (0x0000000086927470) thrown at [./src/hotspot/share/interpreter/linkResolver.cpp, line 773]
Event: 14.015 Thread 0x0000024439b3e800 Exception <a 'java/lang/NoSuchMethodError'{0x0000000085b34240}: 'java.lang.Object java.lang.invoke.DirectMethodHandle$Holder.invokeSpecial(java.lang.Object, java.lang.Object, int, int, java.lang.Object, java.lang.Object, java.lang.Object)'> (0x0000000085b34240) thrown at [./src/hotspot/share/interpreter/linkResolver.cpp, line 773]
Event: 14.015 Thread 0x0000024439b3e800 Exception <a 'java/lang/NoSuchMethodError'{0x0000000085b387c0}: 'java.lang.Object java.lang.invoke.DelegatingMethodHandle$Holder.reinvoke_L(java.lang.Object, int, int, java.lang.Object, java.lang.Object, java.lang.Object)'> (0x0000000085b387c0) thrown at [./src/hotspot/share/interpreter/linkResolver.cpp, line 773]
Event: 14.501 Thread 0x0000024439b3e800 Exception <a 'java/lang/NoSuchMethodError'{0x0000000084eb45c0}: 'int java.lang.invoke.DirectMethodHandle$Holder.invokeInterface(java.lang.Object, java.lang.Object, java.lang.Object, java.lang.Object)'> (0x0000000084eb45c0) thrown at [./src/hotspot/share/interpreter/linkResolver.cpp, line 773]

Events (20 events):
Event: 14.607 loading class com/google/protobuf/MessageOrBuilder done
Event: 14.610 loading class com/google/protobuf/MessageLiteOrBuilder
Event: 14.610 loading class com/google/protobuf/MessageLiteOrBuilder done
Event: 14.612 loading class com/google/protobuf/GeneratedMessageV3$Builder
Event: 14.612 loading class com/google/protobuf/GeneratedMessageV3$Builder done
Event: 14.613 loading class com/google/protobuf/AbstractMessage$Builder
Event: 14.613 loading class com/google/protobuf/AbstractMessage$Builder done
Event: 14.614 loading class com/google/protobuf/Message$Builder
Event: 14.614 loading class com/google/protobuf/Message$Builder done
Event: 14.615 loading class com/google/protobuf/MessageLite$Builder
Event: 14.615 loading class com/google/protobuf/MessageLite$Builder done
Event: 14.615 loading class com/google/protobuf/AbstractMessageLite$Builder
Event: 14.615 loading class com/google/protobuf/AbstractMessageLite$Builder done
Event: 14.616 loading class com/google/wireless/android/sdk/stats/GradleBuildVariant$Builder
Event: 14.616 loading class com/google/wireless/android/sdk/stats/GradleBuildVariant$Builder done
Event: 14.619 loading class com/google/wireless/android/sdk/stats/GradleBuildVariantOrBuilder
Event: 14.619 loading class com/google/wireless/android/sdk/stats/GradleBuildVariantOrBuilder done
Event: 14.621 loading class com/android/build/gradle/internal/profile/AnalyticsResourceManager
Event: 14.621 loading class com/android/build/gradle/internal/profile/AnalyticsResourceManager done
Event: 14.622 Executing VM operation: G1CollectForAllocation


Dynamic libraries:
0x00007ff6cb210000 - 0x00007ff6cb21a000 	C:\Program Files\Android\Android Studio\jre\bin\java.exe
0x00007ffd1faf0000 - 0x00007ffd1fce8000 	C:\WINDOWS\SYSTEM32\ntdll.dll
0x00007ffd1f680000 - 0x00007ffd1f73f000 	C:\WINDOWS\System32\KERNEL32.DLL
0x00007ffd1d7c0000 - 0x00007ffd1da92000 	C:\WINDOWS\System32\KERNELBASE.dll
0x00007ffd1d590000 - 0x00007ffd1d690000 	C:\WINDOWS\System32\ucrtbase.dll
0x00007ffcfb7d0000 - 0x00007ffcfb7e9000 	C:\Program Files\Android\Android Studio\jre\bin\jli.dll
0x00007ffcfb4b0000 - 0x00007ffcfb4c7000 	C:\Program Files\Android\Android Studio\jre\bin\VCRUNTIME140.dll
0x00007ffd1e160000 - 0x00007ffd1e301000 	C:\WINDOWS\System32\USER32.dll
0x00007ffd1d340000 - 0x00007ffd1d362000 	C:\WINDOWS\System32\win32u.dll
0x00007ffd0e330000 - 0x00007ffd0e5ca000 	C:\WINDOWS\WinSxS\amd64_microsoft.windows.common-controls_6595b64144ccf1df_6.0.19041.1110_none_60b5254171f9507e\COMCTL32.dll
0x00007ffd1ecb0000 - 0x00007ffd1ecdb000 	C:\WINDOWS\System32\GDI32.dll
0x00007ffd1f740000 - 0x00007ffd1f7de000 	C:\WINDOWS\System32\msvcrt.dll
0x00007ffd1d370000 - 0x00007ffd1d47f000 	C:\WINDOWS\System32\gdi32full.dll
0x00007ffd1d4f0000 - 0x00007ffd1d58d000 	C:\WINDOWS\System32\msvcp_win.dll
0x00007ffd1f640000 - 0x00007ffd1f672000 	C:\WINDOWS\System32\IMM32.DLL
0x00007ffcecff0000 - 0x00007ffced08d000 	C:\Program Files\Android\Android Studio\jre\bin\msvcp140.dll
0x00007ffce4130000 - 0x00007ffce4c32000 	C:\Program Files\Android\Android Studio\jre\bin\server\jvm.dll
0x00007ffd1dfe0000 - 0x00007ffd1e08e000 	C:\WINDOWS\System32\ADVAPI32.dll
0x00007ffd1dc60000 - 0x00007ffd1dcfc000 	C:\WINDOWS\System32\sechost.dll
0x00007ffd1db30000 - 0x00007ffd1dc55000 	C:\WINDOWS\System32\RPCRT4.dll
0x00007ffd1f8d0000 - 0x00007ffd1f8d8000 	C:\WINDOWS\System32\PSAPI.DLL
0x00007ffd0c680000 - 0x00007ffd0c689000 	C:\WINDOWS\SYSTEM32\WSOCK32.dll
0x00007ffd0e780000 - 0x00007ffd0e7a7000 	C:\WINDOWS\SYSTEM32\WINMM.dll
0x00007ffd187d0000 - 0x00007ffd187da000 	C:\WINDOWS\SYSTEM32\VERSION.dll
0x00007ffd1e310000 - 0x00007ffd1e37b000 	C:\WINDOWS\System32\WS2_32.dll
0x00007ffd1ba30000 - 0x00007ffd1ba42000 	C:\WINDOWS\SYSTEM32\kernel.appcore.dll
0x00007ffd18680000 - 0x00007ffd18691000 	C:\Program Files\Android\Android Studio\jre\bin\verify.dll
0x00007ffd1ae40000 - 0x00007ffd1b024000 	C:\WINDOWS\SYSTEM32\DBGHELP.DLL
0x00007ffd05660000 - 0x00007ffd05695000 	C:\WINDOWS\SYSTEM32\dbgcore.DLL
0x00007ffd1daa0000 - 0x00007ffd1db22000 	C:\WINDOWS\System32\bcryptPrimitives.dll
0x00007ffd17310000 - 0x00007ffd17339000 	C:\Program Files\Android\Android Studio\jre\bin\java.dll
0x00007ffd17c60000 - 0x00007ffd17c6b000 	C:\Program Files\Android\Android Studio\jre\bin\jimage.dll
0x00007ffd17070000 - 0x00007ffd17088000 	C:\Program Files\Android\Android Studio\jre\bin\zip.dll
0x00007ffd1ee90000 - 0x00007ffd1f5d4000 	C:\WINDOWS\System32\SHELL32.dll
0x00007ffd1b280000 - 0x00007ffd1ba12000 	C:\WINDOWS\SYSTEM32\windows.storage.dll
0x00007ffd1e8a0000 - 0x00007ffd1ebf5000 	C:\WINDOWS\System32\combase.dll
0x00007ffd1cc40000 - 0x00007ffd1cc70000 	C:\WINDOWS\SYSTEM32\Wldp.dll
0x00007ffd1e380000 - 0x00007ffd1e42d000 	C:\WINDOWS\System32\SHCORE.dll
0x00007ffd1de20000 - 0x00007ffd1de75000 	C:\WINDOWS\System32\shlwapi.dll
0x00007ffd1d120000 - 0x00007ffd1d13f000 	C:\WINDOWS\SYSTEM32\profapi.dll
0x00007ffd15080000 - 0x00007ffd1509a000 	C:\Program Files\Android\Android Studio\jre\bin\net.dll
0x00007ffd14670000 - 0x00007ffd1477c000 	C:\WINDOWS\SYSTEM32\WINHTTP.dll
0x00007ffd1c930000 - 0x00007ffd1c99a000 	C:\WINDOWS\system32\mswsock.dll
0x00007ffd15060000 - 0x00007ffd15074000 	C:\Program Files\Android\Android Studio\jre\bin\nio.dll
0x00007ffd15170000 - 0x00007ffd15197000 	C:\Users\ASUS\.gradle\native\e1d6ef7f7dcc3fd88c89a11ec53ec762bb8ba0a96d01ffa2cd45eb1d1d8dd5c5\windows-amd64\native-platform.dll
0x00007ffcecc00000 - 0x00007ffcecd44000 	C:\Users\ASUS\.gradle\native\0d407fdbe67a94daf76414ababcb853783967236a71b16ec16e742cd7a986fd3\windows-amd64\native-platform-file-events.dll
0x00007ffd17510000 - 0x00007ffd1751a000 	C:\Program Files\Android\Android Studio\jre\bin\management.dll
0x00007ffd17060000 - 0x00007ffd1706d000 	C:\Program Files\Android\Android Studio\jre\bin\management_ext.dll
0x00007ffd1cba0000 - 0x00007ffd1cbb8000 	C:\WINDOWS\SYSTEM32\CRYPTSP.dll
0x00007ffd1c1e0000 - 0x00007ffd1c214000 	C:\WINDOWS\system32\rsaenh.dll
0x00007ffd1d790000 - 0x00007ffd1d7b7000 	C:\WINDOWS\System32\bcrypt.dll
0x00007ffd1d0e0000 - 0x00007ffd1d10e000 	C:\WINDOWS\SYSTEM32\USERENV.dll
0x00007ffd1cb90000 - 0x00007ffd1cb9c000 	C:\WINDOWS\SYSTEM32\CRYPTBASE.dll
0x00007ffd1c5b0000 - 0x00007ffd1c5eb000 	C:\WINDOWS\SYSTEM32\IPHLPAPI.DLL
0x00007ffd1dfd0000 - 0x00007ffd1dfd8000 	C:\WINDOWS\System32\NSI.dll
0x00007ffd15330000 - 0x00007ffd15347000 	C:\WINDOWS\SYSTEM32\dhcpcsvc6.DLL
0x00007ffd161f0000 - 0x00007ffd1620d000 	C:\WINDOWS\SYSTEM32\dhcpcsvc.DLL
0x00007ffd1c5f0000 - 0x00007ffd1c6ba000 	C:\WINDOWS\SYSTEM32\DNSAPI.dll

dbghelp: loaded successfully - version: 4.0.5 - missing functions: none
symbol engine: initialized successfully - sym options: 0x614 - pdb path: .;C:\Program Files\Android\Android Studio\jre\bin;C:\WINDOWS\SYSTEM32;C:\WINDOWS\WinSxS\amd64_microsoft.windows.common-controls_6595b64144ccf1df_6.0.19041.1110_none_60b5254171f9507e;C:\Program Files\Android\Android Studio\jre\bin\server;C:\Users\ASUS\.gradle\native\e1d6ef7f7dcc3fd88c89a11ec53ec762bb8ba0a96d01ffa2cd45eb1d1d8dd5c5\windows-amd64;C:\Users\ASUS\.gradle\native\0d407fdbe67a94daf76414ababcb853783967236a71b16ec16e742cd7a986fd3\windows-amd64

VM Arguments:
jvm_args: --add-opens=java.base/java.util=ALL-UNNAMED --add-opens=java.base/java.lang=ALL-UNNAMED --add-opens=java.base/java.lang.invoke=ALL-UNNAMED --add-opens=java.base/java.util=ALL-UNNAMED --add-opens=java.prefs/java.util.prefs=ALL-UNNAMED --add-opens=java.prefs/java.util.prefs=ALL-UNNAMED --add-opens=java.base/java.nio.charset=ALL-UNNAMED --add-opens=java.base/java.net=ALL-UNNAMED --add-opens=java.base/java.util.concurrent.atomic=ALL-UNNAMED -Xmx2048m -Dfile.encoding=UTF-8 -Duser.country=US -Duser.language=en -Duser.variant 
java_command: org.gradle.launcher.daemon.bootstrap.GradleDaemon 7.4
java_class_path (initial): C:\Users\ASUS\.gradle\wrapper\dists\gradle-7.4-bin\c0gwcg53nkjbqw7r0h0umtfvt\gradle-7.4\lib\gradle-launcher-7.4.jar
Launcher Type: SUN_STANDARD

[Global flags]
     intx CICompilerCount                          = 3                                         {product} {ergonomic}
     uint ConcGCThreads                            = 1                                         {product} {ergonomic}
     uint G1ConcRefinementThreads                  = 4                                         {product} {ergonomic}
   size_t G1HeapRegionSize                         = 1048576                                   {product} {ergonomic}
    uintx GCDrainStackTargetSize                   = 64                                        {product} {ergonomic}
   size_t InitialHeapSize                          = 134217728                                 {product} {ergonomic}
   size_t MarkStackSize                            = 4194304                                   {product} {ergonomic}
   size_t MaxHeapSize                              = 2147483648                                {product} {command line}
   size_t MaxNewSize                               = 1287651328                                {product} {ergonomic}
   size_t MinHeapDeltaBytes                        = 1048576                                   {product} {ergonomic}
    uintx NonNMethodCodeHeapSize                   = 5830732                                {pd product} {ergonomic}
    uintx NonProfiledCodeHeapSize                  = 122913754                              {pd product} {ergonomic}
    uintx ProfiledCodeHeapSize                     = 122913754                              {pd product} {ergonomic}
    uintx ReservedCodeCacheSize                    = 251658240                              {pd product} {ergonomic}
     bool SegmentedCodeCache                       = true                                      {product} {ergonomic}
     bool UseCompressedClassPointers               = true                                 {lp64_product} {ergonomic}
     bool UseCompressedOops                        = true                                 {lp64_product} {ergonomic}
     bool UseG1GC                                  = true                                      {product} {ergonomic}
     bool UseLargePagesIndividualAllocation        = false                                  {pd product} {ergonomic}

Logging:
Log output configuration:
 #0: stdout all=warning uptime,level,tags
 #1: stderr all=off uptime,level,tags

Environment Variables:
JAVA_HOME=C:\Program Files\Android\Android Studio\jre
PATH=C:\ProgramData\Oracle\Java\javapath;C:\Program Files (x86)\Common Files\Oracle\Java\javapath;C:\Program Files (x86)\Common Files\Intel\Shared Libraries\redist\intel64\compiler;C:\Program Files (x86)\Common Files\Intel\Shared Files\cpp\bin\Intel64;C:\Windows\system32;C:\Windows;C:\Windows\System32\Wbem;C:\Windows\System32\WindowsPowerShell\v1.0\;C:\Program Files (x86)\NVIDIA Corporation\PhysX\Common;C:\WINDOWS\system32;C:\WINDOWS;C:\WINDOWS\System32\Wbem;C:\WINDOWS\System32\WindowsPowerShell\v1.0\;C:\WINDOWS\System32\OpenSSH\;C:\mingw-w64\mingw64\bin;C:\Program Files (x86)\QuickTime Alternative\QTSystem;C:\Program Files\Java\jdk-13.0.2\bin;?D:\gradle-6.4\bin;C:\Program Files\Java\jdk-13.0.2\bin;C:\Windows\System32;C:\Program Files\PuTTY\;C:\laragon\bin\php\php-8.1.3-Win32-vs16-x64;C:\composer;C:\Ruby27-x64\bin;C:\oraclexe\app\oracle\product\10.2.0\server\bin;C:\Users\ASUS\AppData\Local\Microsoft\WindowsApps;C:\Users\ASUS\AppData\Local\Programs\Microsoft VS Cod;C:\Users\ASUS\AppData\Ro;C:\Program Files\dotnet;C:\Program Files\dotnet\;C:\Users\ASUS\AppData\Roaming\Composer\vendor\bin;D:\Program Files\MATHLAB\R2013a\runtime\win64;D:\Program Files\MATHLAB\R2013a\bin;C:\laragon\bin\nodejs\node-v16.14.2-win-x64;C:\Program Files\Git\cmd;C:\laragon\bin;C:\laragon\bin\apache\httpd-2.4.35-win64-VC15\bin;C:\laragon\bin\composer;C:\laragon\bin\git\bin;C:\laragon\bin\git\cmd;C:\laragon\bin\git\mingw64\bin;C:\laragon\bin\git\usr\bin;C:\laragon\bin\laragon\utils;C:\laragon\bin\mysql\mysql-5.7.24-winx64\bin;C:\laragon\bin\nginx\nginx-1.16.0;C:\laragon\bin\ngrok;C:\laragon\bin\nodejs\node-v16.14.2-win-x64;C:\laragon\bin\notepad++;C:\laragon\bin\php\php-8.1.3-Win32-vs16-x64;C:\laragon\bin\putty;C:\laragon\bin\redis\redis-x64-3.2.100;C:\laragon\bin\telnet;C:\laragon\usr\bin;C:\Users\ASUS\AppData\Local\Yarn\config\global\node_modules\.bin;C:\Users\ASUS\AppData\Roaming\Composer\vendor\bin;C:\Users\ASUS\AppData\Roaming\npm;C:\Users\ASUS\AppData\Local\Programs\Python\Python310\Scripts\;C
USERNAME=ASUS
OS=Windows_NT
PROCESSOR_IDENTIFIER=Intel64 Family 6 Model 78 Stepping 3, GenuineIntel



---------------  S Y S T E M  ---------------

OS: Windows 10 , 64 bit Build 19041 (10.0.19041.2364)
OS uptime: 0 days 17:43 hours

CPU:total 4 (initial active 4) (2 cores per cpu, 2 threads per core) family 6 model 78 stepping 3 microcode 0xcc, cmov, cx8, fxsr, mmx, sse, sse2, sse3, ssse3, sse4.1, sse4.2, popcnt, avx, avx2, aes, clmul, erms, 3dnowpref, lzcnt, ht, tsc, tscinvbit, bmi1, bmi2, adx, fma

Memory: 4k page, system-wide physical 8091M (872M free)
TotalPageFile size 10139M (AvailPageFile size 18M)
current process WorkingSet (physical memory assigned to process): 321M, peak: 321M
current process commit charge ("private bytes"): 372M, peak: 403M

vm_info: OpenJDK 64-Bit Server VM (11.0.13+0-b1751.21-8125866) for windows-amd64 JRE (11.0.13+0-b1751.21-8125866), built on Feb  2 2022 03:00:22 by "builder" with MS VC++ 14.0 (VS2015)

END.
