#
# There is insufficient memory for the Java Runtime Environment to continue.
# Native memory allocation (mmap) failed to map 91226112 bytes for Failed to commit area from 0x000000008de00000 to 0x0000000093500000 of length 91226112.
# Possible reasons:
#   The system is out of physical RAM or swap space
#   The process is running with CompressedOops enabled, and the Java Heap may be blocking the growth of the native heap
# Possible solutions:
#   Reduce memory load on the system
#   Increase physical memory or swap space
#   Check if swap backing store is full
#   Decrease Java heap size (-Xmx/-Xms)
#   Decrease number of Java threads
#   Decrease Java thread stack sizes (-Xss)
#   Set larger code cache with -XX:ReservedCodeCacheSize=
#   JVM is running with Unscaled Compressed Oops mode in which the Java heap is
#     placed in the first 4GB address space. The Java Heap base address is the
#     maximum limit for the native heap growth. Please use -XX:HeapBaseMinAddress
#     to set the Java Heap base and to place the Java Heap above 4GB virtual address.
# This output file may be truncated or incomplete.
#
#  Out of Memory Error (./src/hotspot/os/windows/os_windows.cpp:3619), pid=3792, tid=9904
#
# JRE version: OpenJDK Runtime Environment (11.0.13) (build 11.0.13+0-b1751.21-8125866)
# Java VM: OpenJDK 64-Bit Server VM (11.0.13+0-b1751.21-8125866, mixed mode, tiered, compressed oops, g1 gc, windows-amd64)
# No core dump will be written. Minidumps are not enabled by default on client versions of Windows
#

---------------  S U M M A R Y ------------

Command Line: --add-opens=java.base/java.util=ALL-UNNAMED --add-opens=java.base/java.lang=ALL-UNNAMED --add-opens=java.base/java.lang.invoke=ALL-UNNAMED --add-opens=java.base/java.util=ALL-UNNAMED --add-opens=java.prefs/java.util.prefs=ALL-UNNAMED --add-opens=java.prefs/java.util.prefs=ALL-UNNAMED --add-opens=java.base/java.nio.charset=ALL-UNNAMED --add-opens=java.base/java.net=ALL-UNNAMED --add-opens=java.base/java.util.concurrent.atomic=ALL-UNNAMED -Xmx2048m -Dfile.encoding=UTF-8 -Duser.country=US -Duser.language=en -Duser.variant org.gradle.launcher.daemon.bootstrap.GradleDaemon 7.4

Host: Intel(R) Core(TM) i3-6006U CPU @ 2.00GHz, 4 cores, 7G,  Windows 10 , 64 bit Build 19041 (10.0.19041.2364)
Time: Mon Jan  2 23:38:25 2023 Malay Peninsula Standard Time elapsed time: 274.983196 seconds (0d 0h 4m 34s)

---------------  T H R E A D  ---------------

Current thread (0x00000178a4edc000):  VMThread "VM Thread" [stack: 0x0000005d29800000,0x0000005d29900000] [id=9904]

Stack: [0x0000005d29800000,0x0000005d29900000]
[error occurred during error reporting (printing stack bounds), id 0xc0000005, EXCEPTION_ACCESS_VIOLATION (0xc0000005) at pc=0x000001788edf112d]

Native frames: (J=compiled Java code, j=interpreted, Vv=VM code, C=native code)
V  [jvm.dll+0x6100fa]
V  [jvm.dll+0x747090]
V  [jvm.dll+0x7486ad]
V  [jvm.dll+0x748ce5]
V  [jvm.dll+0x748c9b]
V  [jvm.dll+0x60f224]
V  [jvm.dll+0x60f9b8]
C  [ntdll.dll+0xa241f]
C  [ntdll.dll+0x514a4]
C  [ntdll.dll+0xa0f4e]
C  0x000001788edf112d

VM_Operation (0x0000005d2f0fe710): G1CollectForAllocation, mode: safepoint, requested by thread 0x00000178b392a000


---------------  P R O C E S S  ---------------

Threads class SMR info:
_java_thread_list=0x00000178a5eb8eb0, length=86, elements={
0x000001788b2d5800, 0x00000178a4ee3000, 0x00000178a4eec800, 0x00000178a4efe000,
0x00000178a4f00800, 0x00000178a4f05800, 0x00000178a4f08800, 0x00000178a4f0d800,
0x00000178a4f2e800, 0x00000178a59b0800, 0x00000178a7abe000, 0x00000178a654d000,
0x00000178a661c000, 0x00000178a7692000, 0x00000178a768f000, 0x00000178a7691800,
0x00000178a7693000, 0x00000178a7690800, 0x00000178a7690000, 0x00000178a768e000,
0x00000178a7694000, 0x00000178a7694800, 0x00000178a5b39800, 0x00000178a5b3a000,
0x00000178a6e9d800, 0x00000178a5b3b000, 0x00000178a5b3d800, 0x00000178a5b3c000,
0x00000178a5b3c800, 0x00000178a5b3e800, 0x00000178a5b38800, 0x00000178a5b41000,
0x00000178a5b42800, 0x00000178a5b45000, 0x00000178a5b43000, 0x00000178a5b44000,
0x00000178a5b41800, 0x00000178a5b3f000, 0x00000178a5b45800, 0x00000178a5b46800,
0x00000178a5b47800, 0x00000178a6e9a800, 0x00000178a6e9b800, 0x00000178a6e9f800,
0x00000178a6ea1000, 0x00000178a6ea2000, 0x00000178a6e9d000, 0x00000178a6e9c000,
0x00000178a6e9e800, 0x00000178a6ea3800, 0x00000178a6ea5000, 0x00000178a6ea2800,
0x00000178a6ea6000, 0x00000178a6ea0000, 0x00000178a6ea7800, 0x00000178a6ea8800,
0x00000178a6ea9000, 0x00000178a699e800, 0x00000178a699b800, 0x00000178a699f800,
0x00000178a69a2000, 0x00000178a699d800, 0x00000178a69a0000, 0x00000178a699d000,
0x00000178a69a1000, 0x00000178a699c000, 0x00000178a69a6800, 0x00000178a69a2800,
0x00000178a69a8800, 0x00000178a69a7800, 0x00000178a69a9000, 0x00000178a69a3800,
0x00000178a69aa000, 0x00000178a69a4000, 0x00000178a69a5000, 0x00000178a69a6000,
0x00000178a6f55000, 0x00000178a6f56800, 0x00000178a6f57800, 0x00000178a6f55800,
0x00000178a6f58000, 0x00000178a6f59000, 0x00000178a6f5a000, 0x00000178a6f54000,
0x00000178ab31f800, 0x00000178b392a000
}

Java Threads: ( => current thread )
  0x000001788b2d5800 JavaThread "main" [_thread_blocked, id=10516, stack(0x0000005d29200000,0x0000005d29300000)]
  0x00000178a4ee3000 JavaThread "Reference Handler" daemon [_thread_blocked, id=8712, stack(0x0000005d29900000,0x0000005d29a00000)]
  0x00000178a4eec800 JavaThread "Finalizer" daemon [_thread_blocked, id=3156, stack(0x0000005d29a00000,0x0000005d29b00000)]
  0x00000178a4efe000 JavaThread "Signal Dispatcher" daemon [_thread_blocked, id=13788, stack(0x0000005d29b00000,0x0000005d29c00000)]
  0x00000178a4f00800 JavaThread "Attach Listener" daemon [_thread_blocked, id=14232, stack(0x0000005d29c00000,0x0000005d29d00000)]
  0x00000178a4f05800 JavaThread "Service Thread" daemon [_thread_blocked, id=1700, stack(0x0000005d29d00000,0x0000005d29e00000)]
  0x00000178a4f08800 JavaThread "C2 CompilerThread0" daemon [_thread_blocked, id=12220, stack(0x0000005d29e00000,0x0000005d29f00000)]
  0x00000178a4f0d800 JavaThread "C1 CompilerThread0" daemon [_thread_blocked, id=5532, stack(0x0000005d29f00000,0x0000005d2a000000)]
  0x00000178a4f2e800 JavaThread "Sweeper thread" daemon [_thread_blocked, id=10796, stack(0x0000005d2a000000,0x0000005d2a100000)]
  0x00000178a59b0800 JavaThread "Common-Cleaner" daemon [_thread_blocked, id=14656, stack(0x0000005d2a100000,0x0000005d2a200000)]
  0x00000178a7abe000 JavaThread "Daemon health stats" [_thread_blocked, id=14168, stack(0x0000005d2a600000,0x0000005d2a700000)]
  0x00000178a654d000 JavaThread "Incoming local TCP Connector on port 64046" [_thread_in_native, id=7900, stack(0x0000005d2a500000,0x0000005d2a600000)]
  0x00000178a661c000 JavaThread "Daemon periodic checks" [_thread_blocked, id=14136, stack(0x0000005d2a700000,0x0000005d2a800000)]
  0x00000178a7692000 JavaThread "Cache worker for journal cache (C:\Users\ASUS\.gradle\caches\journal-1)" [_thread_blocked, id=3140, stack(0x0000005d2b000000,0x0000005d2b100000)]
  0x00000178a768f000 JavaThread "File lock request listener" [_thread_in_native, id=8788, stack(0x0000005d2b100000,0x0000005d2b200000)]
  0x00000178a7691800 JavaThread "Cache worker for file hash cache (C:\Users\ASUS\.gradle\caches\7.4\fileHashes)" [_thread_blocked, id=1364, stack(0x0000005d2b200000,0x0000005d2b300000)]
  0x00000178a7693000 JavaThread "File watcher server" daemon [_thread_blocked, id=5356, stack(0x0000005d2b400000,0x0000005d2b500000)]
  0x00000178a7690800 JavaThread "File watcher consumer" daemon [_thread_blocked, id=13860, stack(0x0000005d2b500000,0x0000005d2b600000)]
  0x00000178a7690000 JavaThread "jar transforms" [_thread_blocked, id=2608, stack(0x0000005d2b600000,0x0000005d2b700000)]
  0x00000178a768e000 JavaThread "jar transforms Thread 2" [_thread_blocked, id=9596, stack(0x0000005d2b700000,0x0000005d2b800000)]
  0x00000178a7694000 JavaThread "jar transforms Thread 3" [_thread_blocked, id=9988, stack(0x0000005d2b800000,0x0000005d2b900000)]
  0x00000178a7694800 JavaThread "jar transforms Thread 4" [_thread_blocked, id=1004, stack(0x0000005d2b900000,0x0000005d2ba00000)]
  0x00000178a5b39800 JavaThread "Cache worker for execution history cache (C:\Users\ASUS\.gradle\caches\7.4\executionHistory)" [_thread_blocked, id=8884, stack(0x0000005d2bd00000,0x0000005d2be00000)]
  0x00000178a5b3a000 JavaThread "Cache worker for file content cache (C:\Users\ASUS\.gradle\caches\7.4\fileContent)" [_thread_blocked, id=11452, stack(0x0000005d2bf00000,0x0000005d2c000000)]
  0x00000178a6e9d800 JavaThread "Memory manager" [_thread_blocked, id=1848, stack(0x0000005d2ea00000,0x0000005d2eb00000)]
  0x00000178a5b3b000 JavaThread "Daemon Thread 2" [_thread_blocked, id=13676, stack(0x0000005d28f00000,0x0000005d29000000)]
  0x00000178a5b3d800 JavaThread "Handler for socket connection from /127.0.0.1:64046 to /127.0.0.1:64281" [_thread_in_native, id=6716, stack(0x0000005d29000000,0x0000005d29100000)]
  0x00000178a5b3c000 JavaThread "Cancel handler" [_thread_blocked, id=9344, stack(0x0000005d29100000,0x0000005d29200000)]
  0x00000178a5b3c800 JavaThread "Daemon worker Thread 2" [_thread_blocked, id=9692, stack(0x0000005d2a800000,0x0000005d2a900000)]
  0x00000178a5b3e800 JavaThread "Asynchronous log dispatcher for DefaultDaemonConnection: socket connection from /127.0.0.1:64046 to /127.0.0.1:64281" [_thread_blocked, id=4080, stack(0x0000005d2a900000,0x0000005d2aa00000)]
  0x00000178a5b38800 JavaThread "Stdin handler" [_thread_blocked, id=3320, stack(0x0000005d2aa00000,0x0000005d2ab00000)]
  0x00000178a5b41000 JavaThread "Daemon client event forwarder" [_thread_blocked, id=14284, stack(0x0000005d2ab00000,0x0000005d2ac00000)]
  0x00000178a5b42800 JavaThread "Cache worker for checksums cache (C:\Users\ASUS\AndroidStudioProjects\PendataanToko\.gradle\7.4\checksums)" [_thread_blocked, id=2472, stack(0x0000005d2ac00000,0x0000005d2ad00000)]
  0x00000178a5b45000 JavaThread "Cache worker for cache directory md-rule (C:\Users\ASUS\.gradle\caches\7.4\md-rule)" [_thread_blocked, id=15184, stack(0x0000005d2ad00000,0x0000005d2ae00000)]
  0x00000178a5b43000 JavaThread "Cache worker for file hash cache (C:\Users\ASUS\AndroidStudioProjects\PendataanToko\.gradle\7.4\fileHashes)" [_thread_blocked, id=11872, stack(0x0000005d2b300000,0x0000005d2b400000)]
  0x00000178a5b44000 JavaThread "Cache worker for cache directory md-supplier (C:\Users\ASUS\.gradle\caches\7.4\md-supplier)" [_thread_blocked, id=7460, stack(0x0000005d2ba00000,0x0000005d2bb00000)]
  0x00000178a5b41800 JavaThread "Cache worker for dependencies-accessors (C:\Users\ASUS\AndroidStudioProjects\PendataanToko\.gradle\7.4\dependencies-accessors)" [_thread_blocked, id=13240, stack(0x0000005d2bb00000,0x0000005d2bc00000)]
  0x00000178a5b3f000 JavaThread "Cache worker for Build Output Cleanup Cache (C:\Users\ASUS\AndroidStudioProjects\PendataanToko\.gradle\buildOutputCleanup)" [_thread_blocked, id=15268, stack(0x0000005d2bc00000,0x0000005d2bd00000)]
  0x00000178a5b45800 JavaThread "Unconstrained build operations" [_thread_blocked, id=11712, stack(0x0000005d2be00000,0x0000005d2bf00000)]
  0x00000178a5b46800 JavaThread "Unconstrained build operations Thread 2" [_thread_blocked, id=5900, stack(0x0000005d2c000000,0x0000005d2c100000)]
  0x00000178a5b47800 JavaThread "Unconstrained build operations Thread 3" [_thread_blocked, id=11008, stack(0x0000005d2c100000,0x0000005d2c200000)]
  0x00000178a6e9a800 JavaThread "Unconstrained build operations Thread 4" [_thread_blocked, id=10456, stack(0x0000005d2c200000,0x0000005d2c300000)]
  0x00000178a6e9b800 JavaThread "Unconstrained build operations Thread 5" [_thread_blocked, id=8736, stack(0x0000005d2c300000,0x0000005d2c400000)]
  0x00000178a6e9f800 JavaThread "Unconstrained build operations Thread 6" [_thread_blocked, id=11836, stack(0x0000005d2c400000,0x0000005d2c500000)]
  0x00000178a6ea1000 JavaThread "Unconstrained build operations Thread 7" [_thread_blocked, id=9900, stack(0x0000005d2c500000,0x0000005d2c600000)]
  0x00000178a6ea2000 JavaThread "Unconstrained build operations Thread 8" [_thread_blocked, id=15108, stack(0x0000005d2c600000,0x0000005d2c700000)]
  0x00000178a6e9d000 JavaThread "Unconstrained build operations Thread 9" [_thread_blocked, id=14780, stack(0x0000005d2c700000,0x0000005d2c800000)]
  0x00000178a6e9c000 JavaThread "Unconstrained build operations Thread 10" [_thread_blocked, id=8916, stack(0x0000005d2c800000,0x0000005d2c900000)]
  0x00000178a6e9e800 JavaThread "Unconstrained build operations Thread 11" [_thread_blocked, id=8124, stack(0x0000005d2c900000,0x0000005d2ca00000)]
  0x00000178a6ea3800 JavaThread "Unconstrained build operations Thread 12" [_thread_blocked, id=11704, stack(0x0000005d2ca00000,0x0000005d2cb00000)]
  0x00000178a6ea5000 JavaThread "Unconstrained build operations Thread 13" [_thread_blocked, id=10640, stack(0x0000005d2cb00000,0x0000005d2cc00000)]
  0x00000178a6ea2800 JavaThread "Unconstrained build operations Thread 14" [_thread_blocked, id=11020, stack(0x0000005d2cc00000,0x0000005d2cd00000)]
  0x00000178a6ea6000 JavaThread "Unconstrained build operations Thread 15" [_thread_blocked, id=13992, stack(0x0000005d2cd00000,0x0000005d2ce00000)]
  0x00000178a6ea0000 JavaThread "Unconstrained build operations Thread 16" [_thread_blocked, id=15048, stack(0x0000005d2ce00000,0x0000005d2cf00000)]
  0x00000178a6ea7800 JavaThread "Unconstrained build operations Thread 17" [_thread_blocked, id=6204, stack(0x0000005d2cf00000,0x0000005d2d000000)]
  0x00000178a6ea8800 JavaThread "Unconstrained build operations Thread 18" [_thread_blocked, id=1600, stack(0x0000005d2d000000,0x0000005d2d100000)]
  0x00000178a6ea9000 JavaThread "Unconstrained build operations Thread 19" [_thread_blocked, id=14796, stack(0x0000005d2d100000,0x0000005d2d200000)]
  0x00000178a699e800 JavaThread "Unconstrained build operations Thread 20" [_thread_blocked, id=9220, stack(0x0000005d2d200000,0x0000005d2d300000)]
  0x00000178a699b800 JavaThread "Unconstrained build operations Thread 21" [_thread_blocked, id=8944, stack(0x0000005d2d300000,0x0000005d2d400000)]
  0x00000178a699f800 JavaThread "Unconstrained build operations Thread 22" [_thread_blocked, id=2308, stack(0x0000005d2d400000,0x0000005d2d500000)]
  0x00000178a69a2000 JavaThread "Unconstrained build operations Thread 23" [_thread_blocked, id=9116, stack(0x0000005d2d500000,0x0000005d2d600000)]
  0x00000178a699d800 JavaThread "Unconstrained build operations Thread 24" [_thread_blocked, id=12048, stack(0x0000005d2d600000,0x0000005d2d700000)]
  0x00000178a69a0000 JavaThread "Unconstrained build operations Thread 25" [_thread_blocked, id=348, stack(0x0000005d2d700000,0x0000005d2d800000)]
  0x00000178a699d000 JavaThread "Unconstrained build operations Thread 26" [_thread_blocked, id=6760, stack(0x0000005d2d800000,0x0000005d2d900000)]
  0x00000178a69a1000 JavaThread "Unconstrained build operations Thread 27" [_thread_blocked, id=3936, stack(0x0000005d2d900000,0x0000005d2da00000)]
  0x00000178a699c000 JavaThread "Unconstrained build operations Thread 28" [_thread_blocked, id=4628, stack(0x0000005d2da00000,0x0000005d2db00000)]
  0x00000178a69a6800 JavaThread "Unconstrained build operations Thread 29" [_thread_blocked, id=2128, stack(0x0000005d2db00000,0x0000005d2dc00000)]
  0x00000178a69a2800 JavaThread "Unconstrained build operations Thread 30" [_thread_blocked, id=7452, stack(0x0000005d2dc00000,0x0000005d2dd00000)]
  0x00000178a69a8800 JavaThread "Unconstrained build operations Thread 31" [_thread_blocked, id=10740, stack(0x0000005d2dd00000,0x0000005d2de00000)]
  0x00000178a69a7800 JavaThread "Unconstrained build operations Thread 32" [_thread_blocked, id=15196, stack(0x0000005d2de00000,0x0000005d2df00000)]
  0x00000178a69a9000 JavaThread "Unconstrained build operations Thread 33" [_thread_blocked, id=13848, stack(0x0000005d2df00000,0x0000005d2e000000)]
  0x00000178a69a3800 JavaThread "Unconstrained build operations Thread 34" [_thread_blocked, id=7184, stack(0x0000005d2e000000,0x0000005d2e100000)]
  0x00000178a69aa000 JavaThread "Unconstrained build operations Thread 35" [_thread_blocked, id=11248, stack(0x0000005d2e100000,0x0000005d2e200000)]
  0x00000178a69a4000 JavaThread "Unconstrained build operations Thread 36" [_thread_blocked, id=9944, stack(0x0000005d2e200000,0x0000005d2e300000)]
  0x00000178a69a5000 JavaThread "Unconstrained build operations Thread 37" [_thread_blocked, id=10924, stack(0x0000005d2e300000,0x0000005d2e400000)]
  0x00000178a69a6000 JavaThread "Unconstrained build operations Thread 38" [_thread_blocked, id=1944, stack(0x0000005d2e400000,0x0000005d2e500000)]
  0x00000178a6f55000 JavaThread "Unconstrained build operations Thread 39" [_thread_blocked, id=5920, stack(0x0000005d2e500000,0x0000005d2e600000)]
  0x00000178a6f56800 JavaThread "Unconstrained build operations Thread 40" [_thread_blocked, id=12468, stack(0x0000005d2e600000,0x0000005d2e700000)]
  0x00000178a6f57800 JavaThread "build event listener" [_thread_blocked, id=3764, stack(0x0000005d2e700000,0x0000005d2e800000)]
  0x00000178a6f55800 JavaThread "included builds" [_thread_blocked, id=6864, stack(0x0000005d2e800000,0x0000005d2e900000)]
  0x00000178a6f58000 JavaThread "Execution worker for ':'" [_thread_blocked, id=12328, stack(0x0000005d2e900000,0x0000005d2ea00000)]
  0x00000178a6f59000 JavaThread "Execution worker for ':' Thread 2" [_thread_blocked, id=3344, stack(0x0000005d2ed00000,0x0000005d2ee00000)]
  0x00000178a6f5a000 JavaThread "Execution worker for ':' Thread 3" [_thread_blocked, id=3300, stack(0x0000005d2ee00000,0x0000005d2ef00000)]
  0x00000178a6f54000 JavaThread "Cache worker for execution history cache (C:\Users\ASUS\AndroidStudioProjects\PendataanToko\.gradle\7.4\executionHistory)" [_thread_blocked, id=6316, stack(0x0000005d2ef00000,0x0000005d2f000000)]
  0x00000178ab31f800 JavaThread "C2 CompilerThread1" daemon [_thread_blocked, id=10868, stack(0x0000005d2ae00000,0x0000005d2af00000)]
  0x00000178b392a000 JavaThread "WorkerExecutor Queue" [_thread_blocked, id=13856, stack(0x0000005d2f000000,0x0000005d2f100000)]

Other Threads:
=>0x00000178a4edc000 VMThread "VM Thread" [stack: 0x0000005d29800000,0x0000005d29900000] [id=9904]
  0x00000178a59ee000 WatcherThread [stack: 0x0000005d2a200000,0x0000005d2a300000] [id=7988]
  0x000001788b2ea000 GCTaskThread "GC Thread#0" [stack: 0x0000005d29300000,0x0000005d29400000] [id=3872]
  0x00000178a6089000 GCTaskThread "GC Thread#1" [stack: 0x0000005d2a300000,0x0000005d2a400000] [id=13576]
  0x00000178a608a000 GCTaskThread "GC Thread#2" [stack: 0x0000005d2a400000,0x0000005d2a500000] [id=10928]
  0x00000178a71d7000 GCTaskThread "GC Thread#3" [stack: 0x0000005d2af00000,0x0000005d2b000000] [id=13692]
  0x000001788b31a000 ConcurrentGCThread "G1 Main Marker" [stack: 0x0000005d29400000,0x0000005d29500000] [id=5260]
  0x000001788b31b800 ConcurrentGCThread "G1 Conc#0" [stack: 0x0000005d29500000,0x0000005d29600000] [id=9748]
  0x000001788b3aa800 ConcurrentGCThread "G1 Refine#0" [stack: 0x0000005d29600000,0x0000005d29700000] [id=13212]
  0x000001788b3ab800 ConcurrentGCThread "G1 Young RemSet Sampling" [stack: 0x0000005d29700000,0x0000005d29800000] [id=11108]

Threads with active compile tasks:
C2 CompilerThread0 275044 14142       4       org.objectweb.asm.AnnotationWriter::visit (935 bytes)
C2 CompilerThread1 275044 14132       4       com.android.utils.XmlUtils::append (645 bytes)

VM state:at safepoint (normal execution)

VM Mutex/Monitor currently owned by a thread:  ([mutex/lock_event])
[0x000001788b2d14d0] Threads_lock - owner thread: 0x00000178a4edc000
[0x000001788b2d2a30] Heap_lock - owner thread: 0x00000178b392a000

Heap address: 0x0000000080000000, size: 2048 MB, Compressed Oops mode: 32-bit
Narrow klass base: 0x0000000000000000, Narrow klass shift: 3
Compressed class space size: 1073741824 Address: 0x0000000100000000

Heap:
 garbage-first heap   total 316416K, used 185431K [0x0000000080000000, 0x0000000100000000)
  region size 1024K, 2 young (2048K), 2 survivors (2048K)
 Metaspace       used 105543K, capacity 108647K, committed 108956K, reserved 1144832K
  class space    used 13376K, capacity 14473K, committed 14592K, reserved 1048576K
Heap Regions: E=young(eden), S=young(survivor), O=old, HS=humongous(starts), HC=humongous(continues), CS=collection set, F=free, A=archive, TAMS=top-at-mark-start (previous, next)
|   0|0x0000000080000000, 0x0000000080100000, 0x0000000080100000|100%|HS|  |TAMS 0x0000000080100000, 0x0000000080000000| Complete 
|   1|0x0000000080100000, 0x0000000080200000, 0x0000000080200000|100%|HC|  |TAMS 0x0000000080200000, 0x0000000080100000| Complete 
|   2|0x0000000080200000, 0x0000000080300000, 0x0000000080300000|100%|HC|  |TAMS 0x0000000080300000, 0x0000000080200000| Complete 
|   3|0x0000000080300000, 0x0000000080400000, 0x0000000080400000|100%| O|  |TAMS 0x0000000080400000, 0x0000000080300000| Untracked 
|   4|0x0000000080400000, 0x0000000080500000, 0x0000000080500000|100%| O|  |TAMS 0x0000000080500000, 0x0000000080400000| Untracked 
|   5|0x0000000080500000, 0x0000000080600000, 0x0000000080600000|100%| O|  |TAMS 0x0000000080600000, 0x0000000080500000| Untracked 
|   6|0x0000000080600000, 0x0000000080700000, 0x0000000080700000|100%| O|  |TAMS 0x0000000080700000, 0x0000000080600000| Untracked 
|   7|0x0000000080700000, 0x0000000080800000, 0x0000000080800000|100%| O|  |TAMS 0x0000000080800000, 0x0000000080700000| Untracked 
|   8|0x0000000080800000, 0x0000000080900000, 0x0000000080900000|100%| O|  |TAMS 0x0000000080900000, 0x0000000080800000| Untracked 
|   9|0x0000000080900000, 0x0000000080a00000, 0x0000000080a00000|100%| O|  |TAMS 0x0000000080a00000, 0x0000000080900000| Untracked 
|  10|0x0000000080a00000, 0x0000000080b00000, 0x0000000080b00000|100%| O|  |TAMS 0x0000000080b00000, 0x0000000080a00000| Untracked 
|  11|0x0000000080b00000, 0x0000000080c00000, 0x0000000080c00000|100%| O|  |TAMS 0x0000000080c00000, 0x0000000080b00000| Untracked 
|  12|0x0000000080c00000, 0x0000000080d00000, 0x0000000080d00000|100%| O|  |TAMS 0x0000000080d00000, 0x0000000080c00000| Untracked 
|  13|0x0000000080d00000, 0x0000000080e00000, 0x0000000080e00000|100%| O|  |TAMS 0x0000000080e00000, 0x0000000080d00000| Untracked 
|  14|0x0000000080e00000, 0x0000000080f00000, 0x0000000080f00000|100%| O|  |TAMS 0x0000000080f00000, 0x0000000080e00000| Untracked 
|  15|0x0000000080f00000, 0x0000000081000000, 0x0000000081000000|100%| O|  |TAMS 0x0000000081000000, 0x0000000080f00000| Untracked 
|  16|0x0000000081000000, 0x0000000081100000, 0x0000000081100000|100%|HS|  |TAMS 0x0000000081100000, 0x0000000081000000| Complete 
|  17|0x0000000081100000, 0x0000000081200000, 0x0000000081200000|100%|HC|  |TAMS 0x0000000081200000, 0x0000000081100000| Complete 
|  18|0x0000000081200000, 0x0000000081300000, 0x0000000081300000|100%|HS|  |TAMS 0x0000000081300000, 0x0000000081200000| Complete 
|  19|0x0000000081300000, 0x0000000081400000, 0x0000000081400000|100%|HC|  |TAMS 0x0000000081400000, 0x0000000081300000| Complete 
|  20|0x0000000081400000, 0x0000000081500000, 0x0000000081500000|100%|HC|  |TAMS 0x0000000081500000, 0x0000000081400000| Complete 
|  21|0x0000000081500000, 0x0000000081600000, 0x0000000081600000|100%|HS|  |TAMS 0x0000000081600000, 0x0000000081500000| Complete 
|  22|0x0000000081600000, 0x0000000081700000, 0x0000000081700000|100%|HC|  |TAMS 0x0000000081700000, 0x0000000081600000| Complete 
|  23|0x0000000081700000, 0x0000000081800000, 0x0000000081800000|100%|HC|  |TAMS 0x0000000081800000, 0x0000000081700000| Complete 
|  24|0x0000000081800000, 0x0000000081900000, 0x0000000081900000|100%|HS|  |TAMS 0x0000000081900000, 0x0000000081800000| Complete 
|  25|0x0000000081900000, 0x0000000081a00000, 0x0000000081a00000|100%|HC|  |TAMS 0x0000000081a00000, 0x0000000081900000| Complete 
|  26|0x0000000081a00000, 0x0000000081b00000, 0x0000000081b00000|100%|HC|  |TAMS 0x0000000081b00000, 0x0000000081a00000| Complete 
|  27|0x0000000081b00000, 0x0000000081c00000, 0x0000000081c00000|100%|HC|  |TAMS 0x0000000081c00000, 0x0000000081b00000| Complete 
|  28|0x0000000081c00000, 0x0000000081d00000, 0x0000000081d00000|100%|HS|  |TAMS 0x0000000081d00000, 0x0000000081c00000| Complete 
|  29|0x0000000081d00000, 0x0000000081e00000, 0x0000000081e00000|100%|HC|  |TAMS 0x0000000081e00000, 0x0000000081d00000| Complete 
|  30|0x0000000081e00000, 0x0000000081f00000, 0x0000000081f00000|100%|HC|  |TAMS 0x0000000081f00000, 0x0000000081e00000| Complete 
|  31|0x0000000081f00000, 0x0000000082000000, 0x0000000082000000|100%|HC|  |TAMS 0x0000000082000000, 0x0000000081f00000| Complete 
|  32|0x0000000082000000, 0x0000000082100000, 0x0000000082100000|100%|HC|  |TAMS 0x0000000082100000, 0x0000000082000000| Complete 
|  33|0x0000000082100000, 0x0000000082200000, 0x0000000082200000|100%| O|  |TAMS 0x0000000082200000, 0x0000000082100000| Untracked 
|  34|0x0000000082200000, 0x0000000082300000, 0x0000000082300000|100%| O|  |TAMS 0x0000000082300000, 0x0000000082200000| Untracked 
|  35|0x0000000082300000, 0x0000000082400000, 0x0000000082400000|100%| O|  |TAMS 0x0000000082400000, 0x0000000082300000| Untracked 
|  36|0x0000000082400000, 0x0000000082500000, 0x0000000082500000|100%| O|  |TAMS 0x0000000082500000, 0x0000000082400000| Untracked 
|  37|0x0000000082500000, 0x0000000082600000, 0x0000000082600000|100%| O|  |TAMS 0x0000000082600000, 0x0000000082500000| Untracked 
|  38|0x0000000082600000, 0x0000000082700000, 0x0000000082700000|100%| O|  |TAMS 0x0000000082700000, 0x0000000082600000| Untracked 
|  39|0x0000000082700000, 0x0000000082800000, 0x0000000082800000|100%| O|  |TAMS 0x0000000082800000, 0x0000000082700000| Untracked 
|  40|0x0000000082800000, 0x0000000082900000, 0x0000000082900000|100%| O|  |TAMS 0x0000000082900000, 0x0000000082800000| Untracked 
|  41|0x0000000082900000, 0x0000000082a00000, 0x0000000082a00000|100%|HS|  |TAMS 0x0000000082a00000, 0x0000000082900000| Complete 
|  42|0x0000000082a00000, 0x0000000082b00000, 0x0000000082b00000|100%|HC|  |TAMS 0x0000000082b00000, 0x0000000082a00000| Complete 
|  43|0x0000000082b00000, 0x0000000082c00000, 0x0000000082c00000|100%|HC|  |TAMS 0x0000000082c00000, 0x0000000082b00000| Complete 
|  44|0x0000000082c00000, 0x0000000082d00000, 0x0000000082d00000|100%|HC|  |TAMS 0x0000000082d00000, 0x0000000082c00000| Complete 
|  45|0x0000000082d00000, 0x0000000082e00000, 0x0000000082e00000|100%|HS|  |TAMS 0x0000000082e00000, 0x0000000082d00000| Complete 
|  46|0x0000000082e00000, 0x0000000082f00000, 0x0000000082f00000|100%|HC|  |TAMS 0x0000000082f00000, 0x0000000082e00000| Complete 
|  47|0x0000000082f00000, 0x0000000083000000, 0x0000000083000000|100%|HC|  |TAMS 0x0000000083000000, 0x0000000082f00000| Complete 
|  48|0x0000000083000000, 0x0000000083100000, 0x0000000083100000|100%|HS|  |TAMS 0x0000000083100000, 0x0000000083000000| Complete 
|  49|0x0000000083100000, 0x0000000083200000, 0x0000000083200000|100%|HC|  |TAMS 0x0000000083200000, 0x0000000083100000| Complete 
|  50|0x0000000083200000, 0x0000000083300000, 0x0000000083300000|100%|HS|  |TAMS 0x0000000083300000, 0x0000000083200000| Complete 
|  51|0x0000000083300000, 0x0000000083400000, 0x0000000083400000|100%|HC|  |TAMS 0x0000000083400000, 0x0000000083300000| Complete 
|  52|0x0000000083400000, 0x0000000083500000, 0x0000000083500000|100%|HC|  |TAMS 0x0000000083500000, 0x0000000083400000| Complete 
|  53|0x0000000083500000, 0x0000000083600000, 0x0000000083600000|100%| O|  |TAMS 0x0000000083600000, 0x0000000083500000| Untracked 
|  54|0x0000000083600000, 0x0000000083700000, 0x0000000083700000|100%| O|  |TAMS 0x0000000083700000, 0x0000000083600000| Untracked 
|  55|0x0000000083700000, 0x0000000083800000, 0x0000000083800000|100%| O|  |TAMS 0x0000000083800000, 0x0000000083700000| Untracked 
|  56|0x0000000083800000, 0x0000000083900000, 0x0000000083900000|100%| O|  |TAMS 0x0000000083900000, 0x0000000083800000| Untracked 
|  57|0x0000000083900000, 0x0000000083a00000, 0x0000000083a00000|100%| O|  |TAMS 0x0000000083a00000, 0x0000000083900000| Untracked 
|  58|0x0000000083a00000, 0x0000000083b00000, 0x0000000083b00000|100%| O|  |TAMS 0x0000000083b00000, 0x0000000083a00000| Untracked 
|  59|0x0000000083b00000, 0x0000000083c00000, 0x0000000083c00000|100%| O|  |TAMS 0x0000000083c00000, 0x0000000083b00000| Untracked 
|  60|0x0000000083c00000, 0x0000000083d00000, 0x0000000083d00000|100%| O|  |TAMS 0x0000000083d00000, 0x0000000083c00000| Untracked 
|  61|0x0000000083d00000, 0x0000000083e00000, 0x0000000083e00000|100%| O|  |TAMS 0x0000000083e00000, 0x0000000083d00000| Untracked 
|  62|0x0000000083e00000, 0x0000000083f00000, 0x0000000083f00000|100%| O|  |TAMS 0x0000000083f00000, 0x0000000083e00000| Untracked 
|  63|0x0000000083f00000, 0x0000000084000000, 0x0000000084000000|100%|HS|  |TAMS 0x0000000084000000, 0x0000000083f00000| Complete 
|  64|0x0000000084000000, 0x0000000084100000, 0x0000000084100000|100%|HC|  |TAMS 0x0000000084100000, 0x0000000084000000| Complete 
|  65|0x0000000084100000, 0x0000000084200000, 0x0000000084200000|100%|HC|  |TAMS 0x0000000084200000, 0x0000000084100000| Complete 
|  66|0x0000000084200000, 0x0000000084300000, 0x0000000084300000|100%|HC|  |TAMS 0x0000000084300000, 0x0000000084200000| Complete 
|  67|0x0000000084300000, 0x0000000084400000, 0x0000000084400000|100%|HC|  |TAMS 0x0000000084400000, 0x0000000084300000| Complete 
|  68|0x0000000084400000, 0x0000000084500000, 0x0000000084500000|100%| O|  |TAMS 0x0000000084500000, 0x0000000084400000| Untracked 
|  69|0x0000000084500000, 0x0000000084600000, 0x0000000084600000|100%| O|  |TAMS 0x0000000084600000, 0x0000000084500000| Untracked 
|  70|0x0000000084600000, 0x0000000084700000, 0x0000000084700000|100%| O|  |TAMS 0x0000000084700000, 0x0000000084600000| Untracked 
|  71|0x0000000084700000, 0x0000000084800000, 0x0000000084800000|100%| O|  |TAMS 0x0000000084800000, 0x0000000084700000| Untracked 
|  72|0x0000000084800000, 0x0000000084900000, 0x0000000084900000|100%| O|  |TAMS 0x0000000084900000, 0x0000000084800000| Untracked 
|  73|0x0000000084900000, 0x0000000084a00000, 0x0000000084a00000|100%| O|  |TAMS 0x0000000084a00000, 0x0000000084900000| Untracked 
|  74|0x0000000084a00000, 0x0000000084b00000, 0x0000000084b00000|100%|HS|  |TAMS 0x0000000084b00000, 0x0000000084a00000| Complete 
|  75|0x0000000084b00000, 0x0000000084c00000, 0x0000000084c00000|100%|HS|  |TAMS 0x0000000084c00000, 0x0000000084b00000| Complete 
|  76|0x0000000084c00000, 0x0000000084d00000, 0x0000000084d00000|100%| O|  |TAMS 0x0000000084d00000, 0x0000000084c00000| Untracked 
|  77|0x0000000084d00000, 0x0000000084e00000, 0x0000000084e00000|100%| O|  |TAMS 0x0000000084e00000, 0x0000000084d00000| Untracked 
|  78|0x0000000084e00000, 0x0000000084f00000, 0x0000000084f00000|100%| O|  |TAMS 0x0000000084f00000, 0x0000000084e00000| Untracked 
|  79|0x0000000084f00000, 0x0000000085000000, 0x0000000085000000|100%| O|  |TAMS 0x0000000085000000, 0x0000000084f00000| Untracked 
|  80|0x0000000085000000, 0x0000000085100000, 0x0000000085100000|100%| O|  |TAMS 0x0000000085100000, 0x0000000085000000| Untracked 
|  81|0x0000000085100000, 0x0000000085200000, 0x0000000085200000|100%| O|  |TAMS 0x0000000085200000, 0x0000000085100000| Untracked 
|  82|0x0000000085200000, 0x0000000085300000, 0x0000000085300000|100%| O|  |TAMS 0x0000000085300000, 0x0000000085200000| Untracked 
|  83|0x0000000085300000, 0x0000000085400000, 0x0000000085400000|100%| O|  |TAMS 0x0000000085400000, 0x0000000085300000| Untracked 
|  84|0x0000000085400000, 0x0000000085500000, 0x0000000085500000|100%|HS|  |TAMS 0x0000000085500000, 0x0000000085400000| Complete 
|  85|0x0000000085500000, 0x0000000085600000, 0x0000000085600000|100%|HC|  |TAMS 0x0000000085600000, 0x0000000085500000| Complete 
|  86|0x0000000085600000, 0x0000000085700000, 0x0000000085700000|100%| O|  |TAMS 0x0000000085700000, 0x0000000085600000| Untracked 
|  87|0x0000000085700000, 0x0000000085800000, 0x0000000085800000|100%| O|  |TAMS 0x0000000085800000, 0x0000000085700000| Untracked 
|  88|0x0000000085800000, 0x0000000085900000, 0x0000000085900000|100%| O|  |TAMS 0x0000000085900000, 0x0000000085800000| Untracked 
|  89|0x0000000085900000, 0x0000000085a00000, 0x0000000085a00000|100%| O|  |TAMS 0x0000000085a00000, 0x0000000085900000| Untracked 
|  90|0x0000000085a00000, 0x0000000085b00000, 0x0000000085b00000|100%| O|  |TAMS 0x0000000085b00000, 0x0000000085a00000| Untracked 
|  91|0x0000000085b00000, 0x0000000085c00000, 0x0000000085c00000|100%| O|  |TAMS 0x0000000085c00000, 0x0000000085b00000| Untracked 
|  92|0x0000000085c00000, 0x0000000085d00000, 0x0000000085d00000|100%| O|  |TAMS 0x0000000085d00000, 0x0000000085c00000| Untracked 
|  93|0x0000000085d00000, 0x0000000085e00000, 0x0000000085e00000|100%| O|  |TAMS 0x0000000085e00000, 0x0000000085d00000| Untracked 
|  94|0x0000000085e00000, 0x0000000085f00000, 0x0000000085f00000|100%| O|  |TAMS 0x0000000085f00000, 0x0000000085e00000| Untracked 
|  95|0x0000000085f00000, 0x0000000086000000, 0x0000000086000000|100%| O|  |TAMS 0x0000000086000000, 0x0000000085f00000| Untracked 
|  96|0x0000000086000000, 0x0000000086100000, 0x0000000086100000|100%| O|  |TAMS 0x0000000086100000, 0x0000000086000000| Untracked 
|  97|0x0000000086100000, 0x0000000086200000, 0x0000000086200000|100%| O|  |TAMS 0x0000000086200000, 0x0000000086100000| Untracked 
|  98|0x0000000086200000, 0x0000000086300000, 0x0000000086300000|100%| O|  |TAMS 0x0000000086300000, 0x0000000086200000| Untracked 
|  99|0x0000000086300000, 0x0000000086400000, 0x0000000086400000|100%| O|  |TAMS 0x0000000086400000, 0x0000000086300000| Untracked 
| 100|0x0000000086400000, 0x0000000086500000, 0x0000000086500000|100%| O|  |TAMS 0x0000000086500000, 0x0000000086400000| Untracked 
| 101|0x0000000086500000, 0x0000000086600000, 0x0000000086600000|100%| O|  |TAMS 0x0000000086600000, 0x0000000086500000| Untracked 
| 102|0x0000000086600000, 0x0000000086700000, 0x0000000086700000|100%| O|  |TAMS 0x0000000086700000, 0x0000000086600000| Untracked 
| 103|0x0000000086700000, 0x0000000086800000, 0x0000000086800000|100%| O|  |TAMS 0x0000000086800000, 0x0000000086700000| Untracked 
| 104|0x0000000086800000, 0x0000000086900000, 0x0000000086900000|100%|HS|  |TAMS 0x0000000086900000, 0x0000000086800000| Complete 
| 105|0x0000000086900000, 0x0000000086a00000, 0x0000000086a00000|100%|HS|  |TAMS 0x0000000086a00000, 0x0000000086900000| Complete 
| 106|0x0000000086a00000, 0x0000000086b00000, 0x0000000086b00000|100%|HC|  |TAMS 0x0000000086b00000, 0x0000000086a00000| Complete 
| 107|0x0000000086b00000, 0x0000000086c00000, 0x0000000086c00000|100%|HS|  |TAMS 0x0000000086c00000, 0x0000000086b00000| Complete 
| 108|0x0000000086c00000, 0x0000000086d00000, 0x0000000086d00000|100%|HC|  |TAMS 0x0000000086d00000, 0x0000000086c00000| Complete 
| 109|0x0000000086d00000, 0x0000000086e00000, 0x0000000086e00000|100%|HC|  |TAMS 0x0000000086e00000, 0x0000000086d00000| Complete 
| 110|0x0000000086e00000, 0x0000000086f00000, 0x0000000086f00000|100%|HS|  |TAMS 0x0000000086f00000, 0x0000000086e00000| Complete 
| 111|0x0000000086f00000, 0x0000000087000000, 0x0000000087000000|100%|HC|  |TAMS 0x0000000087000000, 0x0000000086f00000| Complete 
| 112|0x0000000087000000, 0x0000000087100000, 0x0000000087100000|100%|HC|  |TAMS 0x0000000087100000, 0x0000000087000000| Complete 
| 113|0x0000000087100000, 0x0000000087200000, 0x0000000087200000|100%|HS|  |TAMS 0x0000000087200000, 0x0000000087100000| Complete 
| 114|0x0000000087200000, 0x0000000087300000, 0x0000000087300000|100%|HC|  |TAMS 0x0000000087300000, 0x0000000087200000| Complete 
| 115|0x0000000087300000, 0x0000000087400000, 0x0000000087400000|100%|HC|  |TAMS 0x0000000087400000, 0x0000000087300000| Complete 
| 116|0x0000000087400000, 0x0000000087500000, 0x0000000087500000|100%|HC|  |TAMS 0x0000000087500000, 0x0000000087400000| Complete 
| 117|0x0000000087500000, 0x0000000087600000, 0x0000000087600000|100%|HS|  |TAMS 0x0000000087600000, 0x0000000087500000| Complete 
| 118|0x0000000087600000, 0x0000000087700000, 0x0000000087700000|100%|HC|  |TAMS 0x0000000087700000, 0x0000000087600000| Complete 
| 119|0x0000000087700000, 0x0000000087800000, 0x0000000087800000|100%|HC|  |TAMS 0x0000000087800000, 0x0000000087700000| Complete 
| 120|0x0000000087800000, 0x0000000087900000, 0x0000000087900000|100%|HC|  |TAMS 0x0000000087900000, 0x0000000087800000| Complete 
| 121|0x0000000087900000, 0x0000000087a00000, 0x0000000087a00000|100%|HC|  |TAMS 0x0000000087a00000, 0x0000000087900000| Complete 
| 122|0x0000000087a00000, 0x0000000087b00000, 0x0000000087b00000|100%|HS|  |TAMS 0x0000000087b00000, 0x0000000087a00000| Complete 
| 123|0x0000000087b00000, 0x0000000087c00000, 0x0000000087c00000|100%| O|  |TAMS 0x0000000087c00000, 0x0000000087b00000| Untracked 
| 124|0x0000000087c00000, 0x0000000087d00000, 0x0000000087d00000|100%| O|  |TAMS 0x0000000087d00000, 0x0000000087c00000| Untracked 
| 125|0x0000000087d00000, 0x0000000087e00000, 0x0000000087e00000|100%| O|  |TAMS 0x0000000087e00000, 0x0000000087d00000| Untracked 
| 126|0x0000000087e00000, 0x0000000087f00000, 0x0000000087f00000|100%| O|  |TAMS 0x0000000087f00000, 0x0000000087e00000| Untracked 
| 127|0x0000000087f00000, 0x0000000088000000, 0x0000000088000000|100%| O|  |TAMS 0x0000000088000000, 0x0000000087f00000| Untracked 
| 128|0x0000000088000000, 0x0000000088100000, 0x0000000088100000|100%| O|  |TAMS 0x0000000088100000, 0x0000000088000000| Untracked 
| 129|0x0000000088100000, 0x0000000088200000, 0x0000000088200000|100%| O|  |TAMS 0x0000000088200000, 0x0000000088100000| Untracked 
| 130|0x0000000088200000, 0x0000000088300000, 0x0000000088300000|100%| O|  |TAMS 0x0000000088300000, 0x0000000088200000| Untracked 
| 131|0x0000000088300000, 0x0000000088400000, 0x0000000088400000|100%| O|  |TAMS 0x0000000088400000, 0x0000000088300000| Untracked 
| 132|0x0000000088400000, 0x0000000088500000, 0x0000000088500000|100%| O|  |TAMS 0x0000000088500000, 0x0000000088400000| Untracked 
| 133|0x0000000088500000, 0x0000000088600000, 0x0000000088600000|100%| O|  |TAMS 0x0000000088600000, 0x0000000088500000| Untracked 
| 134|0x0000000088600000, 0x0000000088700000, 0x0000000088700000|100%| O|  |TAMS 0x0000000088700000, 0x0000000088600000| Untracked 
| 135|0x0000000088700000, 0x0000000088800000, 0x0000000088800000|100%| O|  |TAMS 0x0000000088800000, 0x0000000088700000| Untracked 
| 136|0x0000000088800000, 0x0000000088900000, 0x0000000088900000|100%| O|  |TAMS 0x0000000088900000, 0x0000000088800000| Untracked 
| 137|0x0000000088900000, 0x0000000088a00000, 0x0000000088a00000|100%| O|  |TAMS 0x0000000088a00000, 0x0000000088900000| Untracked 
| 138|0x0000000088a00000, 0x0000000088b00000, 0x0000000088b00000|100%| O|  |TAMS 0x0000000088b00000, 0x0000000088a00000| Untracked 
| 139|0x0000000088b00000, 0x0000000088c00000, 0x0000000088c00000|100%| O|  |TAMS 0x0000000088c00000, 0x0000000088b00000| Untracked 
| 140|0x0000000088c00000, 0x0000000088d00000, 0x0000000088d00000|100%| O|  |TAMS 0x0000000088d00000, 0x0000000088c00000| Untracked 
| 141|0x0000000088d00000, 0x0000000088e00000, 0x0000000088e00000|100%| O|  |TAMS 0x0000000088e00000, 0x0000000088d00000| Untracked 
| 142|0x0000000088e00000, 0x0000000088f00000, 0x0000000088f00000|100%| O|  |TAMS 0x0000000088f00000, 0x0000000088e00000| Untracked 
| 143|0x0000000088f00000, 0x0000000089000000, 0x0000000089000000|100%| O|  |TAMS 0x0000000089000000, 0x0000000088f00000| Untracked 
| 144|0x0000000089000000, 0x0000000089100000, 0x0000000089100000|100%| O|  |TAMS 0x0000000089100000, 0x0000000089000000| Untracked 
| 145|0x0000000089100000, 0x0000000089200000, 0x0000000089200000|100%| O|  |TAMS 0x0000000089200000, 0x0000000089100000| Untracked 
| 146|0x0000000089200000, 0x0000000089300000, 0x0000000089300000|100%| O|  |TAMS 0x0000000089300000, 0x0000000089200000| Untracked 
| 147|0x0000000089300000, 0x0000000089400000, 0x0000000089400000|100%| O|  |TAMS 0x0000000089400000, 0x0000000089300000| Untracked 
| 148|0x0000000089400000, 0x0000000089500000, 0x0000000089500000|100%| O|  |TAMS 0x0000000089500000, 0x0000000089400000| Untracked 
| 149|0x0000000089500000, 0x0000000089600000, 0x0000000089600000|100%| O|  |TAMS 0x0000000089600000, 0x0000000089500000| Untracked 
| 150|0x0000000089600000, 0x0000000089700000, 0x0000000089700000|100%| O|  |TAMS 0x0000000089700000, 0x0000000089600000| Untracked 
| 151|0x0000000089700000, 0x0000000089800000, 0x0000000089800000|100%| O|  |TAMS 0x0000000089800000, 0x0000000089700000| Untracked 
| 152|0x0000000089800000, 0x0000000089900000, 0x0000000089900000|100%| O|  |TAMS 0x0000000089900000, 0x0000000089800000| Untracked 
| 153|0x0000000089900000, 0x0000000089a00000, 0x0000000089a00000|100%| O|  |TAMS 0x0000000089a00000, 0x0000000089900000| Untracked 
| 154|0x0000000089a00000, 0x0000000089b00000, 0x0000000089b00000|100%| O|  |TAMS 0x0000000089b00000, 0x0000000089a00000| Untracked 
| 155|0x0000000089b00000, 0x0000000089c00000, 0x0000000089c00000|100%| O|  |TAMS 0x0000000089c00000, 0x0000000089b00000| Untracked 
| 156|0x0000000089c00000, 0x0000000089d00000, 0x0000000089d00000|100%| O|  |TAMS 0x0000000089d00000, 0x0000000089c00000| Untracked 
| 157|0x0000000089d00000, 0x0000000089e00000, 0x0000000089e00000|100%| O|  |TAMS 0x0000000089e00000, 0x0000000089d00000| Untracked 
| 158|0x0000000089e00000, 0x0000000089f00000, 0x0000000089f00000|100%| O|  |TAMS 0x0000000089f00000, 0x0000000089e00000| Untracked 
| 159|0x0000000089f00000, 0x000000008a000000, 0x000000008a000000|100%| O|  |TAMS 0x000000008a000000, 0x0000000089f00000| Untracked 
| 160|0x000000008a000000, 0x000000008a100000, 0x000000008a100000|100%| O|  |TAMS 0x000000008a100000, 0x000000008a000000| Untracked 
| 161|0x000000008a100000, 0x000000008a200000, 0x000000008a200000|100%| O|  |TAMS 0x000000008a200000, 0x000000008a100000| Untracked 
| 162|0x000000008a200000, 0x000000008a300000, 0x000000008a300000|100%| O|  |TAMS 0x000000008a300000, 0x000000008a200000| Untracked 
| 163|0x000000008a300000, 0x000000008a400000, 0x000000008a400000|100%| O|  |TAMS 0x000000008a400000, 0x000000008a300000| Untracked 
| 164|0x000000008a400000, 0x000000008a500000, 0x000000008a500000|100%| O|  |TAMS 0x000000008a500000, 0x000000008a400000| Untracked 
| 165|0x000000008a500000, 0x000000008a600000, 0x000000008a600000|100%| O|  |TAMS 0x000000008a600000, 0x000000008a500000| Untracked 
| 166|0x000000008a600000, 0x000000008a700000, 0x000000008a700000|100%| O|  |TAMS 0x000000008a700000, 0x000000008a600000| Untracked 
| 167|0x000000008a700000, 0x000000008a800000, 0x000000008a800000|100%| O|  |TAMS 0x000000008a800000, 0x000000008a700000| Untracked 
| 168|0x000000008a800000, 0x000000008a900000, 0x000000008a900000|100%| O|  |TAMS 0x000000008a900000, 0x000000008a800000| Untracked 
| 169|0x000000008a900000, 0x000000008aa00000, 0x000000008aa00000|100%| O|  |TAMS 0x000000008aa00000, 0x000000008a900000| Untracked 
| 170|0x000000008aa00000, 0x000000008ab00000, 0x000000008ab00000|100%| O|  |TAMS 0x000000008ab00000, 0x000000008aa00000| Untracked 
| 171|0x000000008ab00000, 0x000000008ac00000, 0x000000008ac00000|100%| O|  |TAMS 0x000000008ac00000, 0x000000008ab00000| Untracked 
| 172|0x000000008ac00000, 0x000000008ad00000, 0x000000008ad00000|100%| O|  |TAMS 0x000000008ac85e00, 0x000000008ac00000| Untracked 
| 173|0x000000008ad00000, 0x000000008ae00000, 0x000000008ae00000|100%| O|  |TAMS 0x000000008ad00000, 0x000000008ad00000| Untracked 
| 174|0x000000008ae00000, 0x000000008ae00000, 0x000000008af00000|  0%| F|  |TAMS 0x000000008ae00000, 0x000000008ae00000| Untracked 
| 175|0x000000008af00000, 0x000000008af00000, 0x000000008b000000|  0%| F|  |TAMS 0x000000008af00000, 0x000000008af00000| Untracked 
| 176|0x000000008b000000, 0x000000008b000000, 0x000000008b100000|  0%| F|  |TAMS 0x000000008b000000, 0x000000008b000000| Untracked 
| 177|0x000000008b100000, 0x000000008b100000, 0x000000008b200000|  0%| F|  |TAMS 0x000000008b100000, 0x000000008b100000| Untracked 
| 178|0x000000008b200000, 0x000000008b200000, 0x000000008b300000|  0%| F|  |TAMS 0x000000008b200000, 0x000000008b200000| Untracked 
| 179|0x000000008b300000, 0x000000008b300000, 0x000000008b400000|  0%| F|  |TAMS 0x000000008b300000, 0x000000008b300000| Untracked 
| 180|0x000000008b400000, 0x000000008b400000, 0x000000008b500000|  0%| F|  |TAMS 0x000000008b400000, 0x000000008b400000| Untracked 
| 181|0x000000008b500000, 0x000000008b500000, 0x000000008b600000|  0%| F|  |TAMS 0x000000008b500000, 0x000000008b500000| Untracked 
| 182|0x000000008b600000, 0x000000008b600000, 0x000000008b700000|  0%| F|  |TAMS 0x000000008b600000, 0x000000008b600000| Untracked 
| 183|0x000000008b700000, 0x000000008b700000, 0x000000008b800000|  0%| F|  |TAMS 0x000000008b700000, 0x000000008b700000| Untracked 
| 184|0x000000008b800000, 0x000000008b800000, 0x000000008b900000|  0%| F|  |TAMS 0x000000008b800000, 0x000000008b800000| Untracked 
| 185|0x000000008b900000, 0x000000008b900000, 0x000000008ba00000|  0%| F|  |TAMS 0x000000008b900000, 0x000000008b900000| Untracked 
| 186|0x000000008ba00000, 0x000000008ba00000, 0x000000008bb00000|  0%| F|  |TAMS 0x000000008ba00000, 0x000000008ba00000| Untracked 
| 187|0x000000008bb00000, 0x000000008bb00000, 0x000000008bc00000|  0%| F|  |TAMS 0x000000008bb00000, 0x000000008bb00000| Untracked 
| 188|0x000000008bc00000, 0x000000008bc00000, 0x000000008bd00000|  0%| F|  |TAMS 0x000000008bc00000, 0x000000008bc00000| Untracked 
| 189|0x000000008bd00000, 0x000000008bd00000, 0x000000008be00000|  0%| F|  |TAMS 0x000000008bd00000, 0x000000008bd00000| Untracked 
| 190|0x000000008be00000, 0x000000008be00000, 0x000000008bf00000|  0%| F|  |TAMS 0x000000008be00000, 0x000000008be00000| Untracked 
| 191|0x000000008bf00000, 0x000000008c000000, 0x000000008c000000|100%| O|  |TAMS 0x000000008bf00000, 0x000000008bf00000| Untracked 
| 192|0x000000008c000000, 0x000000008c100000, 0x000000008c100000|100%| O|  |TAMS 0x000000008c000000, 0x000000008c000000| Untracked 
| 193|0x000000008c100000, 0x000000008c200000, 0x000000008c200000|100%| O|  |TAMS 0x000000008c100000, 0x000000008c100000| Untracked 
| 194|0x000000008c200000, 0x000000008c300000, 0x000000008c300000|100%| O|  |TAMS 0x000000008c200000, 0x000000008c200000| Untracked 
| 195|0x000000008c300000, 0x000000008c400000, 0x000000008c400000|100%| O|  |TAMS 0x000000008c300000, 0x000000008c300000| Untracked 
| 196|0x000000008c400000, 0x000000008c415e00, 0x000000008c500000|  8%| O|  |TAMS 0x000000008c400000, 0x000000008c400000| Untracked 
| 197|0x000000008c500000, 0x000000008c500000, 0x000000008c600000|  0%| F|  |TAMS 0x000000008c500000, 0x000000008c500000| Untracked 
| 198|0x000000008c600000, 0x000000008c600000, 0x000000008c700000|  0%| F|  |TAMS 0x000000008c600000, 0x000000008c600000| Untracked 
| 199|0x000000008c700000, 0x000000008c700000, 0x000000008c800000|  0%| F|  |TAMS 0x000000008c700000, 0x000000008c700000| Untracked 
| 200|0x000000008c800000, 0x000000008c800000, 0x000000008c900000|  0%| F|  |TAMS 0x000000008c800000, 0x000000008c800000| Untracked 
| 201|0x000000008c900000, 0x000000008c900000, 0x000000008ca00000|  0%| F|  |TAMS 0x000000008c900000, 0x000000008c900000| Untracked 
| 202|0x000000008ca00000, 0x000000008ca00000, 0x000000008cb00000|  0%| F|  |TAMS 0x000000008ca00000, 0x000000008ca00000| Untracked 
| 203|0x000000008cb00000, 0x000000008cb00000, 0x000000008cc00000|  0%| F|  |TAMS 0x000000008cb00000, 0x000000008cb00000| Untracked 
| 204|0x000000008cc00000, 0x000000008cc00000, 0x000000008cd00000|  0%| F|  |TAMS 0x000000008cc00000, 0x000000008cc00000| Untracked 
| 205|0x000000008cd00000, 0x000000008cd00000, 0x000000008ce00000|  0%| F|  |TAMS 0x000000008cd00000, 0x000000008cd00000| Untracked 
| 206|0x000000008ce00000, 0x000000008ce00000, 0x000000008cf00000|  0%| F|  |TAMS 0x000000008ce00000, 0x000000008ce00000| Untracked 
| 207|0x000000008cf00000, 0x000000008cf00000, 0x000000008d000000|  0%| F|  |TAMS 0x000000008cf00000, 0x000000008cf00000| Untracked 
| 208|0x000000008d000000, 0x000000008d100000, 0x000000008d100000|100%| S|CS|TAMS 0x000000008d000000, 0x000000008d000000| Complete 
| 209|0x000000008d100000, 0x000000008d200000, 0x000000008d200000|100%| S|CS|TAMS 0x000000008d100000, 0x000000008d100000| Complete 
| 210|0x000000008d200000, 0x000000008d200000, 0x000000008d300000|  0%| F|  |TAMS 0x000000008d200000, 0x000000008d200000| Untracked 
| 211|0x000000008d300000, 0x000000008d300000, 0x000000008d400000|  0%| F|  |TAMS 0x000000008d300000, 0x000000008d300000| Untracked 
| 212|0x000000008d400000, 0x000000008d400000, 0x000000008d500000|  0%| F|  |TAMS 0x000000008d400000, 0x000000008d400000| Untracked 
| 213|0x000000008d500000, 0x000000008d500000, 0x000000008d600000|  0%| F|  |TAMS 0x000000008d500000, 0x000000008d500000| Untracked 
| 214|0x000000008d600000, 0x000000008d600000, 0x000000008d700000|  0%| F|  |TAMS 0x000000008d600000, 0x000000008d600000| Untracked 
| 215|0x000000008d700000, 0x000000008d700000, 0x000000008d800000|  0%| F|  |TAMS 0x000000008d700000, 0x000000008d700000| Untracked 
| 216|0x000000008d800000, 0x000000008d800000, 0x000000008d900000|  0%| F|  |TAMS 0x000000008d800000, 0x000000008d800000| Untracked 
| 217|0x000000008d900000, 0x000000008d900000, 0x000000008da00000|  0%| F|  |TAMS 0x000000008d900000, 0x000000008d900000| Untracked 
| 218|0x000000008da00000, 0x000000008da00000, 0x000000008db00000|  0%| F|  |TAMS 0x000000008da00000, 0x000000008da00000| Untracked 
| 219|0x000000008db00000, 0x000000008db00000, 0x000000008dc00000|  0%| F|  |TAMS 0x000000008db00000, 0x000000008db00000| Untracked 
| 220|0x000000008dc00000, 0x000000008dc00000, 0x000000008dd00000|  0%| F|  |TAMS 0x000000008dc00000, 0x000000008dc00000| Untracked 
| 221|0x000000008dd00000, 0x000000008dd00000, 0x000000008de00000|  0%| F|  |TAMS 0x000000008dd00000, 0x000000008dd00000| Untracked 

Card table byte_map: [0x000001789e1f0000,0x000001789e5f0000] _byte_map_base: 0x000001789ddf0000

Marking Bits (Prev, Next): (CMBitMap*) 0x000001788b311390, (CMBitMap*) 0x000001788b311358
 Prev Bits: [0x00000178a09f0000, 0x00000178a29f0000)
 Next Bits: [0x000001789e9f0000, 0x00000178a09f0000)

Polling page: 0x0000017889260000

Metaspace:

Usage:
  Non-class:     91.97 MB capacity,    90.01 MB ( 98%) used,     1.64 MB (  2%) free+waste,   327.63 KB ( <1%) overhead. 
      Class:     14.13 MB capacity,    13.06 MB ( 92%) used,   945.70 KB (  7%) free+waste,   151.25 KB (  1%) overhead. 
       Both:    106.10 MB capacity,   103.07 MB ( 97%) used,     2.56 MB (  2%) free+waste,   478.88 KB ( <1%) overhead. 

Virtual space:
  Non-class space:       94.00 MB reserved,      92.15 MB ( 98%) committed 
      Class space:        1.00 GB reserved,      14.25 MB (  1%) committed 
             Both:        1.09 GB reserved,     106.40 MB ( 10%) committed 

Chunk freelists:
   Non-Class:  0 bytes
       Class:  23.00 KB
        Both:  23.00 KB

MaxMetaspaceSize: 17179869184.00 GB
CompressedClassSpaceSize: 1.00 GB
Initial GC threshold: 20.80 MB
Current GC threshold: 176.50 MB
CDS: off

CodeHeap 'non-profiled nmethods': size=120064Kb used=9985Kb max_used=9985Kb free=110079Kb
 bounds [0x00000178968b0000, 0x0000017897280000, 0x000001789ddf0000]
CodeHeap 'profiled nmethods': size=120000Kb used=32882Kb max_used=32882Kb free=87117Kb
 bounds [0x000001788f380000, 0x00000178913a0000, 0x00000178968b0000]
CodeHeap 'non-nmethods': size=5696Kb used=2414Kb max_used=2488Kb free=3281Kb
 bounds [0x000001788edf0000, 0x000001788f070000, 0x000001788f380000]
 total_blobs=14919 nmethods=13978 adapters=853
 compilation: enabled
              stopped_count=0, restarted_count=0
 full_count=0

Compilation events (20 events):
Event: 274.886 Thread 0x00000178a4f08800 nmethod 13999 0x000001789726e290 code [0x000001789726e460, 0x000001789726e888]
Event: 274.886 Thread 0x00000178a4f08800 14022       4       org.apache.xerces.dom.NodeImpl::ownerDocument (23 bytes)
Event: 274.887 Thread 0x00000178a4f08800 nmethod 14022 0x000001789726ec10 code [0x000001789726eda0, 0x000001789726ee78]
Event: 274.887 Thread 0x00000178a4f08800 14040       4       org.apache.xerces.dom.DeferredDocumentImpl::getNodeExtra (7 bytes)
Event: 274.892 Thread 0x00000178a4f08800 nmethod 14040 0x000001789726ef90 code [0x000001789726f120, 0x000001789726f2f8]
Event: 274.892 Thread 0x00000178a4f08800 14080       4       org.apache.xerces.dom.AttrNSImpl::getNamespaceURI (16 bytes)
Event: 274.893 Thread 0x00000178a4f08800 nmethod 14080 0x000001789726f510 code [0x000001789726f6a0, 0x000001789726f738]
Event: 274.893 Thread 0x00000178a4f08800 14129       4       java.util.HashSet::remove (20 bytes)
Event: 274.898 Thread 0x00000178a4f08800 nmethod 14129 0x000001789726f810 code [0x000001789726f9e0, 0x000001789726fc38]
Event: 274.899 Thread 0x00000178a4f08800 14032       4       org.apache.xerces.dom.NodeImpl::isNormalized (17 bytes)
Event: 274.900 Thread 0x00000178a4f08800 nmethod 14032 0x000001789726fe10 code [0x000001789726ffa0, 0x0000017897270018]
Event: 274.900 Thread 0x00000178a4f08800 14083       4       org.apache.xerces.dom.ChildNode::parentNode (16 bytes)
Event: 274.901 Thread 0x00000178a4f08800 nmethod 14083 0x0000017897270110 code [0x00000178972702a0, 0x0000017897270338]
Event: 274.920 Thread 0x00000178a4f08800 14142       4       org.objectweb.asm.AnnotationWriter::visit (935 bytes)
Event: 274.920 Thread 0x00000178a4f0d800 14143       3       org.gradle.internal.instantiation.generator.AsmBackedClassGenerator$ClassBuilderImpl::generateToStringSupport (229 bytes)
Event: 274.921 Thread 0x00000178a4f0d800 nmethod 14143 0x0000017891397290 code [0x0000017891397660, 0x0000017891398da8]
Event: 274.936 Thread 0x00000178a4f0d800 14144   !   3       java.io.ObjectStreamClass::<init> (260 bytes)
Event: 274.941 Thread 0x00000178a4f0d800 nmethod 14144 0x0000017891399390 code [0x00000178913997e0, 0x000001789139ba28]
Event: 274.941 Thread 0x00000178a4f0d800 14145   !   3       jdk.internal.reflect.BootstrapConstructorAccessorImpl::newInstance (24 bytes)
Event: 274.941 Thread 0x00000178a4f0d800 nmethod 14145 0x000001789139c390 code [0x000001789139c560, 0x000001789139c7b8]

GC Heap History (20 events):
Event: 272.273 GC heap after
{Heap after GC invocations=104 (full 0):
 garbage-first heap   total 189440K, used 158205K [0x0000000080000000, 0x0000000100000000)
  region size 1024K, 2 young (2048K), 2 survivors (2048K)
 Metaspace       used 102915K, capacity 105963K, committed 106012K, reserved 1140736K
  class space    used 13123K, capacity 14200K, committed 14208K, reserved 1048576K
}
Event: 272.430 GC heap before
{Heap before GC invocations=104 (full 0):
 garbage-first heap   total 189440K, used 165373K [0x0000000080000000, 0x0000000100000000)
  region size 1024K, 9 young (9216K), 2 survivors (2048K)
 Metaspace       used 102925K, capacity 105963K, committed 106012K, reserved 1140736K
  class space    used 13123K, capacity 14200K, committed 14208K, reserved 1048576K
}
Event: 272.434 GC heap after
{Heap after GC invocations=105 (full 0):
 garbage-first heap   total 189440K, used 158326K [0x0000000080000000, 0x0000000100000000)
  region size 1024K, 2 young (2048K), 2 survivors (2048K)
 Metaspace       used 102925K, capacity 105963K, committed 106012K, reserved 1140736K
  class space    used 13123K, capacity 14200K, committed 14208K, reserved 1048576K
}
Event: 272.742 GC heap before
{Heap before GC invocations=105 (full 0):
 garbage-first heap   total 189440K, used 164470K [0x0000000080000000, 0x0000000100000000)
  region size 1024K, 9 young (9216K), 2 survivors (2048K)
 Metaspace       used 102936K, capacity 105963K, committed 106012K, reserved 1140736K
  class space    used 13124K, capacity 14200K, committed 14208K, reserved 1048576K
}
Event: 272.748 GC heap after
{Heap after GC invocations=106 (full 0):
 garbage-first heap   total 189440K, used 159399K [0x0000000080000000, 0x0000000100000000)
  region size 1024K, 2 young (2048K), 2 survivors (2048K)
 Metaspace       used 102936K, capacity 105963K, committed 106012K, reserved 1140736K
  class space    used 13124K, capacity 14200K, committed 14208K, reserved 1048576K
}
Event: 272.947 GC heap before
{Heap before GC invocations=107 (full 0):
 garbage-first heap   total 189440K, used 165543K [0x0000000080000000, 0x0000000100000000)
  region size 1024K, 9 young (9216K), 2 survivors (2048K)
 Metaspace       used 103233K, capacity 106254K, committed 106396K, reserved 1140736K
  class space    used 13178K, capacity 14254K, committed 14336K, reserved 1048576K
}
Event: 272.952 GC heap after
{Heap after GC invocations=108 (full 0):
 garbage-first heap   total 189440K, used 159640K [0x0000000080000000, 0x0000000100000000)
  region size 1024K, 2 young (2048K), 2 survivors (2048K)
 Metaspace       used 103233K, capacity 106254K, committed 106396K, reserved 1140736K
  class space    used 13178K, capacity 14254K, committed 14336K, reserved 1048576K
}
Event: 273.037 GC heap before
{Heap before GC invocations=108 (full 0):
 garbage-first heap   total 189440K, used 160664K [0x0000000080000000, 0x0000000100000000)
  region size 1024K, 5 young (5120K), 2 survivors (2048K)
 Metaspace       used 103921K, capacity 106958K, committed 107164K, reserved 1142784K
  class space    used 13208K, capacity 14318K, committed 14336K, reserved 1048576K
}
Event: 273.042 GC heap after
{Heap after GC invocations=109 (full 0):
 garbage-first heap   total 189440K, used 159761K [0x0000000080000000, 0x0000000100000000)
  region size 1024K, 1 young (1024K), 1 survivors (1024K)
 Metaspace       used 103921K, capacity 106958K, committed 107164K, reserved 1142784K
  class space    used 13208K, capacity 14318K, committed 14336K, reserved 1048576K
}
Event: 273.391 GC heap before
{Heap before GC invocations=109 (full 0):
 garbage-first heap   total 189440K, used 170001K [0x0000000080000000, 0x0000000100000000)
  region size 1024K, 9 young (9216K), 1 survivors (1024K)
 Metaspace       used 104122K, capacity 107150K, committed 107420K, reserved 1142784K
  class space    used 13217K, capacity 14318K, committed 14336K, reserved 1048576K
}
Event: 273.400 GC heap after
{Heap after GC invocations=110 (full 0):
 garbage-first heap   total 189440K, used 166659K [0x0000000080000000, 0x0000000100000000)
  region size 1024K, 2 young (2048K), 2 survivors (2048K)
 Metaspace       used 104122K, capacity 107150K, committed 107420K, reserved 1142784K
  class space    used 13217K, capacity 14318K, committed 14336K, reserved 1048576K
}
Event: 273.733 GC heap before
{Heap before GC invocations=111 (full 0):
 garbage-first heap   total 189440K, used 173827K [0x0000000080000000, 0x0000000100000000)
  region size 1024K, 9 young (9216K), 2 survivors (2048K)
 Metaspace       used 104705K, capacity 107710K, committed 107804K, reserved 1142784K
  class space    used 13291K, capacity 14401K, committed 14464K, reserved 1048576K
}
Event: 273.743 GC heap after
{Heap after GC invocations=112 (full 0):
 garbage-first heap   total 227328K, used 169984K [0x0000000080000000, 0x0000000100000000)
  region size 1024K, 2 young (2048K), 2 survivors (2048K)
 Metaspace       used 104705K, capacity 107710K, committed 107804K, reserved 1142784K
  class space    used 13291K, capacity 14401K, committed 14464K, reserved 1048576K
}
Event: 273.825 GC heap before
{Heap before GC invocations=112 (full 0):
 garbage-first heap   total 227328K, used 178176K [0x0000000080000000, 0x0000000100000000)
  region size 1024K, 11 young (11264K), 2 survivors (2048K)
 Metaspace       used 104722K, capacity 107774K, committed 108060K, reserved 1142784K
  class space    used 13291K, capacity 14401K, committed 14464K, reserved 1048576K
}
Event: 273.840 GC heap after
{Heap after GC invocations=113 (full 0):
 garbage-first heap   total 227328K, used 176436K [0x0000000080000000, 0x0000000100000000)
  region size 1024K, 2 young (2048K), 2 survivors (2048K)
 Metaspace       used 104722K, capacity 107774K, committed 108060K, reserved 1142784K
  class space    used 13291K, capacity 14401K, committed 14464K, reserved 1048576K
}
Event: 274.069 GC heap before
{Heap before GC invocations=113 (full 0):
 garbage-first heap   total 227328K, used 185652K [0x0000000080000000, 0x0000000100000000)
  region size 1024K, 12 young (12288K), 2 survivors (2048K)
 Metaspace       used 105039K, capacity 108064K, committed 108316K, reserved 1142784K
  class space    used 13330K, capacity 14434K, committed 14464K, reserved 1048576K
}
Event: 274.081 GC heap after
{Heap after GC invocations=114 (full 0):
 garbage-first heap   total 227328K, used 178078K [0x0000000080000000, 0x0000000100000000)
  region size 1024K, 2 young (2048K), 2 survivors (2048K)
 Metaspace       used 105039K, capacity 108064K, committed 108316K, reserved 1142784K
  class space    used 13330K, capacity 14434K, committed 14464K, reserved 1048576K
}
Event: 274.443 GC heap before
{Heap before GC invocations=114 (full 0):
 garbage-first heap   total 227328K, used 188318K [0x0000000080000000, 0x0000000100000000)
  region size 1024K, 12 young (12288K), 2 survivors (2048K)
 Metaspace       used 105269K, capacity 108288K, committed 108444K, reserved 1142784K
  class space    used 13349K, capacity 14466K, committed 14592K, reserved 1048576K
}
Event: 274.455 GC heap after
{Heap after GC invocations=115 (full 0):
 garbage-first heap   total 227328K, used 180224K [0x0000000080000000, 0x0000000100000000)
  region size 1024K, 2 young (2048K), 2 survivors (2048K)
 Metaspace       used 105269K, capacity 108288K, committed 108444K, reserved 1142784K
  class space    used 13349K, capacity 14466K, committed 14592K, reserved 1048576K
}
Event: 274.945 GC heap before
{Heap before GC invocations=116 (full 0):
 garbage-first heap   total 227328K, used 206848K [0x0000000080000000, 0x0000000100000000)
  region size 1024K, 12 young (12288K), 2 survivors (2048K)
 Metaspace       used 105543K, capacity 108647K, committed 108956K, reserved 1144832K
  class space    used 13376K, capacity 14473K, committed 14592K, reserved 1048576K
}

Deoptimization events (20 events):
Event: 274.623 Thread 0x00000178a6f58000 DEOPT PACKING pc=0x000001789137a050 sp=0x0000005d2e9f9c10
Event: 274.623 Thread 0x00000178a6f58000 DEOPT UNPACKING pc=0x000001788ee3a95e sp=0x0000005d2e9f9140 mode 0
Event: 274.630 Thread 0x00000178a6f58000 DEOPT PACKING pc=0x000001789137de5e sp=0x0000005d2e9f9bf0
Event: 274.630 Thread 0x00000178a6f58000 DEOPT UNPACKING pc=0x000001788ee3a95e sp=0x0000005d2e9f9088 mode 0
Event: 274.672 Thread 0x00000178a6f58000 DEOPT PACKING pc=0x0000017891377e53 sp=0x0000005d2e9f9eb0
Event: 274.672 Thread 0x00000178a6f58000 DEOPT UNPACKING pc=0x000001788ee3a95e sp=0x0000005d2e9f9450 mode 0
Event: 274.675 Thread 0x00000178a6f58000 DEOPT PACKING pc=0x000001789137e344 sp=0x0000005d2e9f9a40
Event: 274.675 Thread 0x00000178a6f58000 DEOPT UNPACKING pc=0x000001788ee3a95e sp=0x0000005d2e9f8ed8 mode 0
Event: 274.692 Thread 0x00000178a6f58000 Uncommon trap: trap_request=0xffffff4d fr.pc=0x00000178972618fc relative=0x000000000000051c
Event: 274.693 Thread 0x00000178a6f58000 Uncommon trap: reason=unstable_if action=reinterpret pc=0x00000178972618fc method=com.android.utils.XmlUtils.toXmlAttributeValue(Ljava/lang/String;)Ljava/lang/String; @ 27 c2
Event: 274.693 Thread 0x00000178a6f58000 DEOPT PACKING pc=0x00000178972618fc sp=0x0000005d2e9f9e50
Event: 274.693 Thread 0x00000178a6f58000 DEOPT UNPACKING pc=0x000001788ee3a1af sp=0x0000005d2e9f9df0 mode 2
Event: 274.776 Thread 0x00000178a6f58000 Uncommon trap: trap_request=0xffffff4d fr.pc=0x00000178968c4d18 relative=0x0000000000000258
Event: 274.776 Thread 0x00000178a6f58000 Uncommon trap: reason=unstable_if action=reinterpret pc=0x00000178968c4d18 method=java.lang.String.getChars(II[CI)V @ 23 c2
Event: 274.776 Thread 0x00000178a6f58000 DEOPT PACKING pc=0x00000178968c4d18 sp=0x0000005d2e9fa590
Event: 274.776 Thread 0x00000178a6f58000 DEOPT UNPACKING pc=0x000001788ee3a1af sp=0x0000005d2e9fa550 mode 2
Event: 274.802 Thread 0x00000178a6f58000 Uncommon trap: trap_request=0xffffff4d fr.pc=0x00000178970e7ac0 relative=0x0000000000000620
Event: 274.802 Thread 0x00000178a6f58000 Uncommon trap: reason=unstable_if action=reinterpret pc=0x00000178970e7ac0 method=sun.nio.cs.UTF_8$Encoder.encodeArrayLoop(Ljava/nio/CharBuffer;Ljava/nio/ByteBuffer;)Ljava/nio/charset/CoderResult; @ 87 c2
Event: 274.802 Thread 0x00000178a6f58000 DEOPT PACKING pc=0x00000178970e7ac0 sp=0x0000005d2e9fa290
Event: 274.802 Thread 0x00000178a6f58000 DEOPT UNPACKING pc=0x000001788ee3a1af sp=0x0000005d2e9fa228 mode 2

Classes redefined (0 events):
No events

Internal exceptions (20 events):
Event: 269.137 Thread 0x00000178a5b41000 Exception <a 'java/lang/NoSuchMethodError'{0x000000008b7daba8}: <clinit>> (0x000000008b7daba8) thrown at [./src/hotspot/share/prims/jni.cpp, line 1366]
Event: 269.150 Thread 0x00000178a5b41000 Exception <a 'java/lang/NoSuchMethodError'{0x000000008b601860}: <clinit>> (0x000000008b601860) thrown at [./src/hotspot/share/prims/jni.cpp, line 1366]
Event: 269.331 Thread 0x00000178a5b3c800 Exception <a 'sun/nio/fs/WindowsException'{0x000000008b4aa038}> (0x000000008b4aa038) thrown at [./src/hotspot/share/prims/jni.cpp, line 616]
Event: 269.565 Thread 0x00000178a5b3c800 Exception <a 'java/lang/NoClassDefFoundError'{0x000000008b0c1900}: org/jetbrains/kotlin/gradle/plugin/KotlinBasePluginWrapper> (0x000000008b0c1900) thrown at [./src/hotspot/share/oops/constantPool.cpp, line 775]
Event: 270.173 Thread 0x00000178a5b3c800 Exception <a 'sun/nio/fs/WindowsException'{0x000000008b7e9c68}> (0x000000008b7e9c68) thrown at [./src/hotspot/share/prims/jni.cpp, line 616]
Event: 270.189 Thread 0x00000178a5b3c800 Exception <a 'sun/nio/fs/WindowsException'{0x000000008b68c1d8}> (0x000000008b68c1d8) thrown at [./src/hotspot/share/prims/jni.cpp, line 616]
Event: 270.189 Thread 0x00000178a5b3c800 Exception <a 'sun/nio/fs/WindowsException'{0x000000008b68d550}> (0x000000008b68d550) thrown at [./src/hotspot/share/prims/jni.cpp, line 616]
Event: 270.190 Thread 0x00000178a5b3c800 Exception <a 'sun/nio/fs/WindowsException'{0x000000008b68e918}> (0x000000008b68e918) thrown at [./src/hotspot/share/prims/jni.cpp, line 616]
Event: 270.191 Thread 0x00000178a5b3c800 Exception <a 'sun/nio/fs/WindowsException'{0x000000008b68fce0}> (0x000000008b68fce0) thrown at [./src/hotspot/share/prims/jni.cpp, line 616]
Event: 270.763 Thread 0x00000178a6f58000 Implicit null exception at 0x0000017896bc6c77 to 0x0000017896bc6e00
Event: 270.859 Thread 0x00000178a5b41000 Exception <a 'java/lang/NoSuchMethodError'{0x000000008b259360}: <clinit>> (0x000000008b259360) thrown at [./src/hotspot/share/prims/jni.cpp, line 1366]
Event: 270.868 Thread 0x00000178a6f57800 Exception <a 'java/lang/NoSuchMethodError'{0x000000008b261bb8}: <clinit>> (0x000000008b261bb8) thrown at [./src/hotspot/share/prims/jni.cpp, line 1366]
Event: 270.870 Thread 0x00000178a6f57800 Exception <a 'java/lang/NoSuchMethodError'{0x000000008b2874f0}: <clinit>> (0x000000008b2874f0) thrown at [./src/hotspot/share/prims/jni.cpp, line 1366]
Event: 270.887 Thread 0x00000178a6f57800 Exception <a 'java/lang/NoSuchMethodError'{0x000000008b11b4b0}: <clinit>> (0x000000008b11b4b0) thrown at [./src/hotspot/share/prims/jni.cpp, line 1366]
Event: 270.900 Thread 0x00000178a6f58000 Exception <a 'java/lang/NoSuchMethodError'{0x000000008b127738}: 'int java.lang.invoke.DirectMethodHandle$Holder.invokeSpecial(java.lang.Object, java.lang.Object, java.lang.Object, java.lang.Object, java.lang.Object)'> (0x000000008b127738) thrown at [./src/hotspot/share/interpreter/linkResolver.cpp, line 773]
Event: 272.822 Thread 0x00000178a6f58000 Exception <a 'java/lang/NoSuchMethodError'{0x000000008b33ba80}: 'void java.lang.invoke.DirectMethodHandle$Holder.invokeInterface(java.lang.Object, java.lang.Object, java.lang.Object, java.lang.Object)'> (0x000000008b33ba80) thrown at [./src/hotspot/share/interpreter/linkResolver.cpp, line 773]
Event: 273.351 Thread 0x00000178a6f58000 Implicit null exception at 0x0000017896bf6e84 to 0x0000017896bf707c
Event: 274.928 Thread 0x00000178a6f58000 Exception <a 'java/lang/NoSuchMethodError'{0x000000008d456468}: <clinit>> (0x000000008d456468) thrown at [./src/hotspot/share/prims/jni.cpp, line 1366]
Event: 274.936 Thread 0x00000178a6f58000 Exception <a 'java/lang/NoSuchMethodError'{0x000000008d4a4160}: <clinit>> (0x000000008d4a4160) thrown at [./src/hotspot/share/prims/jni.cpp, line 1366]
Event: 274.940 Thread 0x00000178a6f58000 Exception <a 'java/lang/NoSuchMethodError'{0x000000008d4ca478}: <clinit>> (0x000000008d4ca478) thrown at [./src/hotspot/share/prims/jni.cpp, line 1366]

Events (20 events):
Event: 274.933 loading class com/google/common/collect/ImmutableMap$SerializedForm
Event: 274.933 loading class com/google/common/collect/ImmutableMap$SerializedForm done
Event: 274.937 loading class kotlin/InitializedLazyImpl
Event: 274.937 loading class kotlin/InitializedLazyImpl done
Event: 274.940 loading class org/gradle/workers/internal/DefaultWorkerExecutor$WorkItemExecution
Event: 274.940 loading class org/gradle/workers/internal/DefaultWorkerExecutor$WorkItemExecution done
Event: 274.941 loading class org/gradle/internal/work/AbstractConditionalExecution
Event: 274.941 loading class org/gradle/internal/work/AbstractConditionalExecution done
Event: 274.942 loading class org/gradle/workers/internal/WorkerFactory
Event: 274.942 loading class org/gradle/workers/internal/WorkerFactory done
Event: 274.942 loading class org/gradle/workers/internal/DefaultWorkResult
Event: 274.942 loading class org/gradle/workers/internal/DefaultWorkResult done
Event: 274.942 loading class org/gradle/workers/internal/WorkerFactory
Event: 274.942 loading class org/gradle/workers/internal/WorkerFactory done
Event: 274.943 loading class org/gradle/internal/work/DefaultConditionalExecutionQueue$ExecutionRunner
Event: 274.943 loading class org/gradle/internal/work/DefaultConditionalExecutionQueue$ExecutionRunner done
Event: 274.944 Thread 0x00000178b392a000 Thread added: 0x00000178b392a000
Event: 274.944 loading class com/android/build/gradle/internal/aapt/WorkerExecutorResourceCompilationService$close$2
Event: 274.944 loading class com/android/build/gradle/internal/aapt/WorkerExecutorResourceCompilationService$close$2 done
Event: 274.944 Executing VM operation: G1CollectForAllocation


Dynamic libraries:
0x00007ff662fb0000 - 0x00007ff662fba000 	C:\Program Files\Android\Android Studio\jre\bin\java.exe
0x00007ffd1faf0000 - 0x00007ffd1fce8000 	C:\WINDOWS\SYSTEM32\ntdll.dll
0x00007ffd1f680000 - 0x00007ffd1f73f000 	C:\WINDOWS\System32\KERNEL32.DLL
0x00007ffd1d7c0000 - 0x00007ffd1da92000 	C:\WINDOWS\System32\KERNELBASE.dll
0x00007ffd1d590000 - 0x00007ffd1d690000 	C:\WINDOWS\System32\ucrtbase.dll
0x00007ffd14d30000 - 0x00007ffd14d49000 	C:\Program Files\Android\Android Studio\jre\bin\jli.dll
0x00007ffd14d10000 - 0x00007ffd14d27000 	C:\Program Files\Android\Android Studio\jre\bin\VCRUNTIME140.dll
0x00007ffd1e160000 - 0x00007ffd1e301000 	C:\WINDOWS\System32\USER32.dll
0x00007ffd1d340000 - 0x00007ffd1d362000 	C:\WINDOWS\System32\win32u.dll
0x00007ffd0e330000 - 0x00007ffd0e5ca000 	C:\WINDOWS\WinSxS\amd64_microsoft.windows.common-controls_6595b64144ccf1df_6.0.19041.1110_none_60b5254171f9507e\COMCTL32.dll
0x00007ffd1f740000 - 0x00007ffd1f7de000 	C:\WINDOWS\System32\msvcrt.dll
0x00007ffd1ecb0000 - 0x00007ffd1ecdb000 	C:\WINDOWS\System32\GDI32.dll
0x00007ffd1d370000 - 0x00007ffd1d47f000 	C:\WINDOWS\System32\gdi32full.dll
0x00007ffd1d4f0000 - 0x00007ffd1d58d000 	C:\WINDOWS\System32\msvcp_win.dll
0x00007ffd1f640000 - 0x00007ffd1f672000 	C:\WINDOWS\System32\IMM32.DLL
0x00007ffd14c70000 - 0x00007ffd14d0d000 	C:\Program Files\Android\Android Studio\jre\bin\msvcp140.dll
0x00007ffce4130000 - 0x00007ffce4c32000 	C:\Program Files\Android\Android Studio\jre\bin\server\jvm.dll
0x00007ffd1dfe0000 - 0x00007ffd1e08e000 	C:\WINDOWS\System32\ADVAPI32.dll
0x00007ffd1dc60000 - 0x00007ffd1dcfc000 	C:\WINDOWS\System32\sechost.dll
0x00007ffd1db30000 - 0x00007ffd1dc55000 	C:\WINDOWS\System32\RPCRT4.dll
0x00007ffd1f8d0000 - 0x00007ffd1f8d8000 	C:\WINDOWS\System32\PSAPI.DLL
0x00007ffd0e780000 - 0x00007ffd0e7a7000 	C:\WINDOWS\SYSTEM32\WINMM.dll
0x00007ffd0c680000 - 0x00007ffd0c689000 	C:\WINDOWS\SYSTEM32\WSOCK32.dll
0x00007ffd1e310000 - 0x00007ffd1e37b000 	C:\WINDOWS\System32\WS2_32.dll
0x00007ffd187d0000 - 0x00007ffd187da000 	C:\WINDOWS\SYSTEM32\VERSION.dll
0x00007ffd1ba30000 - 0x00007ffd1ba42000 	C:\WINDOWS\SYSTEM32\kernel.appcore.dll
0x00007ffd18680000 - 0x00007ffd18691000 	C:\Program Files\Android\Android Studio\jre\bin\verify.dll
0x00007ffd1ae40000 - 0x00007ffd1b024000 	C:\WINDOWS\SYSTEM32\DBGHELP.DLL
0x00007ffd05660000 - 0x00007ffd05695000 	C:\WINDOWS\SYSTEM32\dbgcore.DLL
0x00007ffd1daa0000 - 0x00007ffd1db22000 	C:\WINDOWS\System32\bcryptPrimitives.dll
0x00007ffd17310000 - 0x00007ffd17339000 	C:\Program Files\Android\Android Studio\jre\bin\java.dll
0x00007ffd17c60000 - 0x00007ffd17c6b000 	C:\Program Files\Android\Android Studio\jre\bin\jimage.dll
0x00007ffd17070000 - 0x00007ffd17088000 	C:\Program Files\Android\Android Studio\jre\bin\zip.dll
0x00007ffd1ee90000 - 0x00007ffd1f5d4000 	C:\WINDOWS\System32\SHELL32.dll
0x00007ffd1b280000 - 0x00007ffd1ba12000 	C:\WINDOWS\SYSTEM32\windows.storage.dll
0x00007ffd1e8a0000 - 0x00007ffd1ebf5000 	C:\WINDOWS\System32\combase.dll
0x00007ffd1cc40000 - 0x00007ffd1cc70000 	C:\WINDOWS\SYSTEM32\Wldp.dll
0x00007ffd1e380000 - 0x00007ffd1e42d000 	C:\WINDOWS\System32\SHCORE.dll
0x00007ffd1de20000 - 0x00007ffd1de75000 	C:\WINDOWS\System32\shlwapi.dll
0x00007ffd1d120000 - 0x00007ffd1d13f000 	C:\WINDOWS\SYSTEM32\profapi.dll
0x00007ffd15080000 - 0x00007ffd1509a000 	C:\Program Files\Android\Android Studio\jre\bin\net.dll
0x00007ffd14670000 - 0x00007ffd1477c000 	C:\WINDOWS\SYSTEM32\WINHTTP.dll
0x00007ffd1c930000 - 0x00007ffd1c99a000 	C:\WINDOWS\system32\mswsock.dll
0x00007ffd15060000 - 0x00007ffd15074000 	C:\Program Files\Android\Android Studio\jre\bin\nio.dll
0x00007ffd15170000 - 0x00007ffd15197000 	C:\Users\ASUS\.gradle\native\e1d6ef7f7dcc3fd88c89a11ec53ec762bb8ba0a96d01ffa2cd45eb1d1d8dd5c5\windows-amd64\native-platform.dll
0x00007ffcf8ac0000 - 0x00007ffcf8c04000 	C:\Users\ASUS\.gradle\native\0d407fdbe67a94daf76414ababcb853783967236a71b16ec16e742cd7a986fd3\windows-amd64\native-platform-file-events.dll
0x00007ffd17510000 - 0x00007ffd1751a000 	C:\Program Files\Android\Android Studio\jre\bin\management.dll
0x00007ffd17060000 - 0x00007ffd1706d000 	C:\Program Files\Android\Android Studio\jre\bin\management_ext.dll
0x00007ffd1cba0000 - 0x00007ffd1cbb8000 	C:\WINDOWS\SYSTEM32\CRYPTSP.dll
0x00007ffd1c1e0000 - 0x00007ffd1c214000 	C:\WINDOWS\system32\rsaenh.dll
0x00007ffd1d790000 - 0x00007ffd1d7b7000 	C:\WINDOWS\System32\bcrypt.dll
0x00007ffd1d0e0000 - 0x00007ffd1d10e000 	C:\WINDOWS\SYSTEM32\USERENV.dll
0x00007ffd1cb90000 - 0x00007ffd1cb9c000 	C:\WINDOWS\SYSTEM32\CRYPTBASE.dll
0x00007ffd1c5b0000 - 0x00007ffd1c5eb000 	C:\WINDOWS\SYSTEM32\IPHLPAPI.DLL
0x00007ffd1dfd0000 - 0x00007ffd1dfd8000 	C:\WINDOWS\System32\NSI.dll
0x00007ffd15330000 - 0x00007ffd15347000 	C:\WINDOWS\SYSTEM32\dhcpcsvc6.DLL
0x00007ffd161f0000 - 0x00007ffd1620d000 	C:\WINDOWS\SYSTEM32\dhcpcsvc.DLL
0x00007ffd1c5f0000 - 0x00007ffd1c6ba000 	C:\WINDOWS\SYSTEM32\DNSAPI.dll

dbghelp: loaded successfully - version: 4.0.5 - missing functions: none
symbol engine: initialized successfully - sym options: 0x614 - pdb path: .;C:\Program Files\Android\Android Studio\jre\bin;C:\WINDOWS\SYSTEM32;C:\WINDOWS\WinSxS\amd64_microsoft.windows.common-controls_6595b64144ccf1df_6.0.19041.1110_none_60b5254171f9507e;C:\Program Files\Android\Android Studio\jre\bin\server;C:\Users\ASUS\.gradle\native\e1d6ef7f7dcc3fd88c89a11ec53ec762bb8ba0a96d01ffa2cd45eb1d1d8dd5c5\windows-amd64;C:\Users\ASUS\.gradle\native\0d407fdbe67a94daf76414ababcb853783967236a71b16ec16e742cd7a986fd3\windows-amd64

VM Arguments:
jvm_args: --add-opens=java.base/java.util=ALL-UNNAMED --add-opens=java.base/java.lang=ALL-UNNAMED --add-opens=java.base/java.lang.invoke=ALL-UNNAMED --add-opens=java.base/java.util=ALL-UNNAMED --add-opens=java.prefs/java.util.prefs=ALL-UNNAMED --add-opens=java.prefs/java.util.prefs=ALL-UNNAMED --add-opens=java.base/java.nio.charset=ALL-UNNAMED --add-opens=java.base/java.net=ALL-UNNAMED --add-opens=java.base/java.util.concurrent.atomic=ALL-UNNAMED -Xmx2048m -Dfile.encoding=UTF-8 -Duser.country=US -Duser.language=en -Duser.variant 
java_command: org.gradle.launcher.daemon.bootstrap.GradleDaemon 7.4
java_class_path (initial): C:\Users\ASUS\.gradle\wrapper\dists\gradle-7.4-bin\c0gwcg53nkjbqw7r0h0umtfvt\gradle-7.4\lib\gradle-launcher-7.4.jar
Launcher Type: SUN_STANDARD

[Global flags]
     intx CICompilerCount                          = 3                                         {product} {ergonomic}
     uint ConcGCThreads                            = 1                                         {product} {ergonomic}
     uint G1ConcRefinementThreads                  = 4                                         {product} {ergonomic}
   size_t G1HeapRegionSize                         = 1048576                                   {product} {ergonomic}
    uintx GCDrainStackTargetSize                   = 64                                        {product} {ergonomic}
   size_t InitialHeapSize                          = 134217728                                 {product} {ergonomic}
   size_t MarkStackSize                            = 4194304                                   {product} {ergonomic}
   size_t MaxHeapSize                              = 2147483648                                {product} {command line}
   size_t MaxNewSize                               = 1287651328                                {product} {ergonomic}
   size_t MinHeapDeltaBytes                        = 1048576                                   {product} {ergonomic}
    uintx NonNMethodCodeHeapSize                   = 5830732                                {pd product} {ergonomic}
    uintx NonProfiledCodeHeapSize                  = 122913754                              {pd product} {ergonomic}
    uintx ProfiledCodeHeapSize                     = 122913754                              {pd product} {ergonomic}
    uintx ReservedCodeCacheSize                    = 251658240                              {pd product} {ergonomic}
     bool SegmentedCodeCache                       = true                                      {product} {ergonomic}
     bool UseCompressedClassPointers               = true                                 {lp64_product} {ergonomic}
     bool UseCompressedOops                        = true                                 {lp64_product} {ergonomic}
     bool UseG1GC                                  = true                                      {product} {ergonomic}
     bool UseLargePagesIndividualAllocation        = false                                  {pd product} {ergonomic}

Logging:
Log output configuration:
 #0: stdout all=warning uptime,level,tags
 #1: stderr all=off uptime,level,tags

Environment Variables:
JAVA_HOME=C:\Program Files\Android\Android Studio\jre
PATH=C:\ProgramData\Oracle\Java\javapath;C:\Program Files (x86)\Common Files\Oracle\Java\javapath;C:\Program Files (x86)\Common Files\Intel\Shared Libraries\redist\intel64\compiler;C:\Program Files (x86)\Common Files\Intel\Shared Files\cpp\bin\Intel64;C:\Windows\system32;C:\Windows;C:\Windows\System32\Wbem;C:\Windows\System32\WindowsPowerShell\v1.0\;C:\Program Files (x86)\NVIDIA Corporation\PhysX\Common;C:\WINDOWS\system32;C:\WINDOWS;C:\WINDOWS\System32\Wbem;C:\WINDOWS\System32\WindowsPowerShell\v1.0\;C:\WINDOWS\System32\OpenSSH\;C:\mingw-w64\mingw64\bin;C:\Program Files (x86)\QuickTime Alternative\QTSystem;C:\Program Files\Java\jdk-13.0.2\bin;?D:\gradle-6.4\bin;C:\Program Files\Java\jdk-13.0.2\bin;C:\Windows\System32;C:\Program Files\PuTTY\;C:\laragon\bin\php\php-8.1.3-Win32-vs16-x64;C:\composer;C:\Ruby27-x64\bin;C:\oraclexe\app\oracle\product\10.2.0\server\bin;C:\Users\ASUS\AppData\Local\Microsoft\WindowsApps;C:\Users\ASUS\AppData\Local\Programs\Microsoft VS Cod;C:\Users\ASUS\AppData\Ro;C:\Program Files\dotnet;C:\Program Files\dotnet\;C:\Users\ASUS\AppData\Roaming\Composer\vendor\bin;D:\Program Files\MATHLAB\R2013a\runtime\win64;D:\Program Files\MATHLAB\R2013a\bin;C:\laragon\bin\nodejs\node-v16.14.2-win-x64;C:\Program Files\Git\cmd;C:\laragon\bin;C:\laragon\bin\apache\httpd-2.4.35-win64-VC15\bin;C:\laragon\bin\composer;C:\laragon\bin\git\bin;C:\laragon\bin\git\cmd;C:\laragon\bin\git\mingw64\bin;C:\laragon\bin\git\usr\bin;C:\laragon\bin\laragon\utils;C:\laragon\bin\mysql\mysql-5.7.24-winx64\bin;C:\laragon\bin\nginx\nginx-1.16.0;C:\laragon\bin\ngrok;C:\laragon\bin\nodejs\node-v16.14.2-win-x64;C:\laragon\bin\notepad++;C:\laragon\bin\php\php-8.1.3-Win32-vs16-x64;C:\laragon\bin\putty;C:\laragon\bin\redis\redis-x64-3.2.100;C:\laragon\bin\telnet;C:\laragon\usr\bin;C:\Users\ASUS\AppData\Local\Yarn\config\global\node_modules\.bin;C:\Users\ASUS\AppData\Roaming\Composer\vendor\bin;C:\Users\ASUS\AppData\Roaming\npm;C:\Users\ASUS\AppData\Local\Programs\Python\Python310\Scripts\;C
USERNAME=ASUS
OS=Windows_NT
PROCESSOR_IDENTIFIER=Intel64 Family 6 Model 78 Stepping 3, GenuineIntel



---------------  S Y S T E M  ---------------

OS: Windows 10 , 64 bit Build 19041 (10.0.19041.2364)
OS uptime: 0 days 17:07 hours

CPU:total 4 (initial active 4) (2 cores per cpu, 2 threads per core) family 6 model 78 stepping 3 microcode 0xcc, cmov, cx8, fxsr, mmx, sse, sse2, sse3, ssse3, sse4.1, sse4.2, popcnt, avx, avx2, aes, clmul, erms, 3dnowpref, lzcnt, ht, tsc, tscinvbit, bmi1, bmi2, adx, fma

Memory: 4k page, system-wide physical 8091M (458M free)
TotalPageFile size 10139M (AvailPageFile size 36M)
current process WorkingSet (physical memory assigned to process): 503M, peak: 531M
current process commit charge ("private bytes"): 547M, peak: 634M

vm_info: OpenJDK 64-Bit Server VM (11.0.13+0-b1751.21-8125866) for windows-amd64 JRE (11.0.13+0-b1751.21-8125866), built on Feb  2 2022 03:00:22 by "builder" with MS VC++ 14.0 (VS2015)

END.
