#
# There is insufficient memory for the Java Runtime Environment to continue.
# Native memory allocation (malloc) failed to allocate 2188656 bytes for Chunk::new
# Possible reasons:
#   The system is out of physical RAM or swap space
#   The process is running with CompressedOops enabled, and the Java Heap may be blocking the growth of the native heap
# Possible solutions:
#   Reduce memory load on the system
#   Increase physical memory or swap space
#   Check if swap backing store is full
#   Decrease Java heap size (-Xmx/-Xms)
#   Decrease number of Java threads
#   Decrease Java thread stack sizes (-Xss)
#   Set larger code cache with -XX:ReservedCodeCacheSize=
#   JVM is running with Unscaled Compressed Oops mode in which the Java heap is
#     placed in the first 4GB address space. The Java Heap base address is the
#     maximum limit for the native heap growth. Please use -XX:HeapBaseMinAddress
#     to set the Java Heap base and to place the Java Heap above 4GB virtual address.
# This output file may be truncated or incomplete.
#
#  Out of Memory Error (./src/hotspot/share/memory/arena.cpp:197), pid=11948, tid=12244
#
# JRE version: OpenJDK Runtime Environment (11.0.13) (build 11.0.13+0-b1751.21-8125866)
# Java VM: OpenJDK 64-Bit Server VM (11.0.13+0-b1751.21-8125866, mixed mode, tiered, compressed oops, g1 gc, windows-amd64)
# No core dump will be written. Minidumps are not enabled by default on client versions of Windows
#

---------------  S U M M A R Y ------------

Command Line: --add-opens=java.base/java.util=ALL-UNNAMED --add-opens=java.base/java.lang=ALL-UNNAMED --add-opens=java.base/java.lang.invoke=ALL-UNNAMED --add-opens=java.base/java.util=ALL-UNNAMED --add-opens=java.prefs/java.util.prefs=ALL-UNNAMED --add-opens=java.prefs/java.util.prefs=ALL-UNNAMED --add-opens=java.base/java.nio.charset=ALL-UNNAMED --add-opens=java.base/java.net=ALL-UNNAMED --add-opens=java.base/java.util.concurrent.atomic=ALL-UNNAMED -Xmx2048m -Dfile.encoding=UTF-8 -Duser.country=US -Duser.language=en -Duser.variant org.gradle.launcher.daemon.bootstrap.GradleDaemon 7.4

Host: Intel(R) Core(TM) i3-6006U CPU @ 2.00GHz, 4 cores, 7G,  Windows 10 , 64 bit Build 19041 (10.0.19041.2364)
Time: Tue Jan  3 00:16:22 2023 Malay Peninsula Standard Time elapsed time: 21.658900 seconds (0d 0h 0m 21s)

---------------  T H R E A D  ---------------

Current thread (0x000001df4c41f800):  JavaThread "C2 CompilerThread1" daemon [_thread_in_native, id=12244, stack(0x000000c01e100000,0x000000c01e200000)]


Current CompileTask:
C2:  21659 6837       4       java.lang.Class::privateGetPublicMethods (224 bytes)

Stack: [0x000000c01e100000,0x000000c01e200000]
Native frames: (J=compiled Java code, j=interpreted, Vv=VM code, C=native code)
V  [jvm.dll+0x6100fa]
V  [jvm.dll+0x747090]
V  [jvm.dll+0x7486ad]
V  [jvm.dll+0x748d83]
V  [jvm.dll+0x24ab48]
V  [jvm.dll+0xc04dc]
V  [jvm.dll+0xc0a0c]
V  [jvm.dll+0x35eb5b]
V  [jvm.dll+0x32b833]
V  [jvm.dll+0x32ad2a]
V  [jvm.dll+0x2032b2]
V  [jvm.dll+0x202437]
V  [jvm.dll+0x188e01]
V  [jvm.dll+0x21106b]
V  [jvm.dll+0x20f8c1]
V  [jvm.dll+0x70de0f]
V  [jvm.dll+0x706a75]
V  [jvm.dll+0x60ed66]
C  [ucrtbase.dll+0x21bb2]
C  [KERNEL32.DLL+0x17614]
C  [ntdll.dll+0x526a1]


---------------  P R O C E S S  ---------------

Threads class SMR info:
_java_thread_list=0x000001df4cce5fd0, length=79, elements={
0x000001df2f60f800, 0x000001df49210000, 0x000001df4921e000, 0x000001df4922a800,
0x000001df4922d800, 0x000001df49232000, 0x000001df49236800, 0x000001df4923b800,
0x000001df4923e800, 0x000001df49cd6000, 0x000001df4c559800, 0x000001df4cb00800,
0x000001df4bb16800, 0x000001df4aee8800, 0x000001df4af94800, 0x000001df4bec5800,
0x000001df4bec6800, 0x000001df4a4f4000, 0x000001df4c281800, 0x000001df4aa75000,
0x000001df4c213000, 0x000001df4c210800, 0x000001df4c20f800, 0x000001df4c211800,
0x000001df4c20d800, 0x000001df4c212000, 0x000001df4c214000, 0x000001df4c20e000,
0x000001df4c20f000, 0x000001df4a255800, 0x000001df4a256800, 0x000001df4a257800,
0x000001df4a258000, 0x000001df4a259000, 0x000001df4a254000, 0x000001df4a25b800,
0x000001df4c41f800, 0x000001df4a260000, 0x000001df4a25a800, 0x000001df4a261000,
0x000001df4a25f800, 0x000001df4a262000, 0x000001df4a25c000, 0x000001df4a25e000,
0x000001df4a25d000, 0x000001df4a25e800, 0x000001df4b0ed000, 0x000001df4b0ee000,
0x000001df4b0ea800, 0x000001df4b0ef000, 0x000001df4b0ef800, 0x000001df4b0f1000,
0x000001df4b0ec800, 0x000001df4b0f0800, 0x000001df4b0eb800, 0x000001df4b0f7000,
0x000001df4b0f3000, 0x000001df4b0f4800, 0x000001df4b0f3800, 0x000001df4b0f8000,
0x000001df4b0f2000, 0x000001df4b0f8800, 0x000001df4b0f6000, 0x000001df4b0f5800,
0x000001df4b0f9800, 0x000001df4bb95000, 0x000001df4bb90000, 0x000001df4bb93800,
0x000001df4bb91000, 0x000001df4bb92800, 0x000001df4bb92000, 0x000001df4bb8f800,
0x000001df4bb96800, 0x000001df4bb98800, 0x000001df4bb97800, 0x000001df4bb96000,
0x000001df4bb99000, 0x000001df4bb9a000, 0x000001df4bb94000
}

Java Threads: ( => current thread )
  0x000001df2f60f800 JavaThread "main" [_thread_blocked, id=10624, stack(0x000000c01b300000,0x000000c01b400000)]
  0x000001df49210000 JavaThread "Reference Handler" daemon [_thread_blocked, id=9748, stack(0x000000c01ba00000,0x000000c01bb00000)]
  0x000001df4921e000 JavaThread "Finalizer" daemon [_thread_blocked, id=14516, stack(0x000000c01bb00000,0x000000c01bc00000)]
  0x000001df4922a800 JavaThread "Signal Dispatcher" daemon [_thread_blocked, id=3512, stack(0x000000c01bc00000,0x000000c01bd00000)]
  0x000001df4922d800 JavaThread "Attach Listener" daemon [_thread_blocked, id=784, stack(0x000000c01bd00000,0x000000c01be00000)]
  0x000001df49232000 JavaThread "Service Thread" daemon [_thread_blocked, id=10532, stack(0x000000c01be00000,0x000000c01bf00000)]
  0x000001df49236800 JavaThread "C2 CompilerThread0" daemon [_thread_in_native, id=13028, stack(0x000000c01bf00000,0x000000c01c000000)]
  0x000001df4923b800 JavaThread "C1 CompilerThread0" daemon [_thread_blocked, id=14544, stack(0x000000c01c000000,0x000000c01c100000)]
  0x000001df4923e800 JavaThread "Sweeper thread" daemon [_thread_blocked, id=2060, stack(0x000000c01c100000,0x000000c01c200000)]
  0x000001df49cd6000 JavaThread "Common-Cleaner" daemon [_thread_blocked, id=3860, stack(0x000000c01c200000,0x000000c01c300000)]
  0x000001df4c559800 JavaThread "Daemon health stats" [_thread_blocked, id=13048, stack(0x000000c01c700000,0x000000c01c800000)]
  0x000001df4cb00800 JavaThread "Incoming local TCP Connector on port 64973" [_thread_in_native, id=15260, stack(0x000000c01c400000,0x000000c01c500000)]
  0x000001df4bb16800 JavaThread "Daemon periodic checks" [_thread_blocked, id=10732, stack(0x000000c01c800000,0x000000c01c900000)]
  0x000001df4aee8800 JavaThread "Daemon" [_thread_blocked, id=11484, stack(0x000000c01c900000,0x000000c01ca00000)]
  0x000001df4af94800 JavaThread "Handler for socket connection from /127.0.0.1:64973 to /127.0.0.1:64974" [_thread_in_native, id=4720, stack(0x000000c01ca00000,0x000000c01cb00000)]
  0x000001df4bec5800 JavaThread "Cancel handler" [_thread_blocked, id=11400, stack(0x000000c01cc00000,0x000000c01cd00000)]
  0x000001df4bec6800 JavaThread "Daemon worker" [_thread_in_Java, id=12500, stack(0x000000c01cd00000,0x000000c01ce00000)]
  0x000001df4a4f4000 JavaThread "Asynchronous log dispatcher for DefaultDaemonConnection: socket connection from /127.0.0.1:64973 to /127.0.0.1:64974" [_thread_blocked, id=13488, stack(0x000000c01ce00000,0x000000c01cf00000)]
  0x000001df4c281800 JavaThread "Stdin handler" [_thread_blocked, id=2772, stack(0x000000c01cf00000,0x000000c01d000000)]
  0x000001df4aa75000 JavaThread "Daemon client event forwarder" [_thread_blocked, id=14032, stack(0x000000c01d000000,0x000000c01d100000)]
  0x000001df4c213000 JavaThread "Cache worker for journal cache (C:\Users\ASUS\.gradle\caches\journal-1)" [_thread_blocked, id=4324, stack(0x000000c01d100000,0x000000c01d200000)]
  0x000001df4c210800 JavaThread "File lock request listener" [_thread_in_native, id=8316, stack(0x000000c01d200000,0x000000c01d300000)]
  0x000001df4c20f800 JavaThread "Cache worker for file hash cache (C:\Users\ASUS\.gradle\caches\7.4\fileHashes)" [_thread_blocked, id=8556, stack(0x000000c01d300000,0x000000c01d400000)]
  0x000001df4c211800 JavaThread "File watcher server" daemon [_thread_in_native, id=992, stack(0x000000c01d500000,0x000000c01d600000)]
  0x000001df4c20d800 JavaThread "File watcher consumer" daemon [_thread_blocked, id=12488, stack(0x000000c01d600000,0x000000c01d700000)]
  0x000001df4c212000 JavaThread "Cache worker for checksums cache (C:\Users\ASUS\AndroidStudioProjects\PendataanToko\.gradle\7.4\checksums)" [_thread_blocked, id=5880, stack(0x000000c01d400000,0x000000c01d500000)]
  0x000001df4c214000 JavaThread "Cache worker for cache directory md-rule (C:\Users\ASUS\.gradle\caches\7.4\md-rule)" [_thread_blocked, id=11428, stack(0x000000c01d700000,0x000000c01d800000)]
  0x000001df4c20e000 JavaThread "Cache worker for file hash cache (C:\Users\ASUS\AndroidStudioProjects\PendataanToko\.gradle\7.4\fileHashes)" [_thread_blocked, id=12100, stack(0x000000c01d900000,0x000000c01da00000)]
  0x000001df4c20f000 JavaThread "Cache worker for cache directory md-supplier (C:\Users\ASUS\.gradle\caches\7.4\md-supplier)" [_thread_blocked, id=4680, stack(0x000000c01da00000,0x000000c01db00000)]
  0x000001df4a255800 JavaThread "Cache worker for execution history cache (C:\Users\ASUS\.gradle\caches\7.4\executionHistory)" [_thread_blocked, id=2432, stack(0x000000c01db00000,0x000000c01dc00000)]
  0x000001df4a256800 JavaThread "jar transforms" [_thread_blocked, id=5136, stack(0x000000c01dc00000,0x000000c01dd00000)]
  0x000001df4a257800 JavaThread "Cache worker for file content cache (C:\Users\ASUS\.gradle\caches\7.4\fileContent)" [_thread_blocked, id=4068, stack(0x000000c01dd00000,0x000000c01de00000)]
  0x000001df4a258000 JavaThread "jar transforms Thread 2" [_thread_blocked, id=8736, stack(0x000000c01de00000,0x000000c01df00000)]
  0x000001df4a259000 JavaThread "Cache worker for dependencies-accessors (C:\Users\ASUS\AndroidStudioProjects\PendataanToko\.gradle\7.4\dependencies-accessors)" [_thread_blocked, id=11436, stack(0x000000c01df00000,0x000000c01e000000)]
  0x000001df4a254000 JavaThread "jar transforms Thread 3" [_thread_blocked, id=13744, stack(0x000000c01e000000,0x000000c01e100000)]
  0x000001df4a25b800 JavaThread "Cache worker for Build Output Cleanup Cache (C:\Users\ASUS\AndroidStudioProjects\PendataanToko\.gradle\buildOutputCleanup)" [_thread_blocked, id=11860, stack(0x000000c01d800000,0x000000c01d900000)]
=>0x000001df4c41f800 JavaThread "C2 CompilerThread1" daemon [_thread_in_native, id=12244, stack(0x000000c01e100000,0x000000c01e200000)]
  0x000001df4a260000 JavaThread "Unconstrained build operations" [_thread_blocked, id=4620, stack(0x000000c01e200000,0x000000c01e300000)]
  0x000001df4a25a800 JavaThread "Unconstrained build operations Thread 2" [_thread_blocked, id=13540, stack(0x000000c01e300000,0x000000c01e400000)]
  0x000001df4a261000 JavaThread "Unconstrained build operations Thread 3" [_thread_blocked, id=1576, stack(0x000000c01e400000,0x000000c01e500000)]
  0x000001df4a25f800 JavaThread "Unconstrained build operations Thread 4" [_thread_blocked, id=10280, stack(0x000000c01e500000,0x000000c01e600000)]
  0x000001df4a262000 JavaThread "Unconstrained build operations Thread 5" [_thread_blocked, id=5996, stack(0x000000c01e600000,0x000000c01e700000)]
  0x000001df4a25c000 JavaThread "Unconstrained build operations Thread 6" [_thread_blocked, id=9904, stack(0x000000c01e700000,0x000000c01e800000)]
  0x000001df4a25e000 JavaThread "Unconstrained build operations Thread 7" [_thread_blocked, id=1268, stack(0x000000c01e800000,0x000000c01e900000)]
  0x000001df4a25d000 JavaThread "Unconstrained build operations Thread 8" [_thread_blocked, id=6228, stack(0x000000c01e900000,0x000000c01ea00000)]
  0x000001df4a25e800 JavaThread "Unconstrained build operations Thread 9" [_thread_blocked, id=13292, stack(0x000000c01ea00000,0x000000c01eb00000)]
  0x000001df4b0ed000 JavaThread "Unconstrained build operations Thread 10" [_thread_blocked, id=15184, stack(0x000000c01eb00000,0x000000c01ec00000)]
  0x000001df4b0ee000 JavaThread "Unconstrained build operations Thread 11" [_thread_blocked, id=6848, stack(0x000000c01ec00000,0x000000c01ed00000)]
  0x000001df4b0ea800 JavaThread "Unconstrained build operations Thread 12" [_thread_blocked, id=12712, stack(0x000000c01ed00000,0x000000c01ee00000)]
  0x000001df4b0ef000 JavaThread "Unconstrained build operations Thread 13" [_thread_blocked, id=6324, stack(0x000000c01ee00000,0x000000c01ef00000)]
  0x000001df4b0ef800 JavaThread "Unconstrained build operations Thread 14" [_thread_blocked, id=12584, stack(0x000000c01ef00000,0x000000c01f000000)]
  0x000001df4b0f1000 JavaThread "Unconstrained build operations Thread 15" [_thread_blocked, id=10720, stack(0x000000c01f000000,0x000000c01f100000)]
  0x000001df4b0ec800 JavaThread "Unconstrained build operations Thread 16" [_thread_blocked, id=13516, stack(0x000000c01f100000,0x000000c01f200000)]
  0x000001df4b0f0800 JavaThread "Unconstrained build operations Thread 17" [_thread_blocked, id=2588, stack(0x000000c01f200000,0x000000c01f300000)]
  0x000001df4b0eb800 JavaThread "Unconstrained build operations Thread 18" [_thread_blocked, id=1388, stack(0x000000c01f300000,0x000000c01f400000)]
  0x000001df4b0f7000 JavaThread "Unconstrained build operations Thread 19" [_thread_blocked, id=11300, stack(0x000000c01f400000,0x000000c01f500000)]
  0x000001df4b0f3000 JavaThread "Unconstrained build operations Thread 20" [_thread_blocked, id=14588, stack(0x000000c01f500000,0x000000c01f600000)]
  0x000001df4b0f4800 JavaThread "Unconstrained build operations Thread 21" [_thread_blocked, id=10380, stack(0x000000c01f600000,0x000000c01f700000)]
  0x000001df4b0f3800 JavaThread "Unconstrained build operations Thread 22" [_thread_blocked, id=13016, stack(0x000000c01f700000,0x000000c01f800000)]
  0x000001df4b0f8000 JavaThread "Unconstrained build operations Thread 23" [_thread_blocked, id=12448, stack(0x000000c01f800000,0x000000c01f900000)]
  0x000001df4b0f2000 JavaThread "Unconstrained build operations Thread 24" [_thread_blocked, id=7076, stack(0x000000c01f900000,0x000000c01fa00000)]
  0x000001df4b0f8800 JavaThread "Unconstrained build operations Thread 25" [_thread_blocked, id=15004, stack(0x000000c01fa00000,0x000000c01fb00000)]
  0x000001df4b0f6000 JavaThread "Unconstrained build operations Thread 26" [_thread_blocked, id=1588, stack(0x000000c01fb00000,0x000000c01fc00000)]
  0x000001df4b0f5800 JavaThread "Unconstrained build operations Thread 27" [_thread_blocked, id=13472, stack(0x000000c01fc00000,0x000000c01fd00000)]
  0x000001df4b0f9800 JavaThread "Unconstrained build operations Thread 28" [_thread_blocked, id=4760, stack(0x000000c01fd00000,0x000000c01fe00000)]
  0x000001df4bb95000 JavaThread "Unconstrained build operations Thread 29" [_thread_blocked, id=7308, stack(0x000000c01fe00000,0x000000c01ff00000)]
  0x000001df4bb90000 JavaThread "Unconstrained build operations Thread 30" [_thread_blocked, id=2004, stack(0x000000c01ff00000,0x000000c020000000)]
  0x000001df4bb93800 JavaThread "Unconstrained build operations Thread 31" [_thread_blocked, id=868, stack(0x000000c020000000,0x000000c020100000)]
  0x000001df4bb91000 JavaThread "Unconstrained build operations Thread 32" [_thread_blocked, id=9572, stack(0x000000c020100000,0x000000c020200000)]
  0x000001df4bb92800 JavaThread "Unconstrained build operations Thread 33" [_thread_blocked, id=9956, stack(0x000000c020200000,0x000000c020300000)]
  0x000001df4bb92000 JavaThread "Unconstrained build operations Thread 34" [_thread_blocked, id=10464, stack(0x000000c020300000,0x000000c020400000)]
  0x000001df4bb8f800 JavaThread "Unconstrained build operations Thread 35" [_thread_blocked, id=14440, stack(0x000000c020400000,0x000000c020500000)]
  0x000001df4bb96800 JavaThread "Unconstrained build operations Thread 36" [_thread_blocked, id=5044, stack(0x000000c020500000,0x000000c020600000)]
  0x000001df4bb98800 JavaThread "Unconstrained build operations Thread 37" [_thread_blocked, id=9684, stack(0x000000c020600000,0x000000c020700000)]
  0x000001df4bb97800 JavaThread "Unconstrained build operations Thread 38" [_thread_blocked, id=7160, stack(0x000000c020700000,0x000000c020800000)]
  0x000001df4bb96000 JavaThread "Unconstrained build operations Thread 39" [_thread_blocked, id=7348, stack(0x000000c020800000,0x000000c020900000)]
  0x000001df4bb99000 JavaThread "Unconstrained build operations Thread 40" [_thread_blocked, id=8024, stack(0x000000c020900000,0x000000c020a00000)]
  0x000001df4bb9a000 JavaThread "jar transforms Thread 4" [_thread_blocked, id=3844, stack(0x000000c020a00000,0x000000c020b00000)]
  0x000001df4bb94000 JavaThread "Memory manager" [_thread_blocked, id=5532, stack(0x000000c020b00000,0x000000c020c00000)]

Other Threads:
  0x000001df4920b800 VMThread "VM Thread" [stack: 0x000000c01b900000,0x000000c01ba00000] [id=9744]
  0x000001df49ce8800 WatcherThread [stack: 0x000000c01c300000,0x000000c01c400000] [id=11664]
  0x000001df2f629000 GCTaskThread "GC Thread#0" [stack: 0x000000c01b400000,0x000000c01b500000] [id=13660]
  0x000001df4a950800 GCTaskThread "GC Thread#1" [stack: 0x000000c01c500000,0x000000c01c600000] [id=13812]
  0x000001df4a252000 GCTaskThread "GC Thread#2" [stack: 0x000000c01c600000,0x000000c01c700000] [id=15072]
  0x000001df4aee9800 GCTaskThread "GC Thread#3" [stack: 0x000000c01cb00000,0x000000c01cc00000] [id=2148]
  0x000001df2f65a000 ConcurrentGCThread "G1 Main Marker" [stack: 0x000000c01b500000,0x000000c01b600000] [id=5860]
  0x000001df2f65b800 ConcurrentGCThread "G1 Conc#0" [stack: 0x000000c01b600000,0x000000c01b700000] [id=720]
  0x000001df2f6e8000 ConcurrentGCThread "G1 Refine#0" [stack: 0x000000c01b700000,0x000000c01b800000] [id=14436]
  0x000001df2f6e9000 ConcurrentGCThread "G1 Young RemSet Sampling" [stack: 0x000000c01b800000,0x000000c01b900000] [id=11024]

Threads with active compile tasks:
C2 CompilerThread0  21713 6856       4       sun.reflect.generics.parser.SignatureParser::parsePackageNameAndSimpleClassTypeSignature (119 bytes)
C2 CompilerThread1  21713 6837       4       java.lang.Class::privateGetPublicMethods (224 bytes)

VM state:not at safepoint (normal execution)

VM Mutex/Monitor currently owned by a thread: None

Heap address: 0x0000000080000000, size: 2048 MB, Compressed Oops mode: 32-bit
Narrow klass base: 0x0000000000000000, Narrow klass shift: 3
Compressed class space size: 1073741824 Address: 0x0000000100000000

Heap:
 garbage-first heap   total 166912K, used 72171K [0x0000000080000000, 0x0000000100000000)
  region size 1024K, 24 young (24576K), 10 survivors (10240K)
 Metaspace       used 71244K, capacity 72971K, committed 73164K, reserved 1112064K
  class space    used 9184K, capacity 9812K, committed 9932K, reserved 1048576K
Heap Regions: E=young(eden), S=young(survivor), O=old, HS=humongous(starts), HC=humongous(continues), CS=collection set, F=free, A=archive, TAMS=top-at-mark-start (previous, next)
|   0|0x0000000080000000, 0x0000000080100000, 0x0000000080100000|100%|HS|  |TAMS 0x0000000080100000, 0x0000000080000000| Complete 
|   1|0x0000000080100000, 0x0000000080200000, 0x0000000080200000|100%|HC|  |TAMS 0x0000000080200000, 0x0000000080100000| Complete 
|   2|0x0000000080200000, 0x0000000080300000, 0x0000000080300000|100%|HC|  |TAMS 0x0000000080300000, 0x0000000080200000| Complete 
|   3|0x0000000080300000, 0x0000000080400000, 0x0000000080400000|100%| O|  |TAMS 0x0000000080400000, 0x0000000080300000| Untracked 
|   4|0x0000000080400000, 0x0000000080500000, 0x0000000080500000|100%| O|  |TAMS 0x0000000080500000, 0x0000000080400000| Untracked 
|   5|0x0000000080500000, 0x0000000080600000, 0x0000000080600000|100%| O|  |TAMS 0x0000000080600000, 0x0000000080500000| Untracked 
|   6|0x0000000080600000, 0x0000000080700000, 0x0000000080700000|100%| O|  |TAMS 0x0000000080700000, 0x0000000080600000| Untracked 
|   7|0x0000000080700000, 0x0000000080800000, 0x0000000080800000|100%| O|  |TAMS 0x0000000080800000, 0x0000000080700000| Untracked 
|   8|0x0000000080800000, 0x0000000080900000, 0x0000000080900000|100%| O|  |TAMS 0x0000000080900000, 0x0000000080800000| Untracked 
|   9|0x0000000080900000, 0x0000000080a00000, 0x0000000080a00000|100%| O|  |TAMS 0x0000000080a00000, 0x0000000080900000| Untracked 
|  10|0x0000000080a00000, 0x0000000080b00000, 0x0000000080b00000|100%| O|  |TAMS 0x0000000080b00000, 0x0000000080a00000| Untracked 
|  11|0x0000000080b00000, 0x0000000080c00000, 0x0000000080c00000|100%| O|  |TAMS 0x0000000080c00000, 0x0000000080b00000| Untracked 
|  12|0x0000000080c00000, 0x0000000080d00000, 0x0000000080d00000|100%| O|  |TAMS 0x0000000080d00000, 0x0000000080c00000| Untracked 
|  13|0x0000000080d00000, 0x0000000080e00000, 0x0000000080e00000|100%| O|  |TAMS 0x0000000080e00000, 0x0000000080d00000| Untracked 
|  14|0x0000000080e00000, 0x0000000080f00000, 0x0000000080f00000|100%| O|  |TAMS 0x0000000080f00000, 0x0000000080e00000| Untracked 
|  15|0x0000000080f00000, 0x0000000081000000, 0x0000000081000000|100%| O|  |TAMS 0x0000000081000000, 0x0000000080f00000| Untracked 
|  16|0x0000000081000000, 0x0000000081100000, 0x0000000081100000|100%|HS|  |TAMS 0x0000000081000000, 0x0000000081000000| Complete 
|  17|0x0000000081100000, 0x0000000081200000, 0x0000000081200000|100%| O|  |TAMS 0x0000000081200000, 0x0000000081100000| Untracked 
|  18|0x0000000081200000, 0x0000000081300000, 0x0000000081300000|100%| O|  |TAMS 0x0000000081300000, 0x0000000081200000| Untracked 
|  19|0x0000000081300000, 0x0000000081400000, 0x0000000081400000|100%| O|  |TAMS 0x0000000081400000, 0x0000000081300000| Untracked 
|  20|0x0000000081400000, 0x0000000081500000, 0x0000000081500000|100%| O|  |TAMS 0x0000000081500000, 0x0000000081400000| Untracked 
|  21|0x0000000081500000, 0x0000000081600000, 0x0000000081600000|100%| O|  |TAMS 0x0000000081600000, 0x0000000081500000| Untracked 
|  22|0x0000000081600000, 0x0000000081700000, 0x0000000081700000|100%| O|  |TAMS 0x0000000081700000, 0x0000000081600000| Untracked 
|  23|0x0000000081700000, 0x0000000081800000, 0x0000000081800000|100%| O|  |TAMS 0x0000000081800000, 0x0000000081700000| Untracked 
|  24|0x0000000081800000, 0x0000000081900000, 0x0000000081900000|100%| O|  |TAMS 0x0000000081900000, 0x0000000081800000| Untracked 
|  25|0x0000000081900000, 0x0000000081a00000, 0x0000000081a00000|100%| O|  |TAMS 0x0000000081a00000, 0x0000000081900000| Untracked 
|  26|0x0000000081a00000, 0x0000000081b00000, 0x0000000081b00000|100%| O|  |TAMS 0x0000000081aa0c00, 0x0000000081a00000| Untracked 
|  27|0x0000000081b00000, 0x0000000081c00000, 0x0000000081c00000|100%|HS|  |TAMS 0x0000000081b00000, 0x0000000081b00000| Complete 
|  28|0x0000000081c00000, 0x0000000081d00000, 0x0000000081d00000|100%| O|  |TAMS 0x0000000081c00000, 0x0000000081c00000| Untracked 
|  29|0x0000000081d00000, 0x0000000081e00000, 0x0000000081e00000|100%|HS|  |TAMS 0x0000000081d00000, 0x0000000081d00000| Complete 
|  30|0x0000000081e00000, 0x0000000081f00000, 0x0000000081f00000|100%|HC|  |TAMS 0x0000000081e00000, 0x0000000081e00000| Complete 
|  31|0x0000000081f00000, 0x0000000082000000, 0x0000000082000000|100%| O|  |TAMS 0x0000000081f00000, 0x0000000081f00000| Untracked 
|  32|0x0000000082000000, 0x0000000082100000, 0x0000000082100000|100%| O|  |TAMS 0x0000000082000000, 0x0000000082000000| Untracked 
|  33|0x0000000082100000, 0x0000000082200000, 0x0000000082200000|100%| O|  |TAMS 0x0000000082100000, 0x0000000082100000| Untracked 
|  34|0x0000000082200000, 0x0000000082300000, 0x0000000082300000|100%| O|  |TAMS 0x0000000082200000, 0x0000000082200000| Untracked 
|  35|0x0000000082300000, 0x0000000082400000, 0x0000000082400000|100%| O|  |TAMS 0x0000000082300000, 0x0000000082300000| Untracked 
|  36|0x0000000082400000, 0x0000000082500000, 0x0000000082500000|100%| O|  |TAMS 0x0000000082400000, 0x0000000082400000| Untracked 
|  37|0x0000000082500000, 0x0000000082600000, 0x0000000082600000|100%| O|  |TAMS 0x0000000082500000, 0x0000000082500000| Untracked 
|  38|0x0000000082600000, 0x0000000082611600, 0x0000000082700000|  6%| O|  |TAMS 0x0000000082600000, 0x0000000082600000| Untracked 
|  39|0x0000000082700000, 0x0000000082700000, 0x0000000082800000|  0%| F|  |TAMS 0x0000000082700000, 0x0000000082700000| Untracked 
|  40|0x0000000082800000, 0x0000000082900000, 0x0000000082900000|100%| O|  |TAMS 0x0000000082800000, 0x0000000082800000| Untracked 
|  41|0x0000000082900000, 0x0000000082a00000, 0x0000000082a00000|100%| O|  |TAMS 0x0000000082900000, 0x0000000082900000| Untracked 
|  42|0x0000000082a00000, 0x0000000082b00000, 0x0000000082b00000|100%| O|  |TAMS 0x0000000082a00000, 0x0000000082a00000| Untracked 
|  43|0x0000000082b00000, 0x0000000082c00000, 0x0000000082c00000|100%| O|  |TAMS 0x0000000082b00000, 0x0000000082b00000| Untracked 
|  44|0x0000000082c00000, 0x0000000082d00000, 0x0000000082d00000|100%| O|  |TAMS 0x0000000082c00000, 0x0000000082c00000| Untracked 
|  45|0x0000000082d00000, 0x0000000082e00000, 0x0000000082e00000|100%| O|  |TAMS 0x0000000082d00000, 0x0000000082d00000| Untracked 
|  46|0x0000000082e00000, 0x0000000082f00000, 0x0000000082f00000|100%| O|  |TAMS 0x0000000082e00000, 0x0000000082e00000| Untracked 
|  47|0x0000000082f00000, 0x0000000083000000, 0x0000000083000000|100%| O|  |TAMS 0x0000000082f00000, 0x0000000082f00000| Untracked 
|  48|0x0000000083000000, 0x0000000083100000, 0x0000000083100000|100%| O|  |TAMS 0x0000000083000000, 0x0000000083000000| Untracked 
|  49|0x0000000083100000, 0x0000000083200000, 0x0000000083200000|100%| O|  |TAMS 0x0000000083100000, 0x0000000083100000| Untracked 
|  50|0x0000000083200000, 0x0000000083200000, 0x0000000083300000|  0%| F|  |TAMS 0x0000000083200000, 0x0000000083200000| Untracked 
|  51|0x0000000083300000, 0x0000000083300000, 0x0000000083400000|  0%| F|  |TAMS 0x0000000083300000, 0x0000000083300000| Untracked 
|  52|0x0000000083400000, 0x0000000083400000, 0x0000000083500000|  0%| F|  |TAMS 0x0000000083400000, 0x0000000083400000| Untracked 
|  53|0x0000000083500000, 0x0000000083500000, 0x0000000083600000|  0%| F|  |TAMS 0x0000000083500000, 0x0000000083500000| Untracked 
|  54|0x0000000083600000, 0x0000000083600000, 0x0000000083700000|  0%| F|  |TAMS 0x0000000083600000, 0x0000000083600000| Untracked 
|  55|0x0000000083700000, 0x0000000083700000, 0x0000000083800000|  0%| F|  |TAMS 0x0000000083700000, 0x0000000083700000| Untracked 
|  56|0x0000000083800000, 0x0000000083800000, 0x0000000083900000|  0%| F|  |TAMS 0x0000000083800000, 0x0000000083800000| Untracked 
|  57|0x0000000083900000, 0x0000000083900000, 0x0000000083a00000|  0%| F|  |TAMS 0x0000000083900000, 0x0000000083900000| Untracked 
|  58|0x0000000083a00000, 0x0000000083a00000, 0x0000000083b00000|  0%| F|  |TAMS 0x0000000083a00000, 0x0000000083a00000| Untracked 
|  59|0x0000000083b00000, 0x0000000083b00000, 0x0000000083c00000|  0%| F|  |TAMS 0x0000000083b00000, 0x0000000083b00000| Untracked 
|  60|0x0000000083c00000, 0x0000000083c00000, 0x0000000083d00000|  0%| F|  |TAMS 0x0000000083c00000, 0x0000000083c00000| Untracked 
|  61|0x0000000083d00000, 0x0000000083d00000, 0x0000000083e00000|  0%| F|  |TAMS 0x0000000083d00000, 0x0000000083d00000| Untracked 
|  62|0x0000000083e00000, 0x0000000083e00000, 0x0000000083f00000|  0%| F|  |TAMS 0x0000000083e00000, 0x0000000083e00000| Untracked 
|  63|0x0000000083f00000, 0x0000000083f00000, 0x0000000084000000|  0%| F|  |TAMS 0x0000000083f00000, 0x0000000083f00000| Untracked 
|  64|0x0000000084000000, 0x0000000084000000, 0x0000000084100000|  0%| F|  |TAMS 0x0000000084000000, 0x0000000084000000| Untracked 
|  65|0x0000000084100000, 0x0000000084100000, 0x0000000084200000|  0%| F|  |TAMS 0x0000000084100000, 0x0000000084100000| Untracked 
|  66|0x0000000084200000, 0x0000000084200000, 0x0000000084300000|  0%| F|  |TAMS 0x0000000084200000, 0x0000000084200000| Untracked 
|  67|0x0000000084300000, 0x0000000084300000, 0x0000000084400000|  0%| F|  |TAMS 0x0000000084300000, 0x0000000084300000| Untracked 
|  68|0x0000000084400000, 0x0000000084400000, 0x0000000084500000|  0%| F|  |TAMS 0x0000000084400000, 0x0000000084400000| Untracked 
|  69|0x0000000084500000, 0x0000000084500000, 0x0000000084600000|  0%| F|  |TAMS 0x0000000084500000, 0x0000000084500000| Untracked 
|  70|0x0000000084600000, 0x0000000084600000, 0x0000000084700000|  0%| F|  |TAMS 0x0000000084600000, 0x0000000084600000| Untracked 
|  71|0x0000000084700000, 0x0000000084700000, 0x0000000084800000|  0%| F|  |TAMS 0x0000000084700000, 0x0000000084700000| Untracked 
|  72|0x0000000084800000, 0x0000000084800000, 0x0000000084900000|  0%| F|  |TAMS 0x0000000084800000, 0x0000000084800000| Untracked 
|  73|0x0000000084900000, 0x0000000084900000, 0x0000000084a00000|  0%| F|  |TAMS 0x0000000084900000, 0x0000000084900000| Untracked 
|  74|0x0000000084a00000, 0x0000000084a00000, 0x0000000084b00000|  0%| F|  |TAMS 0x0000000084a00000, 0x0000000084a00000| Untracked 
|  75|0x0000000084b00000, 0x0000000084b00000, 0x0000000084c00000|  0%| F|  |TAMS 0x0000000084b00000, 0x0000000084b00000| Untracked 
|  76|0x0000000084c00000, 0x0000000084c699f0, 0x0000000084d00000| 41%| S|CS|TAMS 0x0000000084c00000, 0x0000000084c00000| Complete 
|  77|0x0000000084d00000, 0x0000000084e00000, 0x0000000084e00000|100%| S|CS|TAMS 0x0000000084d00000, 0x0000000084d00000| Complete 
|  78|0x0000000084e00000, 0x0000000084f00000, 0x0000000084f00000|100%| S|CS|TAMS 0x0000000084e00000, 0x0000000084e00000| Complete 
|  79|0x0000000084f00000, 0x0000000085000000, 0x0000000085000000|100%| S|CS|TAMS 0x0000000084f00000, 0x0000000084f00000| Complete 
|  80|0x0000000085000000, 0x0000000085100000, 0x0000000085100000|100%| S|CS|TAMS 0x0000000085000000, 0x0000000085000000| Complete 
|  81|0x0000000085100000, 0x0000000085200000, 0x0000000085200000|100%| S|CS|TAMS 0x0000000085100000, 0x0000000085100000| Complete 
|  82|0x0000000085200000, 0x0000000085200000, 0x0000000085300000|  0%| F|  |TAMS 0x0000000085200000, 0x0000000085200000| Untracked 
|  83|0x0000000085300000, 0x0000000085300000, 0x0000000085400000|  0%| F|  |TAMS 0x0000000085300000, 0x0000000085300000| Untracked 
|  84|0x0000000085400000, 0x0000000085400000, 0x0000000085500000|  0%| F|  |TAMS 0x0000000085400000, 0x0000000085400000| Untracked 
|  85|0x0000000085500000, 0x0000000085500000, 0x0000000085600000|  0%| F|  |TAMS 0x0000000085500000, 0x0000000085500000| Untracked 
|  86|0x0000000085600000, 0x0000000085600000, 0x0000000085700000|  0%| F|  |TAMS 0x0000000085600000, 0x0000000085600000| Untracked 
|  87|0x0000000085700000, 0x0000000085700000, 0x0000000085800000|  0%| F|  |TAMS 0x0000000085700000, 0x0000000085700000| Untracked 
|  88|0x0000000085800000, 0x0000000085800000, 0x0000000085900000|  0%| F|  |TAMS 0x0000000085800000, 0x0000000085800000| Untracked 
|  89|0x0000000085900000, 0x0000000085900000, 0x0000000085a00000|  0%| F|  |TAMS 0x0000000085900000, 0x0000000085900000| Untracked 
|  90|0x0000000085a00000, 0x0000000085a00000, 0x0000000085b00000|  0%| F|  |TAMS 0x0000000085a00000, 0x0000000085a00000| Untracked 
|  91|0x0000000085b00000, 0x0000000085c00000, 0x0000000085c00000|100%| S|CS|TAMS 0x0000000085b00000, 0x0000000085b00000| Complete 
|  92|0x0000000085c00000, 0x0000000085d00000, 0x0000000085d00000|100%| S|CS|TAMS 0x0000000085c00000, 0x0000000085c00000| Complete 
|  93|0x0000000085d00000, 0x0000000085e00000, 0x0000000085e00000|100%| S|CS|TAMS 0x0000000085d00000, 0x0000000085d00000| Complete 
|  94|0x0000000085e00000, 0x0000000085f00000, 0x0000000085f00000|100%| S|CS|TAMS 0x0000000085e00000, 0x0000000085e00000| Complete 
|  95|0x0000000085f00000, 0x0000000085f00000, 0x0000000086000000|  0%| F|  |TAMS 0x0000000085f00000, 0x0000000085f00000| Untracked 
|  96|0x0000000086000000, 0x0000000086000000, 0x0000000086100000|  0%| F|  |TAMS 0x0000000086000000, 0x0000000086000000| Untracked 
|  97|0x0000000086100000, 0x0000000086100000, 0x0000000086200000|  0%| F|  |TAMS 0x0000000086100000, 0x0000000086100000| Untracked 
|  98|0x0000000086200000, 0x0000000086200000, 0x0000000086300000|  0%| F|  |TAMS 0x0000000086200000, 0x0000000086200000| Untracked 
|  99|0x0000000086300000, 0x0000000086300000, 0x0000000086400000|  0%| F|  |TAMS 0x0000000086300000, 0x0000000086300000| Untracked 
| 100|0x0000000086400000, 0x0000000086400000, 0x0000000086500000|  0%| F|  |TAMS 0x0000000086400000, 0x0000000086400000| Untracked 
| 101|0x0000000086500000, 0x0000000086500000, 0x0000000086600000|  0%| F|  |TAMS 0x0000000086500000, 0x0000000086500000| Untracked 
| 102|0x0000000086600000, 0x0000000086600000, 0x0000000086700000|  0%| F|  |TAMS 0x0000000086600000, 0x0000000086600000| Untracked 
| 103|0x0000000086700000, 0x0000000086700000, 0x0000000086800000|  0%| F|  |TAMS 0x0000000086700000, 0x0000000086700000| Untracked 
| 104|0x0000000086800000, 0x0000000086800000, 0x0000000086900000|  0%| F|  |TAMS 0x0000000086800000, 0x0000000086800000| Untracked 
| 105|0x0000000086900000, 0x0000000086900000, 0x0000000086a00000|  0%| F|  |TAMS 0x0000000086900000, 0x0000000086900000| Untracked 
| 106|0x0000000086a00000, 0x0000000086a00000, 0x0000000086b00000|  0%| F|  |TAMS 0x0000000086a00000, 0x0000000086a00000| Untracked 
| 107|0x0000000086b00000, 0x0000000086b00000, 0x0000000086c00000|  0%| F|  |TAMS 0x0000000086b00000, 0x0000000086b00000| Untracked 
| 108|0x0000000086c00000, 0x0000000086c00000, 0x0000000086d00000|  0%| F|  |TAMS 0x0000000086c00000, 0x0000000086c00000| Untracked 
| 109|0x0000000086d00000, 0x0000000086d00000, 0x0000000086e00000|  0%| F|  |TAMS 0x0000000086d00000, 0x0000000086d00000| Untracked 
| 110|0x0000000086e00000, 0x0000000086e00000, 0x0000000086f00000|  0%| F|  |TAMS 0x0000000086e00000, 0x0000000086e00000| Untracked 
| 111|0x0000000086f00000, 0x0000000086f00000, 0x0000000087000000|  0%| F|  |TAMS 0x0000000086f00000, 0x0000000086f00000| Untracked 
| 112|0x0000000087000000, 0x0000000087000000, 0x0000000087100000|  0%| F|  |TAMS 0x0000000087000000, 0x0000000087000000| Untracked 
| 113|0x0000000087100000, 0x0000000087100000, 0x0000000087200000|  0%| F|  |TAMS 0x0000000087100000, 0x0000000087100000| Untracked 
| 114|0x0000000087200000, 0x0000000087200000, 0x0000000087300000|  0%| F|  |TAMS 0x0000000087200000, 0x0000000087200000| Untracked 
| 115|0x0000000087300000, 0x0000000087300000, 0x0000000087400000|  0%| F|  |TAMS 0x0000000087300000, 0x0000000087300000| Untracked 
| 116|0x0000000087400000, 0x0000000087400000, 0x0000000087500000|  0%| F|  |TAMS 0x0000000087400000, 0x0000000087400000| Untracked 
| 117|0x0000000087500000, 0x0000000087500000, 0x0000000087600000|  0%| F|  |TAMS 0x0000000087500000, 0x0000000087500000| Untracked 
| 118|0x0000000087600000, 0x0000000087600000, 0x0000000087700000|  0%| F|  |TAMS 0x0000000087600000, 0x0000000087600000| Untracked 
| 119|0x0000000087700000, 0x0000000087700000, 0x0000000087800000|  0%| F|  |TAMS 0x0000000087700000, 0x0000000087700000| Untracked 
| 120|0x0000000087800000, 0x0000000087800000, 0x0000000087900000|  0%| F|  |TAMS 0x0000000087800000, 0x0000000087800000| Untracked 
| 121|0x0000000087900000, 0x0000000087900000, 0x0000000087a00000|  0%| F|  |TAMS 0x0000000087900000, 0x0000000087900000| Untracked 
| 122|0x0000000087a00000, 0x0000000087a00000, 0x0000000087b00000|  0%| F|  |TAMS 0x0000000087a00000, 0x0000000087a00000| Untracked 
| 123|0x0000000087b00000, 0x0000000087b00000, 0x0000000087c00000|  0%| F|  |TAMS 0x0000000087b00000, 0x0000000087b00000| Untracked 
| 124|0x0000000087c00000, 0x0000000087c00000, 0x0000000087d00000|  0%| F|  |TAMS 0x0000000087c00000, 0x0000000087c00000| Untracked 
| 125|0x0000000087d00000, 0x0000000087d00000, 0x0000000087e00000|  0%| F|  |TAMS 0x0000000087d00000, 0x0000000087d00000| Untracked 
| 126|0x0000000087e00000, 0x0000000087e00000, 0x0000000087f00000|  0%| F|  |TAMS 0x0000000087e00000, 0x0000000087e00000| Untracked 
| 127|0x0000000087f00000, 0x0000000087f00000, 0x0000000088000000|  0%| F|  |TAMS 0x0000000087f00000, 0x0000000087f00000| Untracked 
| 128|0x0000000088000000, 0x0000000088000000, 0x0000000088100000|  0%| F|  |TAMS 0x0000000088000000, 0x0000000088000000| Untracked 
| 129|0x0000000088100000, 0x0000000088100000, 0x0000000088200000|  0%| F|  |TAMS 0x0000000088100000, 0x0000000088100000| Untracked 
| 130|0x0000000088200000, 0x0000000088200000, 0x0000000088300000|  0%| F|  |TAMS 0x0000000088200000, 0x0000000088200000| Untracked 
| 131|0x0000000088300000, 0x0000000088300000, 0x0000000088400000|  0%| F|  |TAMS 0x0000000088300000, 0x0000000088300000| Untracked 
| 132|0x0000000088400000, 0x0000000088400000, 0x0000000088500000|  0%| F|  |TAMS 0x0000000088400000, 0x0000000088400000| Untracked 
| 133|0x0000000088500000, 0x0000000088500000, 0x0000000088600000|  0%| F|  |TAMS 0x0000000088500000, 0x0000000088500000| Untracked 
| 134|0x0000000088600000, 0x0000000088600000, 0x0000000088700000|  0%| F|  |TAMS 0x0000000088600000, 0x0000000088600000| Untracked 
| 135|0x0000000088700000, 0x0000000088700000, 0x0000000088800000|  0%| F|  |TAMS 0x0000000088700000, 0x0000000088700000| Untracked 
| 136|0x0000000088800000, 0x0000000088800000, 0x0000000088900000|  0%| F|  |TAMS 0x0000000088800000, 0x0000000088800000| Untracked 
| 137|0x0000000088900000, 0x0000000088900000, 0x0000000088a00000|  0%| F|  |TAMS 0x0000000088900000, 0x0000000088900000| Untracked 
| 138|0x0000000088a00000, 0x0000000088a00000, 0x0000000088b00000|  0%| F|  |TAMS 0x0000000088a00000, 0x0000000088a00000| Untracked 
| 139|0x0000000088b00000, 0x0000000088b00000, 0x0000000088c00000|  0%| F|  |TAMS 0x0000000088b00000, 0x0000000088b00000| Untracked 
| 140|0x0000000088c00000, 0x0000000088c00000, 0x0000000088d00000|  0%| F|  |TAMS 0x0000000088c00000, 0x0000000088c00000| Untracked 
| 141|0x0000000088d00000, 0x0000000088d00000, 0x0000000088e00000|  0%| F|  |TAMS 0x0000000088d00000, 0x0000000088d00000| Untracked 
| 142|0x0000000088e00000, 0x0000000088e00000, 0x0000000088f00000|  0%| F|  |TAMS 0x0000000088e00000, 0x0000000088e00000| Untracked 
| 143|0x0000000088f00000, 0x0000000088f00000, 0x0000000089000000|  0%| F|  |TAMS 0x0000000088f00000, 0x0000000088f00000| Untracked 
| 144|0x0000000089000000, 0x0000000089000000, 0x0000000089100000|  0%| F|  |TAMS 0x0000000089000000, 0x0000000089000000| Untracked 
| 145|0x0000000089100000, 0x0000000089100000, 0x0000000089200000|  0%| F|  |TAMS 0x0000000089100000, 0x0000000089100000| Untracked 
| 146|0x0000000089200000, 0x0000000089200000, 0x0000000089300000|  0%| F|  |TAMS 0x0000000089200000, 0x0000000089200000| Untracked 
| 147|0x0000000089300000, 0x0000000089380800, 0x0000000089400000| 50%| E|  |TAMS 0x0000000089300000, 0x0000000089300000| Complete 
| 148|0x0000000089400000, 0x0000000089500000, 0x0000000089500000|100%| E|CS|TAMS 0x0000000089400000, 0x0000000089400000| Complete 
| 149|0x0000000089500000, 0x0000000089600000, 0x0000000089600000|100%| E|CS|TAMS 0x0000000089500000, 0x0000000089500000| Complete 
| 150|0x0000000089600000, 0x0000000089700000, 0x0000000089700000|100%| E|CS|TAMS 0x0000000089600000, 0x0000000089600000| Complete 
| 151|0x0000000089700000, 0x0000000089800000, 0x0000000089800000|100%| E|CS|TAMS 0x0000000089700000, 0x0000000089700000| Complete 
| 152|0x0000000089800000, 0x0000000089900000, 0x0000000089900000|100%| E|CS|TAMS 0x0000000089800000, 0x0000000089800000| Complete 
| 153|0x0000000089900000, 0x0000000089a00000, 0x0000000089a00000|100%| E|CS|TAMS 0x0000000089900000, 0x0000000089900000| Complete 
| 154|0x0000000089a00000, 0x0000000089b00000, 0x0000000089b00000|100%| E|CS|TAMS 0x0000000089a00000, 0x0000000089a00000| Complete 
| 155|0x0000000089b00000, 0x0000000089c00000, 0x0000000089c00000|100%| E|CS|TAMS 0x0000000089b00000, 0x0000000089b00000| Complete 
| 156|0x0000000089c00000, 0x0000000089d00000, 0x0000000089d00000|100%| E|CS|TAMS 0x0000000089c00000, 0x0000000089c00000| Complete 
| 157|0x0000000089d00000, 0x0000000089e00000, 0x0000000089e00000|100%| E|CS|TAMS 0x0000000089d00000, 0x0000000089d00000| Complete 
| 158|0x0000000089e00000, 0x0000000089f00000, 0x0000000089f00000|100%| E|CS|TAMS 0x0000000089e00000, 0x0000000089e00000| Complete 
| 159|0x0000000089f00000, 0x000000008a000000, 0x000000008a000000|100%| E|CS|TAMS 0x0000000089f00000, 0x0000000089f00000| Complete 
| 160|0x000000008a000000, 0x000000008a100000, 0x000000008a100000|100%| E|CS|TAMS 0x000000008a000000, 0x000000008a000000| Complete 
| 161|0x000000008a100000, 0x000000008a200000, 0x000000008a200000|100%| E|CS|TAMS 0x000000008a100000, 0x000000008a100000| Complete 
| 162|0x000000008a200000, 0x000000008a300000, 0x000000008a300000|100%| E|CS|TAMS 0x000000008a200000, 0x000000008a200000| Complete 

Card table byte_map: [0x000001df42530000,0x000001df42930000] _byte_map_base: 0x000001df42130000

Marking Bits (Prev, Next): (CMBitMap*) 0x000001df2f6513a0, (CMBitMap*) 0x000001df2f651368
 Prev Bits: [0x000001df44d30000, 0x000001df46d30000)
 Next Bits: [0x000001df42d30000, 0x000001df44d30000)

Polling page: 0x000001df2d7a0000

Metaspace:

Usage:
  Non-class:     61.68 MB capacity,    60.61 MB ( 98%) used,   917.70 KB (  1%) free+waste,   173.06 KB ( <1%) overhead. 
      Class:      9.58 MB capacity,     8.97 MB ( 94%) used,   542.71 KB (  6%) free+waste,    80.19 KB ( <1%) overhead. 
       Both:     71.26 MB capacity,    69.59 MB ( 98%) used,     1.43 MB (  2%) free+waste,   253.25 KB ( <1%) overhead. 

Virtual space:
  Non-class space:       62.00 MB reserved,      61.75 MB (>99%) committed 
      Class space:        1.00 GB reserved,       9.70 MB ( <1%) committed 
             Both:        1.06 GB reserved,      71.45 MB (  7%) committed 

Chunk freelists:
   Non-Class:  9.00 KB
       Class:  12.00 KB
        Both:  21.00 KB

MaxMetaspaceSize: 17179869184.00 GB
CompressedClassSpaceSize: 1.00 GB
Initial GC threshold: 20.80 MB
Current GC threshold: 74.50 MB
CDS: off

CodeHeap 'non-profiled nmethods': size=120064Kb used=4032Kb max_used=4032Kb free=116031Kb
 bounds [0x000001df3abf0000, 0x000001df3aff0000, 0x000001df42130000]
CodeHeap 'profiled nmethods': size=120000Kb used=14959Kb max_used=14959Kb free=105040Kb
 bounds [0x000001df336c0000, 0x000001df34560000, 0x000001df3abf0000]
CodeHeap 'non-nmethods': size=5696Kb used=2348Kb max_used=2405Kb free=3347Kb
 bounds [0x000001df33130000, 0x000001df333a0000, 0x000001df336c0000]
 total_blobs=7769 nmethods=6904 adapters=777
 compilation: enabled
              stopped_count=0, restarted_count=0
 full_count=0

Compilation events (20 events):
Event: 21.601 Thread 0x000001df4923b800 nmethod 6925 0x000001df3afdfe90 code [0x000001df3afe0040, 0x000001df3afe00d8]
Event: 21.624 Thread 0x000001df4923b800 6926       3       javax.management.ObjectName::addProperty (80 bytes)
Event: 21.625 Thread 0x000001df4923b800 nmethod 6926 0x000001df3453db90 code [0x000001df3453ddc0, 0x000001df3453e588]
Event: 21.625 Thread 0x000001df4923b800 6927       3       java.util.stream.AbstractPipeline::sequential (10 bytes)
Event: 21.626 Thread 0x000001df4923b800 nmethod 6927 0x000001df3453e810 code [0x000001df3453e9c0, 0x000001df3453ead8]
Event: 21.626 Thread 0x000001df4923b800 6928       3       java.util.stream.AbstractPipeline::close (48 bytes)
Event: 21.626 Thread 0x000001df4923b800 nmethod 6928 0x000001df3453eb90 code [0x000001df3453ed60, 0x000001df3453efe8]
Event: 21.635 Thread 0x000001df4923b800 6929       3       org.codehaus.groovy.reflection.CachedClass$3::initValue (5 bytes)
Event: 21.635 Thread 0x000001df4923b800 nmethod 6929 0x000001df3453f110 code [0x000001df3453f2c0, 0x000001df3453f408]
Event: 21.636 Thread 0x000001df4923b800 6930       3       org.codehaus.groovy.reflection.CachedClass$3$$Lambda$268/0x0000000100459840::run (8 bytes)
Event: 21.636 Thread 0x000001df4923b800 nmethod 6930 0x000001df3453f490 code [0x000001df3453f640, 0x000001df3453f768]
Event: 21.636 Thread 0x000001df4923b800 6931   !   3       org.codehaus.groovy.reflection.CachedClass$3::lambda$initValue$4 (63 bytes)
Event: 21.640 Thread 0x000001df4923b800 nmethod 6931 0x000001df3453f890 code [0x000001df3453fca0, 0x000001df34541a18]
Event: 21.641 Thread 0x000001df4923b800 6932 %     3       java.util.ComparableTimSort::binarySort @ 32 (223 bytes)
Event: 21.643 Thread 0x000001df4923b800 nmethod 6932% 0x000001df34542590 code [0x000001df345427e0, 0x000001df345433d8]
Event: 21.654 Thread 0x000001df4923b800 6933       3       java.beans.WeakIdentityMap::getIndex (7 bytes)
Event: 21.654 Thread 0x000001df4923b800 nmethod 6933 0x000001df34543710 code [0x000001df345438c0, 0x000001df345439b8]
Event: 21.654 Thread 0x000001df4923b800 6934       3       java.beans.ThreadGroupContext::getContext (16 bytes)
Event: 21.654 Thread 0x000001df4923b800 nmethod 6934 0x000001df34543a90 code [0x000001df34543c60, 0x000001df34543f08]
Event: 21.654 Thread 0x000001df4923b800 6935   !   3       java.beans.WeakIdentityMap::get (278 bytes)

GC Heap History (20 events):
Event: 6.945 GC heap before
{Heap before GC invocations=3 (full 0):
 garbage-first heap   total 131072K, used 19214K [0x0000000080000000, 0x0000000100000000)
  region size 1024K, 5 young (5120K), 2 survivors (2048K)
 Metaspace       used 20838K, capacity 21197K, committed 21296K, reserved 1069056K
  class space    used 2527K, capacity 2688K, committed 2688K, reserved 1048576K
}
Event: 6.950 GC heap after
{Heap after GC invocations=4 (full 0):
 garbage-first heap   total 131072K, used 17098K [0x0000000080000000, 0x0000000100000000)
  region size 1024K, 2 young (2048K), 2 survivors (2048K)
 Metaspace       used 20838K, capacity 21197K, committed 21296K, reserved 1069056K
  class space    used 2527K, capacity 2688K, committed 2688K, reserved 1048576K
}
Event: 8.065 GC heap before
{Heap before GC invocations=5 (full 0):
 garbage-first heap   total 131072K, used 68298K [0x0000000080000000, 0x0000000100000000)
  region size 1024K, 52 young (53248K), 2 survivors (2048K)
 Metaspace       used 26150K, capacity 26764K, committed 27008K, reserved 1073152K
  class space    used 3397K, capacity 3637K, committed 3712K, reserved 1048576K
}
Event: 8.075 GC heap after
{Heap after GC invocations=6 (full 0):
 garbage-first heap   total 131072K, used 18783K [0x0000000080000000, 0x0000000100000000)
  region size 1024K, 4 young (4096K), 4 survivors (4096K)
 Metaspace       used 26150K, capacity 26764K, committed 27008K, reserved 1073152K
  class space    used 3397K, capacity 3637K, committed 3712K, reserved 1048576K
}
Event: 9.623 GC heap before
{Heap before GC invocations=7 (full 0):
 garbage-first heap   total 131072K, used 77151K [0x0000000080000000, 0x0000000100000000)
  region size 1024K, 61 young (62464K), 4 survivors (4096K)
 Metaspace       used 32393K, capacity 33097K, committed 33280K, reserved 1077248K
  class space    used 4235K, capacity 4515K, committed 4608K, reserved 1048576K
}
Event: 9.636 GC heap after
{Heap after GC invocations=8 (full 0):
 garbage-first heap   total 131072K, used 21365K [0x0000000080000000, 0x0000000100000000)
  region size 1024K, 6 young (6144K), 6 survivors (6144K)
 Metaspace       used 32393K, capacity 33097K, committed 33280K, reserved 1077248K
  class space    used 4235K, capacity 4515K, committed 4608K, reserved 1048576K
}
Event: 11.936 GC heap before
{Heap before GC invocations=8 (full 0):
 garbage-first heap   total 131072K, used 84853K [0x0000000080000000, 0x0000000100000000)
  region size 1024K, 66 young (67584K), 6 survivors (6144K)
 Metaspace       used 39496K, capacity 40464K, committed 40704K, reserved 1085440K
  class space    used 4977K, capacity 5325K, committed 5376K, reserved 1048576K
}
Event: 11.957 GC heap after
{Heap after GC invocations=9 (full 0):
 garbage-first heap   total 131072K, used 26390K [0x0000000080000000, 0x0000000100000000)
  region size 1024K, 9 young (9216K), 9 survivors (9216K)
 Metaspace       used 39496K, capacity 40464K, committed 40704K, reserved 1085440K
  class space    used 4977K, capacity 5325K, committed 5376K, reserved 1048576K
}
Event: 13.977 GC heap before
{Heap before GC invocations=9 (full 0):
 garbage-first heap   total 131072K, used 76566K [0x0000000080000000, 0x0000000100000000)
  region size 1024K, 58 young (59392K), 9 survivors (9216K)
 Metaspace       used 44339K, capacity 45369K, committed 45440K, reserved 1089536K
  class space    used 5572K, capacity 5949K, committed 6016K, reserved 1048576K
}
Event: 14.019 GC heap after
{Heap after GC invocations=10 (full 0):
 garbage-first heap   total 131072K, used 29720K [0x0000000080000000, 0x0000000100000000)
  region size 1024K, 4 young (4096K), 4 survivors (4096K)
 Metaspace       used 44339K, capacity 45369K, committed 45440K, reserved 1089536K
  class space    used 5572K, capacity 5949K, committed 6016K, reserved 1048576K
}
Event: 15.675 GC heap before
{Heap before GC invocations=11 (full 0):
 garbage-first heap   total 131072K, used 87064K [0x0000000080000000, 0x0000000100000000)
  region size 1024K, 60 young (61440K), 4 survivors (4096K)
 Metaspace       used 48041K, capacity 49294K, committed 49612K, reserved 1091584K
  class space    used 6089K, capacity 6513K, committed 6604K, reserved 1048576K
}
Event: 15.689 GC heap after
{Heap after GC invocations=12 (full 0):
 garbage-first heap   total 166912K, used 31304K [0x0000000080000000, 0x0000000100000000)
  region size 1024K, 5 young (5120K), 5 survivors (5120K)
 Metaspace       used 48041K, capacity 49294K, committed 49612K, reserved 1091584K
  class space    used 6089K, capacity 6513K, committed 6604K, reserved 1048576K
}
Event: 17.239 GC heap before
{Heap before GC invocations=12 (full 0):
 garbage-first heap   total 166912K, used 109128K [0x0000000080000000, 0x0000000100000000)
  region size 1024K, 77 young (78848K), 5 survivors (5120K)
 Metaspace       used 54174K, capacity 55565K, committed 55884K, reserved 1097728K
  class space    used 6870K, capacity 7393K, committed 7500K, reserved 1048576K
}
Event: 17.255 GC heap after
{Heap after GC invocations=13 (full 0):
 garbage-first heap   total 166912K, used 43441K [0x0000000080000000, 0x0000000100000000)
  region size 1024K, 10 young (10240K), 10 survivors (10240K)
 Metaspace       used 54174K, capacity 55565K, committed 55884K, reserved 1097728K
  class space    used 6870K, capacity 7393K, committed 7500K, reserved 1048576K
}
Event: 18.906 GC heap before
{Heap before GC invocations=13 (full 0):
 garbage-first heap   total 166912K, used 120241K [0x0000000080000000, 0x0000000100000000)
  region size 1024K, 78 young (79872K), 10 survivors (10240K)
 Metaspace       used 62100K, capacity 63598K, committed 63692K, reserved 1103872K
  class space    used 7819K, capacity 8377K, committed 8396K, reserved 1048576K
}
Event: 18.928 GC heap after
{Heap after GC invocations=14 (full 0):
 garbage-first heap   total 166912K, used 49835K [0x0000000080000000, 0x0000000100000000)
  region size 1024K, 6 young (6144K), 6 survivors (6144K)
 Metaspace       used 62100K, capacity 63598K, committed 63692K, reserved 1103872K
  class space    used 7819K, capacity 8377K, committed 8396K, reserved 1048576K
}
Event: 20.090 GC heap before
{Heap before GC invocations=14 (full 0):
 garbage-first heap   total 166912K, used 119467K [0x0000000080000000, 0x0000000100000000)
  region size 1024K, 73 young (74752K), 6 survivors (6144K)
 Metaspace       used 65295K, capacity 66824K, committed 67020K, reserved 1107968K
  class space    used 8250K, capacity 8797K, committed 8908K, reserved 1048576K
}
Event: 20.112 GC heap after
{Heap after GC invocations=15 (full 0):
 garbage-first heap   total 166912K, used 54074K [0x0000000080000000, 0x0000000100000000)
  region size 1024K, 10 young (10240K), 10 survivors (10240K)
 Metaspace       used 65295K, capacity 66824K, committed 67020K, reserved 1107968K
  class space    used 8250K, capacity 8797K, committed 8908K, reserved 1048576K
}
Event: 21.521 GC heap before
{Heap before GC invocations=15 (full 0):
 garbage-first heap   total 166912K, used 122682K [0x0000000080000000, 0x0000000100000000)
  region size 1024K, 77 young (78848K), 10 survivors (10240K)
 Metaspace       used 71021K, capacity 72820K, committed 73164K, reserved 1112064K
  class space    used 9163K, capacity 9806K, committed 9932K, reserved 1048576K
}
Event: 21.547 GC heap after
{Heap after GC invocations=16 (full 0):
 garbage-first heap   total 166912K, used 58859K [0x0000000080000000, 0x0000000100000000)
  region size 1024K, 10 young (10240K), 10 survivors (10240K)
 Metaspace       used 71021K, capacity 72820K, committed 73164K, reserved 1112064K
  class space    used 9163K, capacity 9806K, committed 9932K, reserved 1048576K
}

Deoptimization events (20 events):
Event: 21.334 Thread 0x000001df4bec6800 Uncommon trap: trap_request=0xffffffc6 fr.pc=0x000001df3aebc800 relative=0x0000000000000340
Event: 21.334 Thread 0x000001df4bec6800 Uncommon trap: reason=bimorphic_or_optimized_type_check action=maybe_recompile pc=0x000001df3aebc800 method=com.google.common.collect.RegularImmutableSet.contains(Ljava/lang/Object;)Z @ 42 c2
Event: 21.334 Thread 0x000001df4bec6800 DEOPT PACKING pc=0x000001df3aebc800 sp=0x000000c01cdf9350
Event: 21.334 Thread 0x000001df4bec6800 DEOPT UNPACKING pc=0x000001df3317a1af sp=0x000000c01cdf92f0 mode 2
Event: 21.338 Thread 0x000001df4bec6800 Uncommon trap: trap_request=0xffffffc6 fr.pc=0x000001df3aebc800 relative=0x0000000000000340
Event: 21.338 Thread 0x000001df4bec6800 Uncommon trap: reason=bimorphic_or_optimized_type_check action=maybe_recompile pc=0x000001df3aebc800 method=com.google.common.collect.RegularImmutableSet.contains(Ljava/lang/Object;)Z @ 42 c2
Event: 21.338 Thread 0x000001df4bec6800 DEOPT PACKING pc=0x000001df3aebc800 sp=0x000000c01cdf9350
Event: 21.338 Thread 0x000001df4bec6800 DEOPT UNPACKING pc=0x000001df3317a1af sp=0x000000c01cdf92f0 mode 2
Event: 21.346 Thread 0x000001df4bec6800 Uncommon trap: trap_request=0xffffffc6 fr.pc=0x000001df3aebc800 relative=0x0000000000000340
Event: 21.346 Thread 0x000001df4bec6800 Uncommon trap: reason=bimorphic_or_optimized_type_check action=maybe_recompile pc=0x000001df3aebc800 method=com.google.common.collect.RegularImmutableSet.contains(Ljava/lang/Object;)Z @ 42 c2
Event: 21.346 Thread 0x000001df4bec6800 DEOPT PACKING pc=0x000001df3aebc800 sp=0x000000c01cdf94f0
Event: 21.346 Thread 0x000001df4bec6800 DEOPT UNPACKING pc=0x000001df3317a1af sp=0x000000c01cdf9490 mode 2
Event: 21.454 Thread 0x000001df4bec6800 Uncommon trap: trap_request=0xffffffde fr.pc=0x000001df3af4f380 relative=0x0000000000000ee0
Event: 21.455 Thread 0x000001df4bec6800 Uncommon trap: reason=class_check action=maybe_recompile pc=0x000001df3af4f380 method=org.gradle.internal.instantiation.generator.AbstractClassGenerator$InjectionAnnotationValidator.validateMethod(Ljava/lang/reflect/Method;Lorg/gradle/internal/reflect/Pro
Event: 21.455 Thread 0x000001df4bec6800 DEOPT PACKING pc=0x000001df3af4f380 sp=0x000000c01cdf89e0
Event: 21.455 Thread 0x000001df4bec6800 DEOPT UNPACKING pc=0x000001df3317a1af sp=0x000000c01cdf8998 mode 2
Event: 21.487 Thread 0x000001df4bec6800 Uncommon trap: trap_request=0xffffffde fr.pc=0x000001df3af4f380 relative=0x0000000000000ee0
Event: 21.487 Thread 0x000001df4bec6800 Uncommon trap: reason=class_check action=maybe_recompile pc=0x000001df3af4f380 method=org.gradle.internal.instantiation.generator.AbstractClassGenerator$InjectionAnnotationValidator.validateMethod(Ljava/lang/reflect/Method;Lorg/gradle/internal/reflect/Pro
Event: 21.487 Thread 0x000001df4bec6800 DEOPT PACKING pc=0x000001df3af4f380 sp=0x000000c01cdf8a60
Event: 21.487 Thread 0x000001df4bec6800 DEOPT UNPACKING pc=0x000001df3317a1af sp=0x000000c01cdf8a18 mode 2

Classes redefined (0 events):
No events

Internal exceptions (20 events):
Event: 20.277 Thread 0x000001df4bec6800 Exception <a 'java/lang/ClassNotFoundException'{0x0000000088eeeaa8}: com/android/build/gradle/internal/CompileOptionsBeanInfo> (0x0000000088eeeaa8) thrown at [./src/hotspot/share/classfile/systemDictionary.cpp, line 231]
Event: 20.277 Thread 0x000001df4bec6800 Exception <a 'java/lang/ClassNotFoundException'{0x0000000088d0bdc8}: com/android/build/gradle/internal/CompileOptionsCustomizer> (0x0000000088d0bdc8) thrown at [./src/hotspot/share/classfile/systemDictionary.cpp, line 231]
Event: 20.279 Thread 0x000001df4bec6800 Exception <a 'java/lang/ClassNotFoundException'{0x0000000088d36b78}: com/android/build/gradle/internal/CompileOptions$AgpDecoratedCustomizer> (0x0000000088d36b78) thrown at [./src/hotspot/share/classfile/systemDictionary.cpp, line 231]
Event: 20.280 Thread 0x000001df4bec6800 Exception <a 'java/lang/ClassNotFoundException'{0x0000000088d64520}: com/android/build/gradle/internal/CompileOptions$AgpDecorated_DecoratedCustomizer> (0x0000000088d64520) thrown at [./src/hotspot/share/classfile/systemDictionary.cpp, line 231]
Event: 21.578 Thread 0x000001df4bec6800 Exception <a 'java/lang/ClassNotFoundException'{0x000000008a18db50}: com/android/build/gradle/internal/api/ApkVariantOutputImpl_DecoratedBeanInfo> (0x000000008a18db50) thrown at [./src/hotspot/share/classfile/systemDictionary.cpp, line 231]
Event: 21.579 Thread 0x000001df4bec6800 Exception <a 'java/lang/ClassNotFoundException'{0x000000008a1aa448}: com/android/build/gradle/internal/api/ApkVariantOutputImplBeanInfo> (0x000000008a1aa448) thrown at [./src/hotspot/share/classfile/systemDictionary.cpp, line 231]
Event: 21.581 Thread 0x000001df4bec6800 Exception <a 'java/lang/ClassNotFoundException'{0x000000008a1c7548}: com/android/build/gradle/internal/api/BaseVariantOutputImplBeanInfo> (0x000000008a1c7548) thrown at [./src/hotspot/share/classfile/systemDictionary.cpp, line 231]
Event: 21.582 Thread 0x000001df4bec6800 Exception <a 'java/lang/ClassNotFoundException'{0x000000008a1e46d0}: com/android/build/gradle/internal/api/BaseVariantOutputImplCustomizer> (0x000000008a1e46d0) thrown at [./src/hotspot/share/classfile/systemDictionary.cpp, line 231]
Event: 21.585 Thread 0x000001df4bec6800 Exception <a 'java/lang/ClassNotFoundException'{0x000000008a0143f8}: com/android/build/gradle/internal/api/ApkVariantOutputImplCustomizer> (0x000000008a0143f8) thrown at [./src/hotspot/share/classfile/systemDictionary.cpp, line 231]
Event: 21.587 Thread 0x000001df4bec6800 Exception <a 'java/lang/ClassNotFoundException'{0x000000008a040b88}: com/android/build/gradle/internal/api/ApkVariantOutputImpl_DecoratedCustomizer> (0x000000008a040b88) thrown at [./src/hotspot/share/classfile/systemDictionary.cpp, line 231]
Event: 21.614 Thread 0x000001df4bec6800 Exception <a 'java/lang/ClassNotFoundException'{0x0000000089fb18b8}: groovy/lang/GString$1BeanInfo> (0x0000000089fb18b8) thrown at [./src/hotspot/share/classfile/systemDictionary.cpp, line 231]
Event: 21.616 Thread 0x000001df4bec6800 Exception <a 'java/lang/ClassNotFoundException'{0x0000000089fd5310}: groovy/lang/GStringBeanInfo> (0x0000000089fd5310) thrown at [./src/hotspot/share/classfile/systemDictionary.cpp, line 231]
Event: 21.618 Thread 0x000001df4bec6800 Exception <a 'java/lang/ClassNotFoundException'{0x0000000089ff8db0}: groovy/lang/GStringCustomizer> (0x0000000089ff8db0) thrown at [./src/hotspot/share/classfile/systemDictionary.cpp, line 231]
Event: 21.622 Thread 0x000001df4bec6800 Exception <a 'java/lang/ClassNotFoundException'{0x0000000089e26930}: groovy/lang/GString$1Customizer> (0x0000000089e26930) thrown at [./src/hotspot/share/classfile/systemDictionary.cpp, line 231]
Event: 21.648 Thread 0x000001df4bec6800 Exception <a 'java/lang/ClassNotFoundException'{0x0000000089d8ba90}: com/android/build/gradle/internal/api/ApplicationVariantImpl_DecoratedBeanInfo> (0x0000000089d8ba90) thrown at [./src/hotspot/share/classfile/systemDictionary.cpp, line 231]
Event: 21.650 Thread 0x000001df4bec6800 Exception <a 'java/lang/ClassNotFoundException'{0x0000000089daa0e0}: com/android/build/gradle/internal/api/ApplicationVariantImplBeanInfo> (0x0000000089daa0e0) thrown at [./src/hotspot/share/classfile/systemDictionary.cpp, line 231]
Event: 21.651 Thread 0x000001df4bec6800 Exception <a 'java/lang/ClassNotFoundException'{0x0000000089dc7510}: com/android/build/gradle/internal/api/ApkVariantImplBeanInfo> (0x0000000089dc7510) thrown at [./src/hotspot/share/classfile/systemDictionary.cpp, line 231]
Event: 21.652 Thread 0x000001df4bec6800 Exception <a 'java/lang/ClassNotFoundException'{0x0000000089de6de8}: com/android/build/gradle/internal/api/InstallableVariantImplBeanInfo> (0x0000000089de6de8) thrown at [./src/hotspot/share/classfile/systemDictionary.cpp, line 231]
Event: 21.654 Thread 0x000001df4bec6800 Exception <a 'java/lang/ClassNotFoundException'{0x0000000089c06fe0}: com/android/build/gradle/internal/api/AndroidArtifactVariantImplBeanInfo> (0x0000000089c06fe0) thrown at [./src/hotspot/share/classfile/systemDictionary.cpp, line 231]
Event: 21.655 Thread 0x000001df4bec6800 Exception <a 'java/lang/ClassNotFoundException'{0x0000000089c25760}: com/android/build/gradle/internal/api/BaseVariantImplBeanInfo> (0x0000000089c25760) thrown at [./src/hotspot/share/classfile/systemDictionary.cpp, line 231]

Events (20 events):
Event: 21.652 loading class com/android/build/gradle/internal/api/InstallableVariantImplBeanInfo
Event: 21.652 loading class com/android/build/gradle/internal/api/InstallableVariantImplBeanInfo done
Event: 21.652 loading class com/android/build/gradle/internal/api/AndroidArtifactVariantImplBeanInfo
Event: 21.653 loading class com/android/build/gradle/internal/api/AndroidArtifactVariantImplBeanInfo done
Event: 21.653 loading class com/android/build/gradle/internal/api/AndroidArtifactVariantImplBeanInfo
Event: 21.653 loading class com/android/build/gradle/internal/api/AndroidArtifactVariantImplBeanInfo done
Event: 21.653 loading class com/android/build/gradle/internal/api/AndroidArtifactVariantImplBeanInfo
Event: 21.653 loading class com/android/build/gradle/internal/api/AndroidArtifactVariantImplBeanInfo done
Event: 21.654 loading class com/android/build/gradle/internal/api/BaseVariantImplBeanInfo
Event: 21.654 loading class com/android/build/gradle/internal/api/BaseVariantImplBeanInfo done
Event: 21.654 loading class com/android/build/gradle/internal/api/BaseVariantImplBeanInfo
Event: 21.654 loading class com/android/build/gradle/internal/api/BaseVariantImplBeanInfo done
Event: 21.655 loading class com/android/build/gradle/internal/api/BaseVariantImplBeanInfo
Event: 21.655 loading class com/android/build/gradle/internal/api/BaseVariantImplBeanInfo done
Event: 21.655 loading class com/android/build/gradle/internal/api/BaseVariantImplCustomizer
Event: 21.655 loading class com/android/build/gradle/internal/api/BaseVariantImplCustomizer done
Event: 21.656 loading class com/android/build/gradle/internal/api/BaseVariantImplCustomizer
Event: 21.656 loading class com/android/build/gradle/internal/api/BaseVariantImplCustomizer done
Event: 21.656 loading class com/android/build/gradle/internal/api/BaseVariantImplCustomizer
Event: 21.656 loading class com/android/build/gradle/internal/api/BaseVariantImplCustomizer done


Dynamic libraries:
0x00007ff6cb210000 - 0x00007ff6cb21a000 	C:\Program Files\Android\Android Studio\jre\bin\java.exe
0x00007ffd1faf0000 - 0x00007ffd1fce8000 	C:\WINDOWS\SYSTEM32\ntdll.dll
0x00007ffd1f680000 - 0x00007ffd1f73f000 	C:\WINDOWS\System32\KERNEL32.DLL
0x00007ffd1d7c0000 - 0x00007ffd1da92000 	C:\WINDOWS\System32\KERNELBASE.dll
0x00007ffd1d590000 - 0x00007ffd1d690000 	C:\WINDOWS\System32\ucrtbase.dll
0x00007ffd15fa0000 - 0x00007ffd15fb7000 	C:\Program Files\Android\Android Studio\jre\bin\VCRUNTIME140.dll
0x00007ffd15f70000 - 0x00007ffd15f89000 	C:\Program Files\Android\Android Studio\jre\bin\jli.dll
0x00007ffd1e160000 - 0x00007ffd1e301000 	C:\WINDOWS\System32\USER32.dll
0x00007ffd1d340000 - 0x00007ffd1d362000 	C:\WINDOWS\System32\win32u.dll
0x00007ffd0e330000 - 0x00007ffd0e5ca000 	C:\WINDOWS\WinSxS\amd64_microsoft.windows.common-controls_6595b64144ccf1df_6.0.19041.1110_none_60b5254171f9507e\COMCTL32.dll
0x00007ffd1ecb0000 - 0x00007ffd1ecdb000 	C:\WINDOWS\System32\GDI32.dll
0x00007ffd1f740000 - 0x00007ffd1f7de000 	C:\WINDOWS\System32\msvcrt.dll
0x00007ffd1d370000 - 0x00007ffd1d47f000 	C:\WINDOWS\System32\gdi32full.dll
0x00007ffd1d4f0000 - 0x00007ffd1d58d000 	C:\WINDOWS\System32\msvcp_win.dll
0x00007ffd1f640000 - 0x00007ffd1f672000 	C:\WINDOWS\System32\IMM32.DLL
0x00007ffcf8c80000 - 0x00007ffcf8d1d000 	C:\Program Files\Android\Android Studio\jre\bin\msvcp140.dll
0x00007ffce4130000 - 0x00007ffce4c32000 	C:\Program Files\Android\Android Studio\jre\bin\server\jvm.dll
0x00007ffd1dfe0000 - 0x00007ffd1e08e000 	C:\WINDOWS\System32\ADVAPI32.dll
0x00007ffd1dc60000 - 0x00007ffd1dcfc000 	C:\WINDOWS\System32\sechost.dll
0x00007ffd1db30000 - 0x00007ffd1dc55000 	C:\WINDOWS\System32\RPCRT4.dll
0x00007ffd1f8d0000 - 0x00007ffd1f8d8000 	C:\WINDOWS\System32\PSAPI.DLL
0x00007ffd0c680000 - 0x00007ffd0c689000 	C:\WINDOWS\SYSTEM32\WSOCK32.dll
0x00007ffd0e780000 - 0x00007ffd0e7a7000 	C:\WINDOWS\SYSTEM32\WINMM.dll
0x00007ffd187d0000 - 0x00007ffd187da000 	C:\WINDOWS\SYSTEM32\VERSION.dll
0x00007ffd1e310000 - 0x00007ffd1e37b000 	C:\WINDOWS\System32\WS2_32.dll
0x00007ffd1ba30000 - 0x00007ffd1ba42000 	C:\WINDOWS\SYSTEM32\kernel.appcore.dll
0x00007ffd18680000 - 0x00007ffd18691000 	C:\Program Files\Android\Android Studio\jre\bin\verify.dll
0x00007ffd1ae40000 - 0x00007ffd1b024000 	C:\WINDOWS\SYSTEM32\DBGHELP.DLL
0x00007ffd05660000 - 0x00007ffd05695000 	C:\WINDOWS\SYSTEM32\dbgcore.DLL
0x00007ffd1daa0000 - 0x00007ffd1db22000 	C:\WINDOWS\System32\bcryptPrimitives.dll
0x00007ffd17310000 - 0x00007ffd17339000 	C:\Program Files\Android\Android Studio\jre\bin\java.dll
0x00007ffd17c60000 - 0x00007ffd17c6b000 	C:\Program Files\Android\Android Studio\jre\bin\jimage.dll
0x00007ffd17070000 - 0x00007ffd17088000 	C:\Program Files\Android\Android Studio\jre\bin\zip.dll
0x00007ffd1ee90000 - 0x00007ffd1f5d4000 	C:\WINDOWS\System32\SHELL32.dll
0x00007ffd1b280000 - 0x00007ffd1ba12000 	C:\WINDOWS\SYSTEM32\windows.storage.dll
0x00007ffd1e8a0000 - 0x00007ffd1ebf5000 	C:\WINDOWS\System32\combase.dll
0x00007ffd1cc40000 - 0x00007ffd1cc70000 	C:\WINDOWS\SYSTEM32\Wldp.dll
0x00007ffd1e380000 - 0x00007ffd1e42d000 	C:\WINDOWS\System32\SHCORE.dll
0x00007ffd1de20000 - 0x00007ffd1de75000 	C:\WINDOWS\System32\shlwapi.dll
0x00007ffd1d120000 - 0x00007ffd1d13f000 	C:\WINDOWS\SYSTEM32\profapi.dll
0x00007ffd15080000 - 0x00007ffd1509a000 	C:\Program Files\Android\Android Studio\jre\bin\net.dll
0x00007ffd14670000 - 0x00007ffd1477c000 	C:\WINDOWS\SYSTEM32\WINHTTP.dll
0x00007ffd1c930000 - 0x00007ffd1c99a000 	C:\WINDOWS\system32\mswsock.dll
0x00007ffd15060000 - 0x00007ffd15074000 	C:\Program Files\Android\Android Studio\jre\bin\nio.dll
0x00007ffd15170000 - 0x00007ffd15197000 	C:\Users\ASUS\.gradle\native\e1d6ef7f7dcc3fd88c89a11ec53ec762bb8ba0a96d01ffa2cd45eb1d1d8dd5c5\windows-amd64\native-platform.dll
0x00007ffcecc00000 - 0x00007ffcecd44000 	C:\Users\ASUS\.gradle\native\0d407fdbe67a94daf76414ababcb853783967236a71b16ec16e742cd7a986fd3\windows-amd64\native-platform-file-events.dll
0x00007ffd17510000 - 0x00007ffd1751a000 	C:\Program Files\Android\Android Studio\jre\bin\management.dll
0x00007ffd17060000 - 0x00007ffd1706d000 	C:\Program Files\Android\Android Studio\jre\bin\management_ext.dll
0x00007ffd1cba0000 - 0x00007ffd1cbb8000 	C:\WINDOWS\SYSTEM32\CRYPTSP.dll
0x00007ffd1c1e0000 - 0x00007ffd1c214000 	C:\WINDOWS\system32\rsaenh.dll
0x00007ffd1d790000 - 0x00007ffd1d7b7000 	C:\WINDOWS\System32\bcrypt.dll
0x00007ffd1d0e0000 - 0x00007ffd1d10e000 	C:\WINDOWS\SYSTEM32\USERENV.dll
0x00007ffd1cb90000 - 0x00007ffd1cb9c000 	C:\WINDOWS\SYSTEM32\CRYPTBASE.dll
0x00007ffd1c5b0000 - 0x00007ffd1c5eb000 	C:\WINDOWS\SYSTEM32\IPHLPAPI.DLL
0x00007ffd1dfd0000 - 0x00007ffd1dfd8000 	C:\WINDOWS\System32\NSI.dll
0x00007ffd15330000 - 0x00007ffd15347000 	C:\WINDOWS\SYSTEM32\dhcpcsvc6.DLL
0x00007ffd161f0000 - 0x00007ffd1620d000 	C:\WINDOWS\SYSTEM32\dhcpcsvc.DLL
0x00007ffd1c5f0000 - 0x00007ffd1c6ba000 	C:\WINDOWS\SYSTEM32\DNSAPI.dll

dbghelp: loaded successfully - version: 4.0.5 - missing functions: none
symbol engine: initialized successfully - sym options: 0x614 - pdb path: .;C:\Program Files\Android\Android Studio\jre\bin;C:\WINDOWS\SYSTEM32;C:\WINDOWS\WinSxS\amd64_microsoft.windows.common-controls_6595b64144ccf1df_6.0.19041.1110_none_60b5254171f9507e;C:\Program Files\Android\Android Studio\jre\bin\server;C:\Users\ASUS\.gradle\native\e1d6ef7f7dcc3fd88c89a11ec53ec762bb8ba0a96d01ffa2cd45eb1d1d8dd5c5\windows-amd64;C:\Users\ASUS\.gradle\native\0d407fdbe67a94daf76414ababcb853783967236a71b16ec16e742cd7a986fd3\windows-amd64

VM Arguments:
jvm_args: --add-opens=java.base/java.util=ALL-UNNAMED --add-opens=java.base/java.lang=ALL-UNNAMED --add-opens=java.base/java.lang.invoke=ALL-UNNAMED --add-opens=java.base/java.util=ALL-UNNAMED --add-opens=java.prefs/java.util.prefs=ALL-UNNAMED --add-opens=java.prefs/java.util.prefs=ALL-UNNAMED --add-opens=java.base/java.nio.charset=ALL-UNNAMED --add-opens=java.base/java.net=ALL-UNNAMED --add-opens=java.base/java.util.concurrent.atomic=ALL-UNNAMED -Xmx2048m -Dfile.encoding=UTF-8 -Duser.country=US -Duser.language=en -Duser.variant 
java_command: org.gradle.launcher.daemon.bootstrap.GradleDaemon 7.4
java_class_path (initial): C:\Users\ASUS\.gradle\wrapper\dists\gradle-7.4-bin\c0gwcg53nkjbqw7r0h0umtfvt\gradle-7.4\lib\gradle-launcher-7.4.jar
Launcher Type: SUN_STANDARD

[Global flags]
     intx CICompilerCount                          = 3                                         {product} {ergonomic}
     uint ConcGCThreads                            = 1                                         {product} {ergonomic}
     uint G1ConcRefinementThreads                  = 4                                         {product} {ergonomic}
   size_t G1HeapRegionSize                         = 1048576                                   {product} {ergonomic}
    uintx GCDrainStackTargetSize                   = 64                                        {product} {ergonomic}
   size_t InitialHeapSize                          = 134217728                                 {product} {ergonomic}
   size_t MarkStackSize                            = 4194304                                   {product} {ergonomic}
   size_t MaxHeapSize                              = 2147483648                                {product} {command line}
   size_t MaxNewSize                               = 1287651328                                {product} {ergonomic}
   size_t MinHeapDeltaBytes                        = 1048576                                   {product} {ergonomic}
    uintx NonNMethodCodeHeapSize                   = 5830732                                {pd product} {ergonomic}
    uintx NonProfiledCodeHeapSize                  = 122913754                              {pd product} {ergonomic}
    uintx ProfiledCodeHeapSize                     = 122913754                              {pd product} {ergonomic}
    uintx ReservedCodeCacheSize                    = 251658240                              {pd product} {ergonomic}
     bool SegmentedCodeCache                       = true                                      {product} {ergonomic}
     bool UseCompressedClassPointers               = true                                 {lp64_product} {ergonomic}
     bool UseCompressedOops                        = true                                 {lp64_product} {ergonomic}
     bool UseG1GC                                  = true                                      {product} {ergonomic}
     bool UseLargePagesIndividualAllocation        = false                                  {pd product} {ergonomic}

Logging:
Log output configuration:
 #0: stdout all=warning uptime,level,tags
 #1: stderr all=off uptime,level,tags

Environment Variables:
JAVA_HOME=C:\Program Files\Android\Android Studio\jre
PATH=C:\ProgramData\Oracle\Java\javapath;C:\Program Files (x86)\Common Files\Oracle\Java\javapath;C:\Program Files (x86)\Common Files\Intel\Shared Libraries\redist\intel64\compiler;C:\Program Files (x86)\Common Files\Intel\Shared Files\cpp\bin\Intel64;C:\Windows\system32;C:\Windows;C:\Windows\System32\Wbem;C:\Windows\System32\WindowsPowerShell\v1.0\;C:\Program Files (x86)\NVIDIA Corporation\PhysX\Common;C:\WINDOWS\system32;C:\WINDOWS;C:\WINDOWS\System32\Wbem;C:\WINDOWS\System32\WindowsPowerShell\v1.0\;C:\WINDOWS\System32\OpenSSH\;C:\mingw-w64\mingw64\bin;C:\Program Files (x86)\QuickTime Alternative\QTSystem;C:\Program Files\Java\jdk-13.0.2\bin;?D:\gradle-6.4\bin;C:\Program Files\Java\jdk-13.0.2\bin;C:\Windows\System32;C:\Program Files\PuTTY\;C:\laragon\bin\php\php-8.1.3-Win32-vs16-x64;C:\composer;C:\Ruby27-x64\bin;C:\oraclexe\app\oracle\product\10.2.0\server\bin;C:\Users\ASUS\AppData\Local\Microsoft\WindowsApps;C:\Users\ASUS\AppData\Local\Programs\Microsoft VS Cod;C:\Users\ASUS\AppData\Ro;C:\Program Files\dotnet;C:\Program Files\dotnet\;C:\Users\ASUS\AppData\Roaming\Composer\vendor\bin;D:\Program Files\MATHLAB\R2013a\runtime\win64;D:\Program Files\MATHLAB\R2013a\bin;C:\laragon\bin\nodejs\node-v16.14.2-win-x64;C:\Program Files\Git\cmd;C:\laragon\bin;C:\laragon\bin\apache\httpd-2.4.35-win64-VC15\bin;C:\laragon\bin\composer;C:\laragon\bin\git\bin;C:\laragon\bin\git\cmd;C:\laragon\bin\git\mingw64\bin;C:\laragon\bin\git\usr\bin;C:\laragon\bin\laragon\utils;C:\laragon\bin\mysql\mysql-5.7.24-winx64\bin;C:\laragon\bin\nginx\nginx-1.16.0;C:\laragon\bin\ngrok;C:\laragon\bin\nodejs\node-v16.14.2-win-x64;C:\laragon\bin\notepad++;C:\laragon\bin\php\php-8.1.3-Win32-vs16-x64;C:\laragon\bin\putty;C:\laragon\bin\redis\redis-x64-3.2.100;C:\laragon\bin\telnet;C:\laragon\usr\bin;C:\Users\ASUS\AppData\Local\Yarn\config\global\node_modules\.bin;C:\Users\ASUS\AppData\Roaming\Composer\vendor\bin;C:\Users\ASUS\AppData\Roaming\npm;C:\Users\ASUS\AppData\Local\Programs\Python\Python310\Scripts\;C
USERNAME=ASUS
OS=Windows_NT
PROCESSOR_IDENTIFIER=Intel64 Family 6 Model 78 Stepping 3, GenuineIntel



---------------  S Y S T E M  ---------------

OS: Windows 10 , 64 bit Build 19041 (10.0.19041.2364)
OS uptime: 0 days 17:45 hours

CPU:total 4 (initial active 4) (2 cores per cpu, 2 threads per core) family 6 model 78 stepping 3 microcode 0xcc, cmov, cx8, fxsr, mmx, sse, sse2, sse3, ssse3, sse4.1, sse4.2, popcnt, avx, avx2, aes, clmul, erms, 3dnowpref, lzcnt, ht, tsc, tscinvbit, bmi1, bmi2, adx, fma

Memory: 4k page, system-wide physical 8091M (842M free)
TotalPageFile size 10139M (AvailPageFile size 5M)
current process WorkingSet (physical memory assigned to process): 369M, peak: 369M
current process commit charge ("private bytes"): 401M, peak: 403M

vm_info: OpenJDK 64-Bit Server VM (11.0.13+0-b1751.21-8125866) for windows-amd64 JRE (11.0.13+0-b1751.21-8125866), built on Feb  2 2022 03:00:22 by "builder" with MS VC++ 14.0 (VS2015)

END.
