#
# There is insufficient memory for the Java Runtime Environment to continue.
# Native memory allocation (malloc) failed to allocate 1866736 bytes for Chunk::new
# Possible reasons:
#   The system is out of physical RAM or swap space
#   The process is running with CompressedOops enabled, and the Java Heap may be blocking the growth of the native heap
# Possible solutions:
#   Reduce memory load on the system
#   Increase physical memory or swap space
#   Check if swap backing store is full
#   Decrease Java heap size (-Xmx/-Xms)
#   Decrease number of Java threads
#   Decrease Java thread stack sizes (-Xss)
#   Set larger code cache with -XX:ReservedCodeCacheSize=
#   JVM is running with Unscaled Compressed Oops mode in which the Java heap is
#     placed in the first 4GB address space. The Java Heap base address is the
#     maximum limit for the native heap growth. Please use -XX:HeapBaseMinAddress
#     to set the Java Heap base and to place the Java Heap above 4GB virtual address.
# This output file may be truncated or incomplete.
#
#  Out of Memory Error (./src/hotspot/share/memory/arena.cpp:197), pid=1440, tid=9016
#
# JRE version: OpenJDK Runtime Environment (11.0.13) (build 11.0.13+0-b1751.21-8125866)
# Java VM: OpenJDK 64-Bit Server VM (11.0.13+0-b1751.21-8125866, mixed mode, tiered, compressed oops, g1 gc, windows-amd64)
# No core dump will be written. Minidumps are not enabled by default on client versions of Windows
#

---------------  S U M M A R Y ------------

Command Line: --add-opens=java.base/java.util=ALL-UNNAMED --add-opens=java.base/java.lang=ALL-UNNAMED --add-opens=java.base/java.lang.invoke=ALL-UNNAMED --add-opens=java.base/java.util=ALL-UNNAMED --add-opens=java.prefs/java.util.prefs=ALL-UNNAMED --add-opens=java.prefs/java.util.prefs=ALL-UNNAMED --add-opens=java.base/java.nio.charset=ALL-UNNAMED --add-opens=java.base/java.net=ALL-UNNAMED --add-opens=java.base/java.util.concurrent.atomic=ALL-UNNAMED -Xmx2048m -Dfile.encoding=UTF-8 -Duser.country=US -Duser.language=en -Duser.variant org.gradle.launcher.daemon.bootstrap.GradleDaemon 7.4

Host: Intel(R) Core(TM) i3-6006U CPU @ 2.00GHz, 4 cores, 7G,  Windows 10 , 64 bit Build 19041 (10.0.19041.2364)
Time: Tue Jan  3 00:17:13 2023 Malay Peninsula Standard Time elapsed time: 10.064039 seconds (0d 0h 0m 10s)

---------------  T H R E A D  ---------------

Current thread (0x000002deac971800):  JavaThread "C2 CompilerThread1" daemon [_thread_in_native, id=9016, stack(0x000000ef55400000,0x000000ef55500000)]


Current CompileTask:
C2:  10064 3622       4       java.net.URLClassLoader$1::run (5 bytes)

Stack: [0x000000ef55400000,0x000000ef55500000]
Native frames: (J=compiled Java code, j=interpreted, Vv=VM code, C=native code)
V  [jvm.dll+0x6100fa]
V  [jvm.dll+0x747090]
V  [jvm.dll+0x7486ad]
V  [jvm.dll+0x748d83]
V  [jvm.dll+0x24ab48]
V  [jvm.dll+0xc04dc]
V  [jvm.dll+0xc0a0c]
V  [jvm.dll+0x35eb5b]
V  [jvm.dll+0x32b833]
V  [jvm.dll+0x32ad2a]
V  [jvm.dll+0x2032b2]
V  [jvm.dll+0x202437]
V  [jvm.dll+0x188e01]
V  [jvm.dll+0x21106b]
V  [jvm.dll+0x20f8c1]
V  [jvm.dll+0x70de0f]
V  [jvm.dll+0x706a75]
V  [jvm.dll+0x60ed66]
C  [ucrtbase.dll+0x21bb2]
C  [KERNEL32.DLL+0x17614]
C  [ntdll.dll+0x526a1]


---------------  P R O C E S S  ---------------

Threads class SMR info:
_java_thread_list=0x000002deadd22b50, length=36, elements={
0x000002de8fd61800, 0x000002dea9963000, 0x000002dea9970800, 0x000002dea9980800,
0x000002dea9981800, 0x000002dea9985000, 0x000002dea9988800, 0x000002dea998d000,
0x000002dea9998800, 0x000002deaa433800, 0x000002deac62f800, 0x000002deabc76800,
0x000002deac0fd000, 0x000002deac9cf800, 0x000002deac990000, 0x000002deac2db000,
0x000002deabd6d800, 0x000002deac1f9800, 0x000002deac253800, 0x000002deac3db800,
0x000002deac0df000, 0x000002deac0e1000, 0x000002deac0dd800, 0x000002deac971800,
0x000002deac0e1800, 0x000002deac0e0000, 0x000002deac0e2800, 0x000002deac0dd000,
0x000002deac0e3800, 0x000002deac0de800, 0x000002deaf812800, 0x000002deaf811800,
0x000002deaf814000, 0x000002deaf813000, 0x000002deaf80f000, 0x000002deaf810800
}

Java Threads: ( => current thread )
  0x000002de8fd61800 JavaThread "main" [_thread_blocked, id=14652, stack(0x000000ef53300000,0x000000ef53400000)]
  0x000002dea9963000 JavaThread "Reference Handler" daemon [_thread_blocked, id=9392, stack(0x000000ef53a00000,0x000000ef53b00000)]
  0x000002dea9970800 JavaThread "Finalizer" daemon [_thread_blocked, id=13932, stack(0x000000ef53b00000,0x000000ef53c00000)]
  0x000002dea9980800 JavaThread "Signal Dispatcher" daemon [_thread_blocked, id=11500, stack(0x000000ef53c00000,0x000000ef53d00000)]
  0x000002dea9981800 JavaThread "Attach Listener" daemon [_thread_blocked, id=13296, stack(0x000000ef53d00000,0x000000ef53e00000)]
  0x000002dea9985000 JavaThread "Service Thread" daemon [_thread_blocked, id=7640, stack(0x000000ef53e00000,0x000000ef53f00000)]
  0x000002dea9988800 JavaThread "C2 CompilerThread0" daemon [_thread_in_native, id=9840, stack(0x000000ef53f00000,0x000000ef54000000)]
  0x000002dea998d000 JavaThread "C1 CompilerThread0" daemon [_thread_in_native, id=10772, stack(0x000000ef54000000,0x000000ef54100000)]
  0x000002dea9998800 JavaThread "Sweeper thread" daemon [_thread_blocked, id=8312, stack(0x000000ef54100000,0x000000ef54200000)]
  0x000002deaa433800 JavaThread "Common-Cleaner" daemon [_thread_blocked, id=7372, stack(0x000000ef54200000,0x000000ef54300000)]
  0x000002deac62f800 JavaThread "Daemon health stats" [_thread_blocked, id=6784, stack(0x000000ef54700000,0x000000ef54800000)]
  0x000002deabc76800 JavaThread "Incoming local TCP Connector on port 64986" [_thread_in_native, id=8780, stack(0x000000ef54400000,0x000000ef54500000)]
  0x000002deac0fd000 JavaThread "Daemon periodic checks" [_thread_blocked, id=10848, stack(0x000000ef54800000,0x000000ef54900000)]
  0x000002deac9cf800 JavaThread "Daemon" [_thread_blocked, id=11884, stack(0x000000ef54900000,0x000000ef54a00000)]
  0x000002deac990000 JavaThread "Handler for socket connection from /127.0.0.1:64986 to /127.0.0.1:64987" [_thread_in_native, id=12048, stack(0x000000ef54a00000,0x000000ef54b00000)]
  0x000002deac2db000 JavaThread "Cancel handler" [_thread_blocked, id=2168, stack(0x000000ef54b00000,0x000000ef54c00000)]
  0x000002deabd6d800 JavaThread "Daemon worker" [_thread_in_vm, id=13756, stack(0x000000ef54c00000,0x000000ef54d00000)]
  0x000002deac1f9800 JavaThread "Asynchronous log dispatcher for DefaultDaemonConnection: socket connection from /127.0.0.1:64986 to /127.0.0.1:64987" [_thread_blocked, id=8132, stack(0x000000ef54d00000,0x000000ef54e00000)]
  0x000002deac253800 JavaThread "Stdin handler" [_thread_blocked, id=5816, stack(0x000000ef54e00000,0x000000ef54f00000)]
  0x000002deac3db800 JavaThread "Daemon client event forwarder" [_thread_blocked, id=14444, stack(0x000000ef55000000,0x000000ef55100000)]
  0x000002deac0df000 JavaThread "Cache worker for journal cache (C:\Users\ASUS\.gradle\caches\journal-1)" [_thread_blocked, id=6540, stack(0x000000ef55100000,0x000000ef55200000)]
  0x000002deac0e1000 JavaThread "File lock request listener" [_thread_in_native, id=14272, stack(0x000000ef55200000,0x000000ef55300000)]
  0x000002deac0dd800 JavaThread "Cache worker for file hash cache (C:\Users\ASUS\.gradle\caches\7.4\fileHashes)" [_thread_blocked, id=13404, stack(0x000000ef55300000,0x000000ef55400000)]
=>0x000002deac971800 JavaThread "C2 CompilerThread1" daemon [_thread_in_native, id=9016, stack(0x000000ef55400000,0x000000ef55500000)]
  0x000002deac0e1800 JavaThread "File watcher server" daemon [_thread_in_native, id=14184, stack(0x000000ef55500000,0x000000ef55600000)]
  0x000002deac0e0000 JavaThread "File watcher consumer" daemon [_thread_blocked, id=10704, stack(0x000000ef55600000,0x000000ef55700000)]
  0x000002deac0e2800 JavaThread "Cache worker for checksums cache (C:\Users\ASUS\AndroidStudioProjects\PendataanToko\.gradle\7.4\checksums)" [_thread_blocked, id=8964, stack(0x000000ef55700000,0x000000ef55800000)]
  0x000002deac0dd000 JavaThread "Cache worker for cache directory md-rule (C:\Users\ASUS\.gradle\caches\7.4\md-rule)" [_thread_blocked, id=8616, stack(0x000000ef55800000,0x000000ef55900000)]
  0x000002deac0e3800 JavaThread "Cache worker for file hash cache (C:\Users\ASUS\AndroidStudioProjects\PendataanToko\.gradle\7.4\fileHashes)" [_thread_blocked, id=6100, stack(0x000000ef55900000,0x000000ef55a00000)]
  0x000002deac0de800 JavaThread "Cache worker for cache directory md-supplier (C:\Users\ASUS\.gradle\caches\7.4\md-supplier)" [_thread_blocked, id=14688, stack(0x000000ef55a00000,0x000000ef55b00000)]
  0x000002deaf812800 JavaThread "Cache worker for execution history cache (C:\Users\ASUS\.gradle\caches\7.4\executionHistory)" [_thread_blocked, id=10472, stack(0x000000ef55b00000,0x000000ef55c00000)]
  0x000002deaf811800 JavaThread "jar transforms" [_thread_blocked, id=14892, stack(0x000000ef55c00000,0x000000ef55d00000)]
  0x000002deaf814000 JavaThread "Cache worker for file content cache (C:\Users\ASUS\.gradle\caches\7.4\fileContent)" [_thread_blocked, id=5832, stack(0x000000ef55d00000,0x000000ef55e00000)]
  0x000002deaf813000 JavaThread "jar transforms Thread 2" [_thread_blocked, id=14340, stack(0x000000ef55e00000,0x000000ef55f00000)]
  0x000002deaf80f000 JavaThread "Cache worker for dependencies-accessors (C:\Users\ASUS\AndroidStudioProjects\PendataanToko\.gradle\7.4\dependencies-accessors)" [_thread_blocked, id=12072, stack(0x000000ef55f00000,0x000000ef56000000)]
  0x000002deaf810800 JavaThread "jar transforms Thread 3" [_thread_blocked, id=13104, stack(0x000000ef56000000,0x000000ef56100000)]

Other Threads:
  0x000002dea995f800 VMThread "VM Thread" [stack: 0x000000ef53900000,0x000000ef53a00000] [id=10900]
  0x000002deaa448000 WatcherThread [stack: 0x000000ef54300000,0x000000ef54400000] [id=13848]
  0x000002de8fd7a800 GCTaskThread "GC Thread#0" [stack: 0x000000ef53400000,0x000000ef53500000] [id=14536]
  0x000002deaa8aa000 GCTaskThread "GC Thread#1" [stack: 0x000000ef54500000,0x000000ef54600000] [id=6076]
  0x000002deaa93f800 GCTaskThread "GC Thread#2" [stack: 0x000000ef54600000,0x000000ef54700000] [id=13264]
  0x000002deabc77000 GCTaskThread "GC Thread#3" [stack: 0x000000ef54f00000,0x000000ef55000000] [id=9220]
  0x000002de8fdac800 ConcurrentGCThread "G1 Main Marker" [stack: 0x000000ef53500000,0x000000ef53600000] [id=2608]
  0x000002de8fdad800 ConcurrentGCThread "G1 Conc#0" [stack: 0x000000ef53600000,0x000000ef53700000] [id=10916]
  0x000002de8fe39000 ConcurrentGCThread "G1 Refine#0" [stack: 0x000000ef53700000,0x000000ef53800000] [id=1392]
  0x000002de8fe3a000 ConcurrentGCThread "G1 Young RemSet Sampling" [stack: 0x000000ef53800000,0x000000ef53900000] [id=11784]

Threads with active compile tasks:
C2 CompilerThread0  10109 3623   !   4       java.net.URLClassLoader$1::run (81 bytes)
C2 CompilerThread1  10109 3622       4       java.net.URLClassLoader$1::run (5 bytes)

VM state:not at safepoint (normal execution)

VM Mutex/Monitor currently owned by a thread: None

Heap address: 0x0000000080000000, size: 2048 MB, Compressed Oops mode: 32-bit
Narrow klass base: 0x0000000000000000, Narrow klass shift: 3
Compressed class space size: 1073741824 Address: 0x0000000100000000

Heap:
 garbage-first heap   total 157696K, used 40890K [0x0000000080000000, 0x0000000100000000)
  region size 1024K, 24 young (24576K), 12 survivors (12288K)
 Metaspace       used 43771K, capacity 44827K, committed 45008K, reserved 1089536K
  class space    used 5490K, capacity 5876K, committed 5888K, reserved 1048576K
Heap Regions: E=young(eden), S=young(survivor), O=old, HS=humongous(starts), HC=humongous(continues), CS=collection set, F=free, A=archive, TAMS=top-at-mark-start (previous, next)
|   0|0x0000000080000000, 0x0000000080100000, 0x0000000080100000|100%|HS|  |TAMS 0x0000000080100000, 0x0000000080000000| Complete 
|   1|0x0000000080100000, 0x0000000080200000, 0x0000000080200000|100%|HC|  |TAMS 0x0000000080200000, 0x0000000080100000| Complete 
|   2|0x0000000080200000, 0x0000000080300000, 0x0000000080300000|100%|HC|  |TAMS 0x0000000080300000, 0x0000000080200000| Complete 
|   3|0x0000000080300000, 0x0000000080400000, 0x0000000080400000|100%| O|  |TAMS 0x0000000080400000, 0x0000000080300000| Untracked 
|   4|0x0000000080400000, 0x0000000080500000, 0x0000000080500000|100%| O|  |TAMS 0x0000000080500000, 0x0000000080400000| Untracked 
|   5|0x0000000080500000, 0x0000000080600000, 0x0000000080600000|100%| O|  |TAMS 0x0000000080600000, 0x0000000080500000| Untracked 
|   6|0x0000000080600000, 0x0000000080700000, 0x0000000080700000|100%| O|  |TAMS 0x0000000080700000, 0x0000000080600000| Untracked 
|   7|0x0000000080700000, 0x0000000080800000, 0x0000000080800000|100%| O|  |TAMS 0x0000000080800000, 0x0000000080700000| Untracked 
|   8|0x0000000080800000, 0x0000000080900000, 0x0000000080900000|100%| O|  |TAMS 0x0000000080900000, 0x0000000080800000| Untracked 
|   9|0x0000000080900000, 0x0000000080a00000, 0x0000000080a00000|100%| O|  |TAMS 0x0000000080a00000, 0x0000000080900000| Untracked 
|  10|0x0000000080a00000, 0x0000000080b00000, 0x0000000080b00000|100%| O|  |TAMS 0x0000000080b00000, 0x0000000080a00000| Untracked 
|  11|0x0000000080b00000, 0x0000000080c00000, 0x0000000080c00000|100%| O|  |TAMS 0x0000000080c00000, 0x0000000080b00000| Untracked 
|  12|0x0000000080c00000, 0x0000000080d00000, 0x0000000080d00000|100%| O|  |TAMS 0x0000000080d00000, 0x0000000080c00000| Untracked 
|  13|0x0000000080d00000, 0x0000000080e00000, 0x0000000080e00000|100%| O|  |TAMS 0x0000000080e00000, 0x0000000080d00000| Untracked 
|  14|0x0000000080e00000, 0x0000000080f00000, 0x0000000080f00000|100%| O|  |TAMS 0x0000000080f00000, 0x0000000080e00000| Untracked 
|  15|0x0000000080f00000, 0x0000000081000000, 0x0000000081000000|100%| O|  |TAMS 0x0000000080f5b000, 0x0000000080f00000| Untracked 
|  16|0x0000000081000000, 0x0000000081100000, 0x0000000081100000|100%|HS|  |TAMS 0x0000000081000000, 0x0000000081000000| Complete 
|  17|0x0000000081100000, 0x0000000081100000, 0x0000000081200000|  0%| F|  |TAMS 0x0000000081100000, 0x0000000081100000| Untracked 
|  18|0x0000000081200000, 0x0000000081200000, 0x0000000081300000|  0%| F|  |TAMS 0x0000000081200000, 0x0000000081200000| Untracked 
|  19|0x0000000081300000, 0x0000000081378e00, 0x0000000081400000| 47%| O|  |TAMS 0x0000000081300000, 0x0000000081300000| Untracked 
|  20|0x0000000081400000, 0x0000000081400000, 0x0000000081500000|  0%| F|  |TAMS 0x0000000081400000, 0x0000000081400000| Untracked 
|  21|0x0000000081500000, 0x0000000081500000, 0x0000000081600000|  0%| F|  |TAMS 0x0000000081500000, 0x0000000081500000| Untracked 
|  22|0x0000000081600000, 0x0000000081600000, 0x0000000081700000|  0%| F|  |TAMS 0x0000000081600000, 0x0000000081600000| Untracked 
|  23|0x0000000081700000, 0x0000000081700000, 0x0000000081800000|  0%| F|  |TAMS 0x0000000081700000, 0x0000000081700000| Untracked 
|  24|0x0000000081800000, 0x0000000081800000, 0x0000000081900000|  0%| F|  |TAMS 0x0000000081800000, 0x0000000081800000| Untracked 
|  25|0x0000000081900000, 0x0000000081900000, 0x0000000081a00000|  0%| F|  |TAMS 0x0000000081900000, 0x0000000081900000| Untracked 
|  26|0x0000000081a00000, 0x0000000081a00000, 0x0000000081b00000|  0%| F|  |TAMS 0x0000000081a00000, 0x0000000081a00000| Untracked 
|  27|0x0000000081b00000, 0x0000000081b00000, 0x0000000081c00000|  0%| F|  |TAMS 0x0000000081b00000, 0x0000000081b00000| Untracked 
|  28|0x0000000081c00000, 0x0000000081c00000, 0x0000000081d00000|  0%| F|  |TAMS 0x0000000081c00000, 0x0000000081c00000| Untracked 
|  29|0x0000000081d00000, 0x0000000081d00000, 0x0000000081e00000|  0%| F|  |TAMS 0x0000000081d00000, 0x0000000081d00000| Untracked 
|  30|0x0000000081e00000, 0x0000000081e00000, 0x0000000081f00000|  0%| F|  |TAMS 0x0000000081e00000, 0x0000000081e00000| Untracked 
|  31|0x0000000081f00000, 0x0000000081f00000, 0x0000000082000000|  0%| F|  |TAMS 0x0000000081f00000, 0x0000000081f00000| Untracked 
|  32|0x0000000082000000, 0x0000000082000000, 0x0000000082100000|  0%| F|  |TAMS 0x0000000082000000, 0x0000000082000000| Untracked 
|  33|0x0000000082100000, 0x0000000082100000, 0x0000000082200000|  0%| F|  |TAMS 0x0000000082100000, 0x0000000082100000| Untracked 
|  34|0x0000000082200000, 0x0000000082200000, 0x0000000082300000|  0%| F|  |TAMS 0x0000000082200000, 0x0000000082200000| Untracked 
|  35|0x0000000082300000, 0x0000000082300000, 0x0000000082400000|  0%| F|  |TAMS 0x0000000082300000, 0x0000000082300000| Untracked 
|  36|0x0000000082400000, 0x0000000082400000, 0x0000000082500000|  0%| F|  |TAMS 0x0000000082400000, 0x0000000082400000| Untracked 
|  37|0x0000000082500000, 0x0000000082500000, 0x0000000082600000|  0%| F|  |TAMS 0x0000000082500000, 0x0000000082500000| Untracked 
|  38|0x0000000082600000, 0x0000000082600000, 0x0000000082700000|  0%| F|  |TAMS 0x0000000082600000, 0x0000000082600000| Untracked 
|  39|0x0000000082700000, 0x0000000082700000, 0x0000000082800000|  0%| F|  |TAMS 0x0000000082700000, 0x0000000082700000| Untracked 
|  40|0x0000000082800000, 0x0000000082800000, 0x0000000082900000|  0%| F|  |TAMS 0x0000000082800000, 0x0000000082800000| Untracked 
|  41|0x0000000082900000, 0x0000000082900000, 0x0000000082a00000|  0%| F|  |TAMS 0x0000000082900000, 0x0000000082900000| Untracked 
|  42|0x0000000082a00000, 0x0000000082a00000, 0x0000000082b00000|  0%| F|  |TAMS 0x0000000082a00000, 0x0000000082a00000| Untracked 
|  43|0x0000000082b00000, 0x0000000082b00000, 0x0000000082c00000|  0%| F|  |TAMS 0x0000000082b00000, 0x0000000082b00000| Untracked 
|  44|0x0000000082c00000, 0x0000000082c00000, 0x0000000082d00000|  0%| F|  |TAMS 0x0000000082c00000, 0x0000000082c00000| Untracked 
|  45|0x0000000082d00000, 0x0000000082d00000, 0x0000000082e00000|  0%| F|  |TAMS 0x0000000082d00000, 0x0000000082d00000| Untracked 
|  46|0x0000000082e00000, 0x0000000082e00000, 0x0000000082f00000|  0%| F|  |TAMS 0x0000000082e00000, 0x0000000082e00000| Untracked 
|  47|0x0000000082f00000, 0x0000000082f00000, 0x0000000083000000|  0%| F|  |TAMS 0x0000000082f00000, 0x0000000082f00000| Untracked 
|  48|0x0000000083000000, 0x0000000083000000, 0x0000000083100000|  0%| F|  |TAMS 0x0000000083000000, 0x0000000083000000| Untracked 
|  49|0x0000000083100000, 0x0000000083100000, 0x0000000083200000|  0%| F|  |TAMS 0x0000000083100000, 0x0000000083100000| Untracked 
|  50|0x0000000083200000, 0x0000000083275d58, 0x0000000083300000| 46%| S|CS|TAMS 0x0000000083200000, 0x0000000083200000| Complete 
|  51|0x0000000083300000, 0x0000000083400000, 0x0000000083400000|100%| S|CS|TAMS 0x0000000083300000, 0x0000000083300000| Complete 
|  52|0x0000000083400000, 0x0000000083500000, 0x0000000083500000|100%| S|CS|TAMS 0x0000000083400000, 0x0000000083400000| Complete 
|  53|0x0000000083500000, 0x0000000083600000, 0x0000000083600000|100%| S|CS|TAMS 0x0000000083500000, 0x0000000083500000| Complete 
|  54|0x0000000083600000, 0x0000000083700000, 0x0000000083700000|100%| S|CS|TAMS 0x0000000083600000, 0x0000000083600000| Complete 
|  55|0x0000000083700000, 0x0000000083800000, 0x0000000083800000|100%| S|CS|TAMS 0x0000000083700000, 0x0000000083700000| Complete 
|  56|0x0000000083800000, 0x0000000083900000, 0x0000000083900000|100%| S|CS|TAMS 0x0000000083800000, 0x0000000083800000| Complete 
|  57|0x0000000083900000, 0x0000000083a00000, 0x0000000083a00000|100%| S|CS|TAMS 0x0000000083900000, 0x0000000083900000| Complete 
|  58|0x0000000083a00000, 0x0000000083b00000, 0x0000000083b00000|100%| S|CS|TAMS 0x0000000083a00000, 0x0000000083a00000| Complete 
|  59|0x0000000083b00000, 0x0000000083c00000, 0x0000000083c00000|100%| S|CS|TAMS 0x0000000083b00000, 0x0000000083b00000| Complete 
|  60|0x0000000083c00000, 0x0000000083d00000, 0x0000000083d00000|100%| S|CS|TAMS 0x0000000083c00000, 0x0000000083c00000| Complete 
|  61|0x0000000083d00000, 0x0000000083e00000, 0x0000000083e00000|100%| S|CS|TAMS 0x0000000083d00000, 0x0000000083d00000| Complete 
|  62|0x0000000083e00000, 0x0000000083e00000, 0x0000000083f00000|  0%| F|  |TAMS 0x0000000083e00000, 0x0000000083e00000| Untracked 
|  63|0x0000000083f00000, 0x0000000083f00000, 0x0000000084000000|  0%| F|  |TAMS 0x0000000083f00000, 0x0000000083f00000| Untracked 
|  64|0x0000000084000000, 0x0000000084000000, 0x0000000084100000|  0%| F|  |TAMS 0x0000000084000000, 0x0000000084000000| Untracked 
|  65|0x0000000084100000, 0x0000000084100000, 0x0000000084200000|  0%| F|  |TAMS 0x0000000084100000, 0x0000000084100000| Untracked 
|  66|0x0000000084200000, 0x0000000084200000, 0x0000000084300000|  0%| F|  |TAMS 0x0000000084200000, 0x0000000084200000| Untracked 
|  67|0x0000000084300000, 0x0000000084300000, 0x0000000084400000|  0%| F|  |TAMS 0x0000000084300000, 0x0000000084300000| Untracked 
|  68|0x0000000084400000, 0x0000000084400000, 0x0000000084500000|  0%| F|  |TAMS 0x0000000084400000, 0x0000000084400000| Untracked 
|  69|0x0000000084500000, 0x0000000084500000, 0x0000000084600000|  0%| F|  |TAMS 0x0000000084500000, 0x0000000084500000| Untracked 
|  70|0x0000000084600000, 0x0000000084600000, 0x0000000084700000|  0%| F|  |TAMS 0x0000000084600000, 0x0000000084600000| Untracked 
|  71|0x0000000084700000, 0x0000000084700000, 0x0000000084800000|  0%| F|  |TAMS 0x0000000084700000, 0x0000000084700000| Untracked 
|  72|0x0000000084800000, 0x0000000084800000, 0x0000000084900000|  0%| F|  |TAMS 0x0000000084800000, 0x0000000084800000| Untracked 
|  73|0x0000000084900000, 0x0000000084900000, 0x0000000084a00000|  0%| F|  |TAMS 0x0000000084900000, 0x0000000084900000| Untracked 
|  74|0x0000000084a00000, 0x0000000084a00000, 0x0000000084b00000|  0%| F|  |TAMS 0x0000000084a00000, 0x0000000084a00000| Untracked 
|  75|0x0000000084b00000, 0x0000000084b00000, 0x0000000084c00000|  0%| F|  |TAMS 0x0000000084b00000, 0x0000000084b00000| Untracked 
|  76|0x0000000084c00000, 0x0000000084c00000, 0x0000000084d00000|  0%| F|  |TAMS 0x0000000084c00000, 0x0000000084c00000| Untracked 
|  77|0x0000000084d00000, 0x0000000084d00000, 0x0000000084e00000|  0%| F|  |TAMS 0x0000000084d00000, 0x0000000084d00000| Untracked 
|  78|0x0000000084e00000, 0x0000000084e00000, 0x0000000084f00000|  0%| F|  |TAMS 0x0000000084e00000, 0x0000000084e00000| Untracked 
|  79|0x0000000084f00000, 0x0000000084f00000, 0x0000000085000000|  0%| F|  |TAMS 0x0000000084f00000, 0x0000000084f00000| Untracked 
|  80|0x0000000085000000, 0x0000000085000000, 0x0000000085100000|  0%| F|  |TAMS 0x0000000085000000, 0x0000000085000000| Untracked 
|  81|0x0000000085100000, 0x0000000085100000, 0x0000000085200000|  0%| F|  |TAMS 0x0000000085100000, 0x0000000085100000| Untracked 
|  82|0x0000000085200000, 0x0000000085200000, 0x0000000085300000|  0%| F|  |TAMS 0x0000000085200000, 0x0000000085200000| Untracked 
|  83|0x0000000085300000, 0x0000000085300000, 0x0000000085400000|  0%| F|  |TAMS 0x0000000085300000, 0x0000000085300000| Untracked 
|  84|0x0000000085400000, 0x0000000085400000, 0x0000000085500000|  0%| F|  |TAMS 0x0000000085400000, 0x0000000085400000| Untracked 
|  85|0x0000000085500000, 0x0000000085500000, 0x0000000085600000|  0%| F|  |TAMS 0x0000000085500000, 0x0000000085500000| Untracked 
|  86|0x0000000085600000, 0x0000000085600000, 0x0000000085700000|  0%| F|  |TAMS 0x0000000085600000, 0x0000000085600000| Untracked 
|  87|0x0000000085700000, 0x0000000085700000, 0x0000000085800000|  0%| F|  |TAMS 0x0000000085700000, 0x0000000085700000| Untracked 
|  88|0x0000000085800000, 0x0000000085800000, 0x0000000085900000|  0%| F|  |TAMS 0x0000000085800000, 0x0000000085800000| Untracked 
|  89|0x0000000085900000, 0x0000000085900000, 0x0000000085a00000|  0%| F|  |TAMS 0x0000000085900000, 0x0000000085900000| Untracked 
|  90|0x0000000085a00000, 0x0000000085a00000, 0x0000000085b00000|  0%| F|  |TAMS 0x0000000085a00000, 0x0000000085a00000| Untracked 
|  91|0x0000000085b00000, 0x0000000085b00000, 0x0000000085c00000|  0%| F|  |TAMS 0x0000000085b00000, 0x0000000085b00000| Untracked 
|  92|0x0000000085c00000, 0x0000000085c00000, 0x0000000085d00000|  0%| F|  |TAMS 0x0000000085c00000, 0x0000000085c00000| Untracked 
|  93|0x0000000085d00000, 0x0000000085d00000, 0x0000000085e00000|  0%| F|  |TAMS 0x0000000085d00000, 0x0000000085d00000| Untracked 
|  94|0x0000000085e00000, 0x0000000085e00000, 0x0000000085f00000|  0%| F|  |TAMS 0x0000000085e00000, 0x0000000085e00000| Untracked 
|  95|0x0000000085f00000, 0x0000000085f00000, 0x0000000086000000|  0%| F|  |TAMS 0x0000000085f00000, 0x0000000085f00000| Untracked 
|  96|0x0000000086000000, 0x0000000086000000, 0x0000000086100000|  0%| F|  |TAMS 0x0000000086000000, 0x0000000086000000| Untracked 
|  97|0x0000000086100000, 0x0000000086100000, 0x0000000086200000|  0%| F|  |TAMS 0x0000000086100000, 0x0000000086100000| Untracked 
|  98|0x0000000086200000, 0x0000000086200000, 0x0000000086300000|  0%| F|  |TAMS 0x0000000086200000, 0x0000000086200000| Untracked 
|  99|0x0000000086300000, 0x0000000086300000, 0x0000000086400000|  0%| F|  |TAMS 0x0000000086300000, 0x0000000086300000| Untracked 
| 100|0x0000000086400000, 0x0000000086400000, 0x0000000086500000|  0%| F|  |TAMS 0x0000000086400000, 0x0000000086400000| Untracked 
| 101|0x0000000086500000, 0x0000000086500000, 0x0000000086600000|  0%| F|  |TAMS 0x0000000086500000, 0x0000000086500000| Untracked 
| 102|0x0000000086600000, 0x0000000086600000, 0x0000000086700000|  0%| F|  |TAMS 0x0000000086600000, 0x0000000086600000| Untracked 
| 103|0x0000000086700000, 0x0000000086700000, 0x0000000086800000|  0%| F|  |TAMS 0x0000000086700000, 0x0000000086700000| Untracked 
| 104|0x0000000086800000, 0x0000000086800000, 0x0000000086900000|  0%| F|  |TAMS 0x0000000086800000, 0x0000000086800000| Untracked 
| 105|0x0000000086900000, 0x0000000086900000, 0x0000000086a00000|  0%| F|  |TAMS 0x0000000086900000, 0x0000000086900000| Untracked 
| 106|0x0000000086a00000, 0x0000000086a00000, 0x0000000086b00000|  0%| F|  |TAMS 0x0000000086a00000, 0x0000000086a00000| Untracked 
| 107|0x0000000086b00000, 0x0000000086b00000, 0x0000000086c00000|  0%| F|  |TAMS 0x0000000086b00000, 0x0000000086b00000| Untracked 
| 108|0x0000000086c00000, 0x0000000086c00000, 0x0000000086d00000|  0%| F|  |TAMS 0x0000000086c00000, 0x0000000086c00000| Untracked 
| 109|0x0000000086d00000, 0x0000000086d00000, 0x0000000086e00000|  0%| F|  |TAMS 0x0000000086d00000, 0x0000000086d00000| Untracked 
| 110|0x0000000086e00000, 0x0000000086e00000, 0x0000000086f00000|  0%| F|  |TAMS 0x0000000086e00000, 0x0000000086e00000| Untracked 
| 111|0x0000000086f00000, 0x0000000086f00000, 0x0000000087000000|  0%| F|  |TAMS 0x0000000086f00000, 0x0000000086f00000| Untracked 
| 112|0x0000000087000000, 0x0000000087000000, 0x0000000087100000|  0%| F|  |TAMS 0x0000000087000000, 0x0000000087000000| Untracked 
| 113|0x0000000087100000, 0x0000000087100000, 0x0000000087200000|  0%| F|  |TAMS 0x0000000087100000, 0x0000000087100000| Untracked 
| 114|0x0000000087200000, 0x0000000087200000, 0x0000000087300000|  0%| F|  |TAMS 0x0000000087200000, 0x0000000087200000| Untracked 
| 115|0x0000000087300000, 0x0000000087300000, 0x0000000087400000|  0%| F|  |TAMS 0x0000000087300000, 0x0000000087300000| Untracked 
| 116|0x0000000087400000, 0x0000000087400000, 0x0000000087500000|  0%| F|  |TAMS 0x0000000087400000, 0x0000000087400000| Untracked 
| 117|0x0000000087500000, 0x0000000087500000, 0x0000000087600000|  0%| F|  |TAMS 0x0000000087500000, 0x0000000087500000| Untracked 
| 118|0x0000000087600000, 0x0000000087600000, 0x0000000087700000|  0%| F|  |TAMS 0x0000000087600000, 0x0000000087600000| Untracked 
| 119|0x0000000087700000, 0x0000000087700000, 0x0000000087800000|  0%| F|  |TAMS 0x0000000087700000, 0x0000000087700000| Untracked 
| 120|0x0000000087800000, 0x0000000087800000, 0x0000000087900000|  0%| F|  |TAMS 0x0000000087800000, 0x0000000087800000| Untracked 
| 121|0x0000000087900000, 0x0000000087900000, 0x0000000087a00000|  0%| F|  |TAMS 0x0000000087900000, 0x0000000087900000| Untracked 
| 122|0x0000000087a00000, 0x0000000087a00000, 0x0000000087b00000|  0%| F|  |TAMS 0x0000000087a00000, 0x0000000087a00000| Untracked 
| 123|0x0000000087b00000, 0x0000000087b00000, 0x0000000087c00000|  0%| F|  |TAMS 0x0000000087b00000, 0x0000000087b00000| Untracked 
| 124|0x0000000087c00000, 0x0000000087c00000, 0x0000000087d00000|  0%| F|  |TAMS 0x0000000087c00000, 0x0000000087c00000| Untracked 
| 125|0x0000000087d00000, 0x0000000087d00000, 0x0000000087e00000|  0%| F|  |TAMS 0x0000000087d00000, 0x0000000087d00000| Untracked 
| 126|0x0000000087e00000, 0x0000000087e00000, 0x0000000087f00000|  0%| F|  |TAMS 0x0000000087e00000, 0x0000000087e00000| Untracked 
| 127|0x0000000087f00000, 0x0000000087f00000, 0x0000000088000000|  0%| F|  |TAMS 0x0000000087f00000, 0x0000000087f00000| Untracked 
| 128|0x0000000088000000, 0x0000000088000000, 0x0000000088100000|  0%| F|  |TAMS 0x0000000088000000, 0x0000000088000000| Untracked 
| 129|0x0000000088100000, 0x0000000088100000, 0x0000000088200000|  0%| F|  |TAMS 0x0000000088100000, 0x0000000088100000| Untracked 
| 130|0x0000000088200000, 0x0000000088200000, 0x0000000088300000|  0%| F|  |TAMS 0x0000000088200000, 0x0000000088200000| Untracked 
| 131|0x0000000088300000, 0x0000000088300000, 0x0000000088400000|  0%| F|  |TAMS 0x0000000088300000, 0x0000000088300000| Untracked 
| 132|0x0000000088400000, 0x0000000088400000, 0x0000000088500000|  0%| F|  |TAMS 0x0000000088400000, 0x0000000088400000| Untracked 
| 133|0x0000000088500000, 0x0000000088500000, 0x0000000088600000|  0%| F|  |TAMS 0x0000000088500000, 0x0000000088500000| Untracked 
| 134|0x0000000088600000, 0x0000000088600000, 0x0000000088700000|  0%| F|  |TAMS 0x0000000088600000, 0x0000000088600000| Untracked 
| 135|0x0000000088700000, 0x0000000088700000, 0x0000000088800000|  0%| F|  |TAMS 0x0000000088700000, 0x0000000088700000| Untracked 
| 136|0x0000000088800000, 0x0000000088800000, 0x0000000088900000|  0%| F|  |TAMS 0x0000000088800000, 0x0000000088800000| Untracked 
| 137|0x0000000088900000, 0x0000000088900000, 0x0000000088a00000|  0%| F|  |TAMS 0x0000000088900000, 0x0000000088900000| Untracked 
| 138|0x0000000088a00000, 0x0000000088a00000, 0x0000000088b00000|  0%| F|  |TAMS 0x0000000088a00000, 0x0000000088a00000| Untracked 
| 139|0x0000000088b00000, 0x0000000088b00000, 0x0000000088c00000|  0%| F|  |TAMS 0x0000000088b00000, 0x0000000088b00000| Untracked 
| 140|0x0000000088c00000, 0x0000000088c00000, 0x0000000088d00000|  0%| F|  |TAMS 0x0000000088c00000, 0x0000000088c00000| Untracked 
| 141|0x0000000088d00000, 0x0000000088d00000, 0x0000000088e00000|  0%| F|  |TAMS 0x0000000088d00000, 0x0000000088d00000| Untracked 
| 142|0x0000000088e00000, 0x0000000088f00000, 0x0000000088f00000|100%| E|  |TAMS 0x0000000088e00000, 0x0000000088e00000| Complete 
| 143|0x0000000088f00000, 0x0000000089000000, 0x0000000089000000|100%| E|CS|TAMS 0x0000000088f00000, 0x0000000088f00000| Complete 
| 144|0x0000000089000000, 0x0000000089100000, 0x0000000089100000|100%| E|CS|TAMS 0x0000000089000000, 0x0000000089000000| Complete 
| 145|0x0000000089100000, 0x0000000089200000, 0x0000000089200000|100%| E|CS|TAMS 0x0000000089100000, 0x0000000089100000| Complete 
| 146|0x0000000089200000, 0x0000000089300000, 0x0000000089300000|100%| E|CS|TAMS 0x0000000089200000, 0x0000000089200000| Complete 
| 147|0x0000000089300000, 0x0000000089400000, 0x0000000089400000|100%| E|CS|TAMS 0x0000000089300000, 0x0000000089300000| Complete 
| 148|0x0000000089400000, 0x0000000089500000, 0x0000000089500000|100%| E|CS|TAMS 0x0000000089400000, 0x0000000089400000| Complete 
| 149|0x0000000089500000, 0x0000000089600000, 0x0000000089600000|100%| E|CS|TAMS 0x0000000089500000, 0x0000000089500000| Complete 
| 150|0x0000000089600000, 0x0000000089700000, 0x0000000089700000|100%| E|CS|TAMS 0x0000000089600000, 0x0000000089600000| Complete 
| 151|0x0000000089700000, 0x0000000089800000, 0x0000000089800000|100%| E|CS|TAMS 0x0000000089700000, 0x0000000089700000| Complete 
| 152|0x0000000089800000, 0x0000000089900000, 0x0000000089900000|100%| E|CS|TAMS 0x0000000089800000, 0x0000000089800000| Complete 
| 153|0x0000000089900000, 0x0000000089a00000, 0x0000000089a00000|100%| E|CS|TAMS 0x0000000089900000, 0x0000000089900000| Complete 

Card table byte_map: [0x000002dea2c80000,0x000002dea3080000] _byte_map_base: 0x000002dea2880000

Marking Bits (Prev, Next): (CMBitMap*) 0x000002de8fda3e28, (CMBitMap*) 0x000002de8fda3e60
 Prev Bits: [0x000002dea3480000, 0x000002dea5480000)
 Next Bits: [0x000002dea5480000, 0x000002dea7480000)

Polling page: 0x000002de8dd30000

Metaspace:

Usage:
  Non-class:     38.04 MB capacity,    37.39 MB ( 98%) used,   564.38 KB (  1%) free+waste,   102.88 KB ( <1%) overhead. 
      Class:      5.74 MB capacity,     5.36 MB ( 93%) used,   337.16 KB (  6%) free+waste,    48.75 KB ( <1%) overhead. 
       Both:     43.78 MB capacity,    42.75 MB ( 98%) used,   901.54 KB (  2%) free+waste,   151.63 KB ( <1%) overhead. 

Virtual space:
  Non-class space:       40.00 MB reserved,      38.20 MB ( 96%) committed 
      Class space:        1.00 GB reserved,       5.75 MB ( <1%) committed 
             Both:        1.04 GB reserved,      43.95 MB (  4%) committed 

Chunk freelists:
   Non-Class:  41.00 KB
       Class:  12.00 KB
        Both:  53.00 KB

MaxMetaspaceSize: 17179869184.00 GB
CompressedClassSpaceSize: 1.00 GB
Initial GC threshold: 20.80 MB
Current GC threshold: 59.09 MB
CDS: off

CodeHeap 'non-profiled nmethods': size=120064Kb used=1932Kb max_used=1932Kb free=118131Kb
 bounds [0x000002de9b340000, 0x000002de9b5b0000, 0x000002dea2880000]
CodeHeap 'profiled nmethods': size=120000Kb used=7887Kb max_used=7887Kb free=112112Kb
 bounds [0x000002de93e10000, 0x000002de945d0000, 0x000002de9b340000]
CodeHeap 'non-nmethods': size=5696Kb used=2274Kb max_used=2311Kb free=3421Kb
 bounds [0x000002de93880000, 0x000002de93af0000, 0x000002de93e10000]
 total_blobs=4461 nmethods=3693 adapters=680
 compilation: enabled
              stopped_count=0, restarted_count=0
 full_count=0

Compilation events (20 events):
Event: 9.955 Thread 0x000002dea998d000 3676       3       org.gradle.internal.instantiation.generator.AbstractClassGenerator::isEagerAttachProperty (33 bytes)
Event: 9.957 Thread 0x000002dea998d000 nmethod 3676 0x000002de945af190 code [0x000002de945af440, 0x000002de945b01b8]
Event: 9.986 Thread 0x000002dea998d000 3678   !   3       java.util.concurrent.ConcurrentHashMap::computeIfAbsent (576 bytes)
Event: 9.991 Thread 0x000002dea998d000 nmethod 3678 0x000002de945b0590 code [0x000002de945b0a00, 0x000002de945b3628]
Event: 9.991 Thread 0x000002dea998d000 3681       3       org.objectweb.asm.SymbolTable::addConstant (330 bytes)
Event: 9.994 Thread 0x000002dea998d000 nmethod 3681 0x000002de945b4810 code [0x000002de945b4da0, 0x000002de945b8088]
Event: 9.995 Thread 0x000002dea998d000 3680       3       org.objectweb.asm.ClassReader::createDebugLabel (23 bytes)
Event: 9.995 Thread 0x000002dea998d000 nmethod 3680 0x000002de945b8b90 code [0x000002de945b8d80, 0x000002de945b9218]
Event: 9.995 Thread 0x000002dea998d000 3682       3       org.objectweb.asm.ClassReader::readClass (7 bytes)
Event: 9.996 Thread 0x000002dea998d000 nmethod 3682 0x000002de945b9410 code [0x000002de945b9600, 0x000002de945b9a48]
Event: 9.996 Thread 0x000002dea998d000 3683       3       org.objectweb.asm.ClassReader::readStringish (16 bytes)
Event: 9.996 Thread 0x000002dea998d000 nmethod 3683 0x000002de945b9c90 code [0x000002de945b9e80, 0x000002de945ba268]
Event: 9.996 Thread 0x000002dea998d000 3679       3       org.objectweb.asm.ClassReader::readInt (52 bytes)
Event: 9.997 Thread 0x000002dea998d000 nmethod 3679 0x000002de945ba490 code [0x000002de945ba640, 0x000002de945ba818]
Event: 10.044 Thread 0x000002dea998d000 3684       1       javax.management.ObjectName$Property::setKeyIndex (6 bytes)
Event: 10.044 Thread 0x000002dea998d000 nmethod 3684 0x000002de9b521590 code [0x000002de9b521740, 0x000002de9b5217f8]
Event: 10.044 Thread 0x000002dea998d000 3686       1       java.util.Spliterators$EmptySpliterator::characteristics (4 bytes)
Event: 10.044 Thread 0x000002dea998d000 nmethod 3686 0x000002de9b521890 code [0x000002de9b521a40, 0x000002de9b521af8]
Event: 10.044 Thread 0x000002dea998d000 3687       1       sun.management.MemoryPoolImpl::getName (5 bytes)
Event: 10.044 Thread 0x000002dea998d000 nmethod 3687 0x000002de9b521b90 code [0x000002de9b521d40, 0x000002de9b521df8]

GC Heap History (16 events):
Event: 0.850 GC heap before
{Heap before GC invocations=0 (full 0):
 garbage-first heap   total 131072K, used 17408K [0x0000000080000000, 0x0000000100000000)
  region size 1024K, 14 young (14336K), 0 survivors (0K)
 Metaspace       used 6741K, capacity 6929K, committed 7168K, reserved 1056768K
  class space    used 572K, capacity 650K, committed 768K, reserved 1048576K
}
Event: 0.859 GC heap after
{Heap after GC invocations=1 (full 0):
 garbage-first heap   total 131072K, used 4246K [0x0000000080000000, 0x0000000100000000)
  region size 1024K, 2 young (2048K), 2 survivors (2048K)
 Metaspace       used 6741K, capacity 6929K, committed 7168K, reserved 1056768K
  class space    used 572K, capacity 650K, committed 768K, reserved 1048576K
}
Event: 1.323 GC heap before
{Heap before GC invocations=1 (full 0):
 garbage-first heap   total 131072K, used 18582K [0x0000000080000000, 0x0000000100000000)
  region size 1024K, 13 young (13312K), 2 survivors (2048K)
 Metaspace       used 9857K, capacity 10122K, committed 10368K, reserved 1058816K
  class space    used 1011K, capacity 1102K, committed 1152K, reserved 1048576K
}
Event: 1.329 GC heap after
{Heap after GC invocations=2 (full 0):
 garbage-first heap   total 131072K, used 9459K [0x0000000080000000, 0x0000000100000000)
  region size 1024K, 2 young (2048K), 2 survivors (2048K)
 Metaspace       used 9857K, capacity 10122K, committed 10368K, reserved 1058816K
  class space    used 1011K, capacity 1102K, committed 1152K, reserved 1048576K
}
Event: 2.105 GC heap before
{Heap before GC invocations=2 (full 0):
 garbage-first heap   total 131072K, used 36083K [0x0000000080000000, 0x0000000100000000)
  region size 1024K, 28 young (28672K), 2 survivors (2048K)
 Metaspace       used 10851K, capacity 11077K, committed 11264K, reserved 1058816K
  class space    used 1112K, capacity 1207K, committed 1280K, reserved 1048576K
}
Event: 2.109 GC heap after
{Heap after GC invocations=3 (full 0):
 garbage-first heap   total 131072K, used 10182K [0x0000000080000000, 0x0000000100000000)
  region size 1024K, 3 young (3072K), 3 survivors (3072K)
 Metaspace       used 10851K, capacity 11077K, committed 11264K, reserved 1058816K
  class space    used 1112K, capacity 1207K, committed 1280K, reserved 1048576K
}
Event: 4.640 GC heap before
{Heap before GC invocations=3 (full 0):
 garbage-first heap   total 131072K, used 51142K [0x0000000080000000, 0x0000000100000000)
  region size 1024K, 42 young (43008K), 3 survivors (3072K)
 Metaspace       used 17052K, capacity 17395K, committed 17408K, reserved 1064960K
  class space    used 1939K, capacity 2035K, committed 2048K, reserved 1048576K
}
Event: 4.653 GC heap after
{Heap after GC invocations=4 (full 0):
 garbage-first heap   total 131072K, used 15792K [0x0000000080000000, 0x0000000100000000)
  region size 1024K, 6 young (6144K), 6 survivors (6144K)
 Metaspace       used 17052K, capacity 17395K, committed 17408K, reserved 1064960K
  class space    used 1939K, capacity 2035K, committed 2048K, reserved 1048576K
}
Event: 5.233 GC heap before
{Heap before GC invocations=4 (full 0):
 garbage-first heap   total 131072K, used 50608K [0x0000000080000000, 0x0000000100000000)
  region size 1024K, 41 young (41984K), 6 survivors (6144K)
 Metaspace       used 20807K, capacity 21193K, committed 21296K, reserved 1069056K
  class space    used 2526K, capacity 2688K, committed 2688K, reserved 1048576K
}
Event: 5.244 GC heap after
{Heap after GC invocations=5 (full 0):
 garbage-first heap   total 131072K, used 17183K [0x0000000080000000, 0x0000000100000000)
  region size 1024K, 2 young (2048K), 2 survivors (2048K)
 Metaspace       used 20807K, capacity 21193K, committed 21296K, reserved 1069056K
  class space    used 2526K, capacity 2688K, committed 2688K, reserved 1048576K
}
Event: 6.300 GC heap before
{Heap before GC invocations=6 (full 0):
 garbage-first heap   total 131072K, used 66335K [0x0000000080000000, 0x0000000100000000)
  region size 1024K, 51 young (52224K), 2 survivors (2048K)
 Metaspace       used 26072K, capacity 26644K, committed 27008K, reserved 1073152K
  class space    used 3384K, capacity 3598K, committed 3712K, reserved 1048576K
}
Event: 6.310 GC heap after
{Heap after GC invocations=7 (full 0):
 garbage-first heap   total 157696K, used 19019K [0x0000000080000000, 0x0000000100000000)
  region size 1024K, 4 young (4096K), 4 survivors (4096K)
 Metaspace       used 26072K, capacity 26644K, committed 27008K, reserved 1073152K
  class space    used 3384K, capacity 3598K, committed 3712K, reserved 1048576K
}
Event: 7.956 GC heap before
{Heap before GC invocations=7 (full 0):
 garbage-first heap   total 157696K, used 82507K [0x0000000080000000, 0x0000000100000000)
  region size 1024K, 67 young (68608K), 4 survivors (4096K)
 Metaspace       used 35152K, capacity 35932K, committed 36048K, reserved 1081344K
  class space    used 4506K, capacity 4803K, committed 4864K, reserved 1048576K
}
Event: 7.969 GC heap after
{Heap after GC invocations=8 (full 0):
 garbage-first heap   total 157696K, used 22701K [0x0000000080000000, 0x0000000100000000)
  region size 1024K, 7 young (7168K), 7 survivors (7168K)
 Metaspace       used 35152K, capacity 35932K, committed 36048K, reserved 1081344K
  class space    used 4506K, capacity 4803K, committed 4864K, reserved 1048576K
}
Event: 9.845 GC heap before
{Heap before GC invocations=9 (full 0):
 garbage-first heap   total 157696K, used 111789K [0x0000000080000000, 0x0000000100000000)
  region size 1024K, 92 young (94208K), 7 survivors (7168K)
 Metaspace       used 42189K, capacity 43213K, committed 43472K, reserved 1087488K
  class space    used 5369K, capacity 5765K, committed 5888K, reserved 1048576K
}
Event: 9.876 GC heap after
{Heap after GC invocations=10 (full 0):
 garbage-first heap   total 157696K, used 28602K [0x0000000080000000, 0x0000000100000000)
  region size 1024K, 12 young (12288K), 12 survivors (12288K)
 Metaspace       used 42189K, capacity 43213K, committed 43472K, reserved 1087488K
  class space    used 5369K, capacity 5765K, committed 5888K, reserved 1048576K
}

Deoptimization events (20 events):
Event: 9.825 Thread 0x000002deabd6d800 Uncommon trap: trap_request=0xffffff4d fr.pc=0x000002de9b39e994 relative=0x00000000000000d4
Event: 9.825 Thread 0x000002deabd6d800 Uncommon trap: reason=unstable_if action=reinterpret pc=0x000002de9b39e994 method=java.util.HashMap.hash(Ljava/lang/Object;)I @ 1 c2
Event: 9.825 Thread 0x000002deabd6d800 DEOPT PACKING pc=0x000002de9b39e994 sp=0x000000ef54cf8b30
Event: 9.825 Thread 0x000002deabd6d800 DEOPT UNPACKING pc=0x000002de938ca1af sp=0x000000ef54cf8a70 mode 2
Event: 9.825 Thread 0x000002deabd6d800 Uncommon trap: trap_request=0xffffff4d fr.pc=0x000002de9b4b6144 relative=0x00000000000006c4
Event: 9.825 Thread 0x000002deabd6d800 Uncommon trap: reason=unstable_if action=reinterpret pc=0x000002de9b4b6144 method=java.util.HashMap.putVal(ILjava/lang/Object;Ljava/lang/Object;ZZ)Ljava/lang/Object; @ 85 c2
Event: 9.825 Thread 0x000002deabd6d800 DEOPT PACKING pc=0x000002de9b4b6144 sp=0x000000ef54cf8a60
Event: 9.825 Thread 0x000002deabd6d800 DEOPT UNPACKING pc=0x000002de938ca1af sp=0x000000ef54cf8a18 mode 2
Event: 9.832 Thread 0x000002deabd6d800 Uncommon trap: trap_request=0xffffff4d fr.pc=0x000002de9b492668 relative=0x0000000000000308
Event: 9.832 Thread 0x000002deabd6d800 Uncommon trap: reason=unstable_if action=reinterpret pc=0x000002de9b492668 method=org.gradle.internal.reflect.PropertyAccessorType.isGetGetterName(Ljava/lang/String;)Z @ 14 c2
Event: 9.832 Thread 0x000002deabd6d800 DEOPT PACKING pc=0x000002de9b492668 sp=0x000000ef54cf9580
Event: 9.832 Thread 0x000002deabd6d800 DEOPT UNPACKING pc=0x000002de938ca1af sp=0x000000ef54cf94d8 mode 2
Event: 9.907 Thread 0x000002deabd6d800 Uncommon trap: trap_request=0xffffff4d fr.pc=0x000002de9b48bc88 relative=0x00000000000000e8
Event: 9.907 Thread 0x000002deabd6d800 Uncommon trap: reason=unstable_if action=reinterpret pc=0x000002de9b48bc88 method=org.objectweb.asm.ByteVector.putShort(I)Lorg/objectweb/asm/ByteVector; @ 13 c2
Event: 9.907 Thread 0x000002deabd6d800 DEOPT PACKING pc=0x000002de9b48bc88 sp=0x000000ef54cf8fe0
Event: 9.907 Thread 0x000002deabd6d800 DEOPT UNPACKING pc=0x000002de938ca1af sp=0x000000ef54cf8f78 mode 2
Event: 9.964 Thread 0x000002deabd6d800 Uncommon trap: trap_request=0xffffff4d fr.pc=0x000002de9b50cdec relative=0x00000000000019ec
Event: 9.965 Thread 0x000002deabd6d800 Uncommon trap: reason=unstable_if action=reinterpret pc=0x000002de9b50cdec method=java.util.concurrent.ConcurrentHashMap.computeIfAbsent(Ljava/lang/Object;Ljava/util/function/Function;)Ljava/lang/Object; @ 123 c2
Event: 9.965 Thread 0x000002deabd6d800 DEOPT PACKING pc=0x000002de9b50cdec sp=0x000000ef54cfa440
Event: 9.965 Thread 0x000002deabd6d800 DEOPT UNPACKING pc=0x000002de938ca1af sp=0x000000ef54cfa3d0 mode 2

Classes redefined (0 events):
No events

Internal exceptions (20 events):
Event: 9.276 Thread 0x000002deabd6d800 Exception <a 'java/lang/ClassNotFoundException'{0x0000000085d3cde0}: org/gradle/api/initialization/resolve/RepositoriesModeBeanInfo> (0x0000000085d3cde0) thrown at [./src/hotspot/share/classfile/systemDictionary.cpp, line 231]
Event: 9.276 Thread 0x000002deabd6d800 Exception <a 'java/lang/ClassNotFoundException'{0x0000000085d41ca8}: java/lang/EnumBeanInfo> (0x0000000085d41ca8) thrown at [./src/hotspot/share/classfile/systemDictionary.cpp, line 231]
Event: 9.277 Thread 0x000002deabd6d800 Exception <a 'java/lang/ClassNotFoundException'{0x0000000085d46b90}: java/lang/EnumCustomizer> (0x0000000085d46b90) thrown at [./src/hotspot/share/classfile/systemDictionary.cpp, line 231]
Event: 9.280 Thread 0x000002deabd6d800 Exception <a 'java/lang/ClassNotFoundException'{0x0000000085d759b0}: org/gradle/api/initialization/resolve/RepositoriesModeCustomizer> (0x0000000085d759b0) thrown at [./src/hotspot/share/classfile/systemDictionary.cpp, line 231]
Event: 9.291 Thread 0x000002deabd6d800 Exception <a 'java/lang/ClassNotFoundException'{0x0000000085c022e0}: org/gradle/api/internal/provider/DefaultPropertyBeanInfo> (0x0000000085c022e0) thrown at [./src/hotspot/share/classfile/systemDictionary.cpp, line 231]
Event: 9.292 Thread 0x000002deabd6d800 Exception <a 'java/lang/ClassNotFoundException'{0x0000000085c289f8}: org/gradle/api/internal/provider/AbstractPropertyBeanInfo> (0x0000000085c289f8) thrown at [./src/hotspot/share/classfile/systemDictionary.cpp, line 231]
Event: 9.293 Thread 0x000002deabd6d800 Exception <a 'java/lang/ClassNotFoundException'{0x0000000085c51e00}: org/gradle/api/internal/provider/AbstractMinimalProviderBeanInfo> (0x0000000085c51e00) thrown at [./src/hotspot/share/classfile/systemDictionary.cpp, line 231]
Event: 9.295 Thread 0x000002deabd6d800 Exception <a 'java/lang/ClassNotFoundException'{0x0000000085c7b218}: org/gradle/api/internal/provider/AbstractMinimalProviderCustomizer> (0x0000000085c7b218) thrown at [./src/hotspot/share/classfile/systemDictionary.cpp, line 231]
Event: 9.301 Thread 0x000002deabd6d800 Exception <a 'java/lang/ClassNotFoundException'{0x0000000085cdca88}: org/gradle/api/internal/provider/AbstractPropertyCustomizer> (0x0000000085cdca88) thrown at [./src/hotspot/share/classfile/systemDictionary.cpp, line 231]
Event: 9.303 Thread 0x000002deabd6d800 Exception <a 'java/lang/ClassNotFoundException'{0x0000000085b0fd28}: org/gradle/api/internal/provider/DefaultPropertyCustomizer> (0x0000000085b0fd28) thrown at [./src/hotspot/share/classfile/systemDictionary.cpp, line 231]
Event: 9.362 Thread 0x000002deabd6d800 Exception <a 'java/lang/ClassNotFoundException'{0x0000000085206e00}: org/gradle/initialization/DefaultProjectDescriptorBeanInfo> (0x0000000085206e00) thrown at [./src/hotspot/share/classfile/systemDictionary.cpp, line 231]
Event: 9.362 Thread 0x000002deabd6d800 Exception <a 'java/lang/ClassNotFoundException'{0x000000008522d340}: org/gradle/initialization/DefaultProjectDescriptorCustomizer> (0x000000008522d340) thrown at [./src/hotspot/share/classfile/systemDictionary.cpp, line 231]
Event: 9.366 Thread 0x000002deabd6d800 Implicit null exception at 0x000002de9b4e0bef to 0x000002de9b4e0c98
Event: 9.603 Thread 0x000002deac3db800 Exception <a 'java/lang/NoSuchMethodError'{0x000000008998f118}: <clinit>> (0x000000008998f118) thrown at [./src/hotspot/share/prims/jni.cpp, line 1366]
Event: 9.604 Thread 0x000002deac3db800 Exception <a 'java/lang/NoSuchMethodError'{0x0000000089990808}: <clinit>> (0x0000000089990808) thrown at [./src/hotspot/share/prims/jni.cpp, line 1366]
Event: 9.609 Thread 0x000002deac3db800 Exception <a 'java/lang/NoSuchMethodError'{0x000000008478dc30}: <clinit>> (0x000000008478dc30) thrown at [./src/hotspot/share/prims/jni.cpp, line 1366]
Event: 9.609 Thread 0x000002deac3db800 Exception <a 'java/lang/NoSuchMethodError'{0x000000008478ffb8}: <clinit>> (0x000000008478ffb8) thrown at [./src/hotspot/share/prims/jni.cpp, line 1366]
Event: 9.614 Thread 0x000002deac3db800 Exception <a 'java/lang/NoSuchMethodError'{0x000000008460d320}: <clinit>> (0x000000008460d320) thrown at [./src/hotspot/share/prims/jni.cpp, line 1366]
Event: 9.825 Thread 0x000002deabd6d800 Implicit null exception at 0x000002de9b42e774 to 0x000002de9b42e984
Event: 9.825 Thread 0x000002deabd6d800 Implicit null exception at 0x000002de9b39e8f8 to 0x000002de9b39e98a

Events (20 events):
Event: 10.034 loading class kotlin/collections/CollectionsKt__IteratorsKt
Event: 10.034 loading class kotlin/collections/CollectionsKt__IteratorsKt done
Event: 10.035 loading class kotlin/collections/CollectionsKt__IteratorsJVMKt
Event: 10.035 loading class kotlin/collections/CollectionsKt__IteratorsJVMKt done
Event: 10.035 loading class kotlin/collections/CollectionsKt__IterablesKt
Event: 10.035 loading class kotlin/collections/CollectionsKt__IterablesKt done
Event: 10.036 loading class kotlin/collections/CollectionsKt__CollectionsKt
Event: 10.036 loading class kotlin/collections/CollectionsKt__CollectionsKt done
Event: 10.037 loading class kotlin/collections/CollectionsKt__CollectionsJVMKt
Event: 10.037 loading class kotlin/collections/CollectionsKt__CollectionsJVMKt done
Event: 10.040 loading class kotlin/collections/ArraysKt
Event: 10.040 loading class kotlin/collections/ArraysKt done
Event: 10.041 loading class kotlin/collections/ArraysKt___ArraysKt
Event: 10.041 loading class kotlin/collections/ArraysKt___ArraysKt done
Event: 10.057 loading class kotlin/collections/ArraysKt___ArraysJvmKt
Event: 10.057 loading class kotlin/collections/ArraysKt___ArraysJvmKt done
Event: 10.059 loading class kotlin/collections/ArraysKt__ArraysKt
Event: 10.059 loading class kotlin/collections/ArraysKt__ArraysKt done
Event: 10.060 loading class kotlin/collections/ArraysKt__ArraysJVMKt
Event: 10.060 loading class kotlin/collections/ArraysKt__ArraysJVMKt done


Dynamic libraries:
0x00007ff6cb210000 - 0x00007ff6cb21a000 	C:\Program Files\Android\Android Studio\jre\bin\java.exe
0x00007ffd1faf0000 - 0x00007ffd1fce8000 	C:\WINDOWS\SYSTEM32\ntdll.dll
0x00007ffd1f680000 - 0x00007ffd1f73f000 	C:\WINDOWS\System32\KERNEL32.DLL
0x00007ffd1d7c0000 - 0x00007ffd1da92000 	C:\WINDOWS\System32\KERNELBASE.dll
0x00007ffd1d590000 - 0x00007ffd1d690000 	C:\WINDOWS\System32\ucrtbase.dll
0x00007ffd15fa0000 - 0x00007ffd15fb7000 	C:\Program Files\Android\Android Studio\jre\bin\VCRUNTIME140.dll
0x00007ffd15f70000 - 0x00007ffd15f89000 	C:\Program Files\Android\Android Studio\jre\bin\jli.dll
0x00007ffd1e160000 - 0x00007ffd1e301000 	C:\WINDOWS\System32\USER32.dll
0x00007ffd1d340000 - 0x00007ffd1d362000 	C:\WINDOWS\System32\win32u.dll
0x00007ffd0e330000 - 0x00007ffd0e5ca000 	C:\WINDOWS\WinSxS\amd64_microsoft.windows.common-controls_6595b64144ccf1df_6.0.19041.1110_none_60b5254171f9507e\COMCTL32.dll
0x00007ffd1ecb0000 - 0x00007ffd1ecdb000 	C:\WINDOWS\System32\GDI32.dll
0x00007ffd1f740000 - 0x00007ffd1f7de000 	C:\WINDOWS\System32\msvcrt.dll
0x00007ffd1d370000 - 0x00007ffd1d47f000 	C:\WINDOWS\System32\gdi32full.dll
0x00007ffd1d4f0000 - 0x00007ffd1d58d000 	C:\WINDOWS\System32\msvcp_win.dll
0x00007ffd1f640000 - 0x00007ffd1f672000 	C:\WINDOWS\System32\IMM32.DLL
0x00007ffd14ef0000 - 0x00007ffd14f8d000 	C:\Program Files\Android\Android Studio\jre\bin\msvcp140.dll
0x00007ffce4130000 - 0x00007ffce4c32000 	C:\Program Files\Android\Android Studio\jre\bin\server\jvm.dll
0x00007ffd1dfe0000 - 0x00007ffd1e08e000 	C:\WINDOWS\System32\ADVAPI32.dll
0x00007ffd1dc60000 - 0x00007ffd1dcfc000 	C:\WINDOWS\System32\sechost.dll
0x00007ffd1db30000 - 0x00007ffd1dc55000 	C:\WINDOWS\System32\RPCRT4.dll
0x00007ffd1f8d0000 - 0x00007ffd1f8d8000 	C:\WINDOWS\System32\PSAPI.DLL
0x00007ffd0c680000 - 0x00007ffd0c689000 	C:\WINDOWS\SYSTEM32\WSOCK32.dll
0x00007ffd0e780000 - 0x00007ffd0e7a7000 	C:\WINDOWS\SYSTEM32\WINMM.dll
0x00007ffd187d0000 - 0x00007ffd187da000 	C:\WINDOWS\SYSTEM32\VERSION.dll
0x00007ffd1e310000 - 0x00007ffd1e37b000 	C:\WINDOWS\System32\WS2_32.dll
0x00007ffd1ba30000 - 0x00007ffd1ba42000 	C:\WINDOWS\SYSTEM32\kernel.appcore.dll
0x00007ffd18680000 - 0x00007ffd18691000 	C:\Program Files\Android\Android Studio\jre\bin\verify.dll
0x00007ffd1ae40000 - 0x00007ffd1b024000 	C:\WINDOWS\SYSTEM32\DBGHELP.DLL
0x00007ffd05660000 - 0x00007ffd05695000 	C:\WINDOWS\SYSTEM32\dbgcore.DLL
0x00007ffd1daa0000 - 0x00007ffd1db22000 	C:\WINDOWS\System32\bcryptPrimitives.dll
0x00007ffd17310000 - 0x00007ffd17339000 	C:\Program Files\Android\Android Studio\jre\bin\java.dll
0x00007ffd17c60000 - 0x00007ffd17c6b000 	C:\Program Files\Android\Android Studio\jre\bin\jimage.dll
0x00007ffd17070000 - 0x00007ffd17088000 	C:\Program Files\Android\Android Studio\jre\bin\zip.dll
0x00007ffd1ee90000 - 0x00007ffd1f5d4000 	C:\WINDOWS\System32\SHELL32.dll
0x00007ffd1b280000 - 0x00007ffd1ba12000 	C:\WINDOWS\SYSTEM32\windows.storage.dll
0x00007ffd1e8a0000 - 0x00007ffd1ebf5000 	C:\WINDOWS\System32\combase.dll
0x00007ffd1cc40000 - 0x00007ffd1cc70000 	C:\WINDOWS\SYSTEM32\Wldp.dll
0x00007ffd1e380000 - 0x00007ffd1e42d000 	C:\WINDOWS\System32\SHCORE.dll
0x00007ffd1de20000 - 0x00007ffd1de75000 	C:\WINDOWS\System32\shlwapi.dll
0x00007ffd1d120000 - 0x00007ffd1d13f000 	C:\WINDOWS\SYSTEM32\profapi.dll
0x00007ffd15080000 - 0x00007ffd1509a000 	C:\Program Files\Android\Android Studio\jre\bin\net.dll
0x00007ffd14670000 - 0x00007ffd1477c000 	C:\WINDOWS\SYSTEM32\WINHTTP.dll
0x00007ffd1c930000 - 0x00007ffd1c99a000 	C:\WINDOWS\system32\mswsock.dll
0x00007ffd15060000 - 0x00007ffd15074000 	C:\Program Files\Android\Android Studio\jre\bin\nio.dll
0x00007ffd15170000 - 0x00007ffd15197000 	C:\Users\ASUS\.gradle\native\e1d6ef7f7dcc3fd88c89a11ec53ec762bb8ba0a96d01ffa2cd45eb1d1d8dd5c5\windows-amd64\native-platform.dll
0x00007ffcecc00000 - 0x00007ffcecd44000 	C:\Users\ASUS\.gradle\native\0d407fdbe67a94daf76414ababcb853783967236a71b16ec16e742cd7a986fd3\windows-amd64\native-platform-file-events.dll
0x00007ffd17510000 - 0x00007ffd1751a000 	C:\Program Files\Android\Android Studio\jre\bin\management.dll
0x00007ffd17060000 - 0x00007ffd1706d000 	C:\Program Files\Android\Android Studio\jre\bin\management_ext.dll
0x00007ffd1cba0000 - 0x00007ffd1cbb8000 	C:\WINDOWS\SYSTEM32\CRYPTSP.dll
0x00007ffd1c1e0000 - 0x00007ffd1c214000 	C:\WINDOWS\system32\rsaenh.dll
0x00007ffd1d790000 - 0x00007ffd1d7b7000 	C:\WINDOWS\System32\bcrypt.dll
0x00007ffd1d0e0000 - 0x00007ffd1d10e000 	C:\WINDOWS\SYSTEM32\USERENV.dll
0x00007ffd1cb90000 - 0x00007ffd1cb9c000 	C:\WINDOWS\SYSTEM32\CRYPTBASE.dll
0x00007ffd1c5b0000 - 0x00007ffd1c5eb000 	C:\WINDOWS\SYSTEM32\IPHLPAPI.DLL
0x00007ffd1dfd0000 - 0x00007ffd1dfd8000 	C:\WINDOWS\System32\NSI.dll
0x00007ffd15330000 - 0x00007ffd15347000 	C:\WINDOWS\SYSTEM32\dhcpcsvc6.DLL
0x00007ffd161f0000 - 0x00007ffd1620d000 	C:\WINDOWS\SYSTEM32\dhcpcsvc.DLL
0x00007ffd1c5f0000 - 0x00007ffd1c6ba000 	C:\WINDOWS\SYSTEM32\DNSAPI.dll

dbghelp: loaded successfully - version: 4.0.5 - missing functions: none
symbol engine: initialized successfully - sym options: 0x614 - pdb path: .;C:\Program Files\Android\Android Studio\jre\bin;C:\WINDOWS\SYSTEM32;C:\WINDOWS\WinSxS\amd64_microsoft.windows.common-controls_6595b64144ccf1df_6.0.19041.1110_none_60b5254171f9507e;C:\Program Files\Android\Android Studio\jre\bin\server;C:\Users\ASUS\.gradle\native\e1d6ef7f7dcc3fd88c89a11ec53ec762bb8ba0a96d01ffa2cd45eb1d1d8dd5c5\windows-amd64;C:\Users\ASUS\.gradle\native\0d407fdbe67a94daf76414ababcb853783967236a71b16ec16e742cd7a986fd3\windows-amd64

VM Arguments:
jvm_args: --add-opens=java.base/java.util=ALL-UNNAMED --add-opens=java.base/java.lang=ALL-UNNAMED --add-opens=java.base/java.lang.invoke=ALL-UNNAMED --add-opens=java.base/java.util=ALL-UNNAMED --add-opens=java.prefs/java.util.prefs=ALL-UNNAMED --add-opens=java.prefs/java.util.prefs=ALL-UNNAMED --add-opens=java.base/java.nio.charset=ALL-UNNAMED --add-opens=java.base/java.net=ALL-UNNAMED --add-opens=java.base/java.util.concurrent.atomic=ALL-UNNAMED -Xmx2048m -Dfile.encoding=UTF-8 -Duser.country=US -Duser.language=en -Duser.variant 
java_command: org.gradle.launcher.daemon.bootstrap.GradleDaemon 7.4
java_class_path (initial): C:\Users\ASUS\.gradle\wrapper\dists\gradle-7.4-bin\c0gwcg53nkjbqw7r0h0umtfvt\gradle-7.4\lib\gradle-launcher-7.4.jar
Launcher Type: SUN_STANDARD

[Global flags]
     intx CICompilerCount                          = 3                                         {product} {ergonomic}
     uint ConcGCThreads                            = 1                                         {product} {ergonomic}
     uint G1ConcRefinementThreads                  = 4                                         {product} {ergonomic}
   size_t G1HeapRegionSize                         = 1048576                                   {product} {ergonomic}
    uintx GCDrainStackTargetSize                   = 64                                        {product} {ergonomic}
   size_t InitialHeapSize                          = 134217728                                 {product} {ergonomic}
   size_t MarkStackSize                            = 4194304                                   {product} {ergonomic}
   size_t MaxHeapSize                              = 2147483648                                {product} {command line}
   size_t MaxNewSize                               = 1287651328                                {product} {ergonomic}
   size_t MinHeapDeltaBytes                        = 1048576                                   {product} {ergonomic}
    uintx NonNMethodCodeHeapSize                   = 5830732                                {pd product} {ergonomic}
    uintx NonProfiledCodeHeapSize                  = 122913754                              {pd product} {ergonomic}
    uintx ProfiledCodeHeapSize                     = 122913754                              {pd product} {ergonomic}
    uintx ReservedCodeCacheSize                    = 251658240                              {pd product} {ergonomic}
     bool SegmentedCodeCache                       = true                                      {product} {ergonomic}
     bool UseCompressedClassPointers               = true                                 {lp64_product} {ergonomic}
     bool UseCompressedOops                        = true                                 {lp64_product} {ergonomic}
     bool UseG1GC                                  = true                                      {product} {ergonomic}
     bool UseLargePagesIndividualAllocation        = false                                  {pd product} {ergonomic}

Logging:
Log output configuration:
 #0: stdout all=warning uptime,level,tags
 #1: stderr all=off uptime,level,tags

Environment Variables:
JAVA_HOME=C:\Program Files\Android\Android Studio\jre
PATH=C:\ProgramData\Oracle\Java\javapath;C:\Program Files (x86)\Common Files\Oracle\Java\javapath;C:\Program Files (x86)\Common Files\Intel\Shared Libraries\redist\intel64\compiler;C:\Program Files (x86)\Common Files\Intel\Shared Files\cpp\bin\Intel64;C:\Windows\system32;C:\Windows;C:\Windows\System32\Wbem;C:\Windows\System32\WindowsPowerShell\v1.0\;C:\Program Files (x86)\NVIDIA Corporation\PhysX\Common;C:\WINDOWS\system32;C:\WINDOWS;C:\WINDOWS\System32\Wbem;C:\WINDOWS\System32\WindowsPowerShell\v1.0\;C:\WINDOWS\System32\OpenSSH\;C:\mingw-w64\mingw64\bin;C:\Program Files (x86)\QuickTime Alternative\QTSystem;C:\Program Files\Java\jdk-13.0.2\bin;?D:\gradle-6.4\bin;C:\Program Files\Java\jdk-13.0.2\bin;C:\Windows\System32;C:\Program Files\PuTTY\;C:\laragon\bin\php\php-8.1.3-Win32-vs16-x64;C:\composer;C:\Ruby27-x64\bin;C:\oraclexe\app\oracle\product\10.2.0\server\bin;C:\Users\ASUS\AppData\Local\Microsoft\WindowsApps;C:\Users\ASUS\AppData\Local\Programs\Microsoft VS Cod;C:\Users\ASUS\AppData\Ro;C:\Program Files\dotnet;C:\Program Files\dotnet\;C:\Users\ASUS\AppData\Roaming\Composer\vendor\bin;D:\Program Files\MATHLAB\R2013a\runtime\win64;D:\Program Files\MATHLAB\R2013a\bin;C:\laragon\bin\nodejs\node-v16.14.2-win-x64;C:\Program Files\Git\cmd;C:\laragon\bin;C:\laragon\bin\apache\httpd-2.4.35-win64-VC15\bin;C:\laragon\bin\composer;C:\laragon\bin\git\bin;C:\laragon\bin\git\cmd;C:\laragon\bin\git\mingw64\bin;C:\laragon\bin\git\usr\bin;C:\laragon\bin\laragon\utils;C:\laragon\bin\mysql\mysql-5.7.24-winx64\bin;C:\laragon\bin\nginx\nginx-1.16.0;C:\laragon\bin\ngrok;C:\laragon\bin\nodejs\node-v16.14.2-win-x64;C:\laragon\bin\notepad++;C:\laragon\bin\php\php-8.1.3-Win32-vs16-x64;C:\laragon\bin\putty;C:\laragon\bin\redis\redis-x64-3.2.100;C:\laragon\bin\telnet;C:\laragon\usr\bin;C:\Users\ASUS\AppData\Local\Yarn\config\global\node_modules\.bin;C:\Users\ASUS\AppData\Roaming\Composer\vendor\bin;C:\Users\ASUS\AppData\Roaming\npm;C:\Users\ASUS\AppData\Local\Programs\Python\Python310\Scripts\;C
USERNAME=ASUS
OS=Windows_NT
PROCESSOR_IDENTIFIER=Intel64 Family 6 Model 78 Stepping 3, GenuineIntel



---------------  S Y S T E M  ---------------

OS: Windows 10 , 64 bit Build 19041 (10.0.19041.2364)
OS uptime: 0 days 17:46 hours

CPU:total 4 (initial active 4) (2 cores per cpu, 2 threads per core) family 6 model 78 stepping 3 microcode 0xcc, cmov, cx8, fxsr, mmx, sse, sse2, sse3, ssse3, sse4.1, sse4.2, popcnt, avx, avx2, aes, clmul, erms, 3dnowpref, lzcnt, ht, tsc, tscinvbit, bmi1, bmi2, adx, fma

Memory: 4k page, system-wide physical 8091M (883M free)
TotalPageFile size 10139M (AvailPageFile size 5M)
current process WorkingSet (physical memory assigned to process): 287M, peak: 287M
current process commit charge ("private bytes"): 345M, peak: 346M

vm_info: OpenJDK 64-Bit Server VM (11.0.13+0-b1751.21-8125866) for windows-amd64 JRE (11.0.13+0-b1751.21-8125866), built on Feb  2 2022 03:00:22 by "builder" with MS VC++ 14.0 (VS2015)

END.
